<!DOCTYPE html>
<html lang="en">
<head>
<title>#4EJS - Invalid tabs as indendation in a mapping - YAML Test Matrix</title>
<meta charset='utf-8'>
<link rel="stylesheet" type="text/css" href="../css/yaml.css">
<link rel="stylesheet" type="text/css" href="../css/matrix.css">
<link rel="icon" type="image/x-icon" href="http://www.yaml.io/favicon.ico">
</head>
<body>

<h1><a href="../index.html"><tt># YAML Test Matrix</tt></a></h1>
<h2><tt>--- <a
href="https://github.com/yaml/yaml-test-suite/blob/master/test/4EJS.tml">&test-4EJS</a><br>
&nbsp;&nbsp;Title: Invalid tabs as indendation in a mapping</br>
&nbsp;&nbsp;Tags: [ error, mapping, whitespace ]</tt></h2>

<div class="framework" id="yaml"><h3><a href="#yaml">YAML</a></h3><pre>---
a:
	b:
		c: value
</pre></div>
<div class="framework" id="events"><h3><a href="#events">Expected Events</a></h3><pre>+STR
+DOC ---
+MAP
=VAL :a
</pre></div>
<div class="framework" id="json"><h3><a href="#json">Expected JSON</a></h3>
<pre></pre>
</div>
<hr style="clear: both;">
   <div class="framework framework_box_invalid_incorrect" id="js-jsyaml-json">
<h3><a href="#js-jsyaml-json">js-jsyaml-json</a></h3>
<span class="status_box color_invalid_incorrect">&nbsp;</span>invalid_incorrect <pre>{&quot;a&quot;:null,&quot;b&quot;:null,&quot;c&quot;:&quot;value&quot;}
</pre>
 </div>


  <div class="framework framework_box_invalid_incorrect" id="nim-nimyaml-event">
<h3><a href="#nim-nimyaml-event">nim-nimyaml-event</a></h3>
<span class="status_box color_invalid_incorrect">&nbsp;</span>invalid_incorrect <pre>+STR
+DOC ---
+MAP
=VAL :a
=VAL :
=VAL :b
=VAL :
=VAL :c
=VAL :value
-MAP
-DOC
-STR
</pre>
 </div>


  <div class="framework framework_box_invalid_incorrect" id="perl-tiny-json">
<h3><a href="#perl-tiny-json">perl-tiny-json</a></h3>
<span class="status_box color_invalid_incorrect">&nbsp;</span>invalid_incorrect <pre>{
   &quot;a&quot; : {
      &quot;b&quot; : {
         &quot;c&quot; : &quot;value&quot;
      }
   }
}
</pre>
 </div>


  <div class="framework framework_box_invalid_incorrect" id="perl-tiny-perl">
<h3><a href="#perl-tiny-perl">perl-tiny-perl</a></h3>
<span class="status_box color_invalid_incorrect">&nbsp;</span>invalid_incorrect <pre>{
  &#39;a&#39; =&gt; {
           &#39;b&#39; =&gt; {
                    &#39;c&#39; =&gt; &#39;value&#39;
                  }
         }
}
</pre>
 </div>


 <hr style="clear: both;">    <div class="framework framework_box_invalid_correct" id="c-libfyaml-event">
<h3><a href="#c-libfyaml-event">c-libfyaml-event</a></h3>
<span class="status_box color_invalid_correct">&nbsp;</span>invalid_correct <pre>stdin:3:1: error: invalid tab as indendation in a mapping
	b:
^~~~~~~~
+STR
+DOC ---
+MAP
=VAL :a
</pre>
 </div>


  <div class="framework framework_box_invalid_correct" id="c-libfyaml-json">
<h3><a href="#c-libfyaml-json">c-libfyaml-json</a></h3>
<span class="status_box color_invalid_correct">&nbsp;</span>invalid_correct <pre>stdin:3:1: error: invalid tab as indendation in a mapping
	b:
^~~~~~~~
</pre>
 </div>


  <div class="framework framework_box_invalid_correct" id="c-libyaml-event">
<h3><a href="#c-libyaml-event">c-libyaml-event</a></h3>
<span class="status_box color_invalid_correct">&nbsp;</span>invalid_correct <pre>Parse error: found character that cannot start any token
+STR
+DOC ---
+MAP
=VAL :a
</pre>
 </div>


  <div class="framework framework_box_invalid_correct" id="cpp-yamlcpp-event">
<h3><a href="#cpp-yamlcpp-event">cpp-yamlcpp-event</a></h3>
<span class="status_box color_invalid_correct">&nbsp;</span>invalid_correct <pre>Exception:
yaml-cpp: error at line 3, column 3: illegal map value
+STR
+DOC
+MAP
=VAL :a
=VAL :b
</pre>
 </div>


  <div class="framework framework_box_invalid_correct" id="dotnet-yamldotnet-event">
<h3><a href="#dotnet-yamldotnet-event">dotnet-yamldotnet-event</a></h3>
<span class="status_box color_invalid_correct">&nbsp;</span>invalid_correct <pre>Unhandled exception. YamlDotNet.Core.SemanticErrorException: (Line: 4, Col: 3, Idx: 13) - (Line: 4, Col: 3, Idx: 13): While parsing a block mapping, did not find expected key.
   at YamlDotNet.Core.Parser.ParseBlockMappingKey(Boolean isFirst)
   at YamlDotNet.Core.Parser.StateMachine()
   at YamlDotNet.Core.Parser.MoveNext()
   at Program.ConvertToLibYamlStyleAnnotatedEventStream(TextReader textReader, TextWriter textWriter)
   at Program.Main(String[] commandLineArguments)
Aborted (core dumped)
+STR
+DOC ---
+MAP
=VAL :a
+MAP
=VAL :b
=VAL :
-MAP
</pre>
 </div>


  <div class="framework framework_box_invalid_correct" id="dotnet-yamldotnet-json">
<h3><a href="#dotnet-yamldotnet-json">dotnet-yamldotnet-json</a></h3>
<span class="status_box color_invalid_correct">&nbsp;</span>invalid_correct <pre>Unhandled exception. YamlDotNet.Core.SemanticErrorException: (Line: 4, Col: 3, Idx: 13) - (Line: 4, Col: 3, Idx: 13): While parsing a block mapping, did not find expected key.
   at YamlDotNet.Core.Parser.ParseBlockMappingKey(Boolean isFirst)
   at YamlDotNet.Core.Parser.StateMachine()
   at YamlDotNet.Core.Parser.MoveNext()
   at YamlDotNet.Core.ParserExtensions.Allow[T](IParser parser)
   at YamlDotNet.Core.ParserExtensions.Expect[T](IParser parser)
   at YamlDotNet.Serialization.NodeDeserializers.DictionaryNodeDeserializer.DeserializeHelper(Type tKey, Type tValue, IParser parser, Func`3 nestedObjectDeserializer, IDictionary result)
   at YamlDotNet.Serialization.NodeDeserializers.DictionaryNodeDeserializer.YamlDotNet.Serialization.INodeDeserializer.Deserialize(IParser parser, Type expectedType, Func`3 nestedObjectDeserializer, Object&amp; value)
   at YamlDotNet.Serialization.ValueDeserializers.NodeValueDeserializer.DeserializeValue(IParser parser, Type expectedType, SerializerState state, IValueDeserializer nestedObjectDeserializer)
   at YamlDotNet.Serialization.ValueDeserializers.AliasValueDeserializer.DeserializeValue(IParser parser, Type expectedType, SerializerState state, IValueDeserializer nestedObjectDeserializer)
   at YamlDotNet.Serialization.ValueDeserializers.NodeValueDeserializer.&lt;&gt;c__DisplayClass3_0.&lt;DeserializeValue&gt;b__0(IParser r, Type t)
   at YamlDotNet.Serialization.NodeDeserializers.DictionaryNodeDeserializer.DeserializeHelper(Type tKey, Type tValue, IParser parser, Func`3 nestedObjectDeserializer, IDictionary result)
   at YamlDotNet.Serialization.NodeDeserializers.DictionaryNodeDeserializer.YamlDotNet.Serialization.INodeDeserializer.Deserialize(IParser parser, Type expectedType, Func`3 nestedObjectDeserializer, Object&amp; value)
   at YamlDotNet.Serialization.ValueDeserializers.NodeValueDeserializer.DeserializeValue(IParser parser, Type expectedType, SerializerState state, IValueDeserializer nestedObjectDeserializer)
   at YamlDotNet.Serialization.ValueDeserializers.AliasValueDeserializer.DeserializeValue(IParser parser, Type expectedType, SerializerState state, IValueDeserializer nestedObjectDeserializer)
   at YamlDotNet.Serialization.Deserializer.Deserialize(IParser parser, Type type)
   at YamlDotNet.Serialization.Deserializer.Deserialize(TextReader input, Type type)
   at YamlDotNet.Serialization.Deserializer.Deserialize(TextReader input)
   at Program.Main(String[] commandLineArguments)
Aborted (core dumped)
</pre>
 </div>


  <div class="framework framework_box_invalid_correct" id="hs-hsyaml-event">
<h3><a href="#hs-hsyaml-event">hs-hsyaml-event</a></h3>
<span class="status_box color_invalid_correct">&nbsp;</span>invalid_correct <pre>Parsing error near byte offset Pos {posByteOffset = 7, posCharOffset = 7, posLine = 3, posColumn = 0} (Unexpected &#39;	&#39;)
+STR
+DOC ---
+MAP
=VAL :a
=VAL :
-MAP
-DOC
</pre>
 </div>


  <div class="framework framework_box_invalid_correct" id="hs-hsyaml-json">
<h3><a href="#hs-hsyaml-json">hs-hsyaml-json</a></h3>
<span class="status_box color_invalid_correct">&nbsp;</span>invalid_correct <pre>hsyaml-parser: user error (Unexpected &#39;	&#39;)
</pre>
 </div>


  <div class="framework framework_box_invalid_correct" id="java-snakeyaml-event">
<h3><a href="#java-snakeyaml-event">java-snakeyaml-event</a></h3>
<span class="status_box color_invalid_correct">&nbsp;</span>invalid_correct <pre>Exception in thread &quot;main&quot; while scanning for the next token
found character &#39;\t(TAB)&#39; that cannot start any token. (Do not use \t(TAB) for indentation)
 in &#39;reader&#39;, line 3, column 1:
    	b:
    ^

	at org.yaml.snakeyaml.scanner.ScannerImpl.fetchMoreTokens(ScannerImpl.java:419)
	at org.yaml.snakeyaml.scanner.ScannerImpl.checkToken(ScannerImpl.java:227)
	at org.yaml.snakeyaml.parser.ParserImpl$ParseBlockMappingValue.produce(ParserImpl.java:586)
	at org.yaml.snakeyaml.parser.ParserImpl.peekEvent(ParserImpl.java:158)
	at org.yaml.snakeyaml.Yaml$3.hasNext(Yaml.java:654)
	at org.yaml.editor.Snake2Events.yamlToEvents(Snake2Events.java:111)
	at org.yaml.editor.Snake2Events.main(Snake2Events.java:119)
</pre>
 </div>


  <div class="framework framework_box_invalid_correct" id="java-snakeyaml-json">
<h3><a href="#java-snakeyaml-json">java-snakeyaml-json</a></h3>
<span class="status_box color_invalid_correct">&nbsp;</span>invalid_correct <pre>Exception in thread &quot;main&quot; while scanning for the next token
found character &#39;\t(TAB)&#39; that cannot start any token. (Do not use \t(TAB) for indentation)
 in &#39;reader&#39;, line 3, column 1:
    	b:
    ^

	at org.yaml.snakeyaml.scanner.ScannerImpl.fetchMoreTokens(ScannerImpl.java:419)
	at org.yaml.snakeyaml.scanner.ScannerImpl.checkToken(ScannerImpl.java:227)
	at org.yaml.snakeyaml.parser.ParserImpl$ParseBlockMappingValue.produce(ParserImpl.java:586)
	at org.yaml.snakeyaml.parser.ParserImpl.peekEvent(ParserImpl.java:158)
	at org.yaml.snakeyaml.parser.ParserImpl.checkEvent(ParserImpl.java:148)
	at org.yaml.snakeyaml.composer.Composer.composeNode(Composer.java:136)
	at org.yaml.snakeyaml.composer.Composer.composeValueNode(Composer.java:257)
	at org.yaml.snakeyaml.composer.Composer.composeMappingChildren(Composer.java:248)
	at org.yaml.snakeyaml.composer.Composer.composeMappingNode(Composer.java:236)
	at org.yaml.snakeyaml.composer.Composer.composeNode(Composer.java:162)
	at org.yaml.snakeyaml.composer.Composer.getNode(Composer.java:95)
	at org.yaml.snakeyaml.constructor.BaseConstructor.getData(BaseConstructor.java:134)
	at org.yaml.snakeyaml.Yaml$1.next(Yaml.java:494)
	at org.yaml.editor.Snake2Json.yamlToJson(Snake2Json.java:18)
	at org.yaml.editor.Snake2Json.main(Snake2Json.java:25)
</pre>
 </div>


  <div class="framework framework_box_invalid_correct" id="js-yaml-event">
<h3><a href="#js-yaml-event">js-yaml-event</a></h3>
<span class="status_box color_invalid_correct">&nbsp;</span>invalid_correct <pre>Plain value cannot start with a tab character
+STR
+DOC ---
+MAP
=VAL :a
=VAL :
</pre>
 </div>


  <div class="framework framework_box_invalid_correct" id="js-yaml-json">
<h3><a href="#js-yaml-json">js-yaml-json</a></h3>
<span class="status_box color_invalid_correct">&nbsp;</span>invalid_correct <pre>/yaml/bin/js-yaml-json:8
  if (doc.errors.length !== 0) throw doc.errors[0]
                               ^

YAMLSemanticError: Plain value cannot start with a tab character
    at PlainValue.get strValue [as strValue] (/node/node_modules/yaml/dist/PlainValue-ec8e588e.js:762:27)
    at resolveString (/node/node_modules/yaml/dist/resolveSeq-4a68b39b.js:1282:20)
    at resolveNodeValue (/node/node_modules/yaml/dist/resolveSeq-4a68b39b.js:1544:17)
    at resolveNode (/node/node_modules/yaml/dist/resolveSeq-4a68b39b.js:1583:15)
    at resolveBlockMapItems (/node/node_modules/yaml/dist/resolveSeq-4a68b39b.js:1792:15)
    at Object.resolveMap [as resolve] (/node/node_modules/yaml/dist/resolveSeq-4a68b39b.js:1612:79)
    at resolveByTagName (/node/node_modules/yaml/dist/resolveSeq-4a68b39b.js:1384:25)
    at resolveTag (/node/node_modules/yaml/dist/resolveSeq-4a68b39b.js:1414:17)
    at resolveNodeValue (/node/node_modules/yaml/dist/resolveSeq-4a68b39b.js:1535:23)
    at Object.resolveNode (/node/node_modules/yaml/dist/resolveSeq-4a68b39b.js:1583:15)
</pre>
 </div>


  <div class="framework framework_box_invalid_correct" id="lua-lyaml-json">
<h3><a href="#lua-lyaml-json">lua-lyaml-json</a></h3>
<span class="status_box color_invalid_correct">&nbsp;</span>invalid_correct <pre>luajit: 2:1: found character that cannot start any token
stack traceback:
	[C]: in function &#39;error&#39;
	/usr/local/share/lua/5.1/lyaml/init.lua:291: in function &#39;error&#39;
	/usr/local/share/lua/5.1/lyaml/init.lua:310: in function &#39;parse&#39;
	/usr/local/share/lua/5.1/lyaml/init.lua:428: in function &#39;load_node&#39;
	/usr/local/share/lua/5.1/lyaml/init.lua:363: in function &#39;load_node&#39;
	/usr/local/share/lua/5.1/lyaml/init.lua:482: in function &#39;load&#39;
	/yaml/bin/lua-lyaml-json:6: in main chunk
	[C]: at 0x55bada372f97
</pre>
 </div>


  <div class="framework framework_box_invalid_correct" id="perl-pp-event">
<h3><a href="#perl-pp-event">perl-pp-event</a></h3>
<span class="status_box color_invalid_correct">&nbsp;</span>invalid_correct <pre>Line      : 3
Column    : 1
Expected  : ALIAS COLON DOC_END DOC_START EOL PLAIN QUESTION QUOTED
Got       : WS
Where     : /perl5/lib/perl5/YAML/PP/Parser.pm line 386
YAML      : &quot;\tb:\n&quot;
  at /yaml/bin/perl-pp-event line 25.
+STR
+DOC ---
+MAP
=VAL :a
=VAL :
</pre>
 </div>


  <div class="framework framework_box_invalid_correct" id="perl-pp-json">
<h3><a href="#perl-pp-json">perl-pp-json</a></h3>
<span class="status_box color_invalid_correct">&nbsp;</span>invalid_correct <pre>Line      : 3
Column    : 1
Expected  : ALIAS COLON DOC_END DOC_START EOL PLAIN QUESTION QUOTED
Got       : WS
Where     : /perl5/lib/perl5/YAML/PP/Parser.pm line 386
YAML      : &quot;\tb:\n&quot;
  at /perl5/lib/perl5/YAML/PP/Loader.pm line 92.
</pre>
 </div>


  <div class="framework framework_box_invalid_correct" id="perl-pp-perl">
<h3><a href="#perl-pp-perl">perl-pp-perl</a></h3>
<span class="status_box color_invalid_correct">&nbsp;</span>invalid_correct <pre>Line      : 3
Column    : 1
Expected  : ALIAS COLON DOC_END DOC_START EOL PLAIN QUESTION QUOTED
Got       : WS
Where     : /perl5/lib/perl5/YAML/PP/Parser.pm line 386
YAML      : &quot;\tb:\n&quot;
  at /perl5/lib/perl5/YAML/PP/Loader.pm line 92.
</pre>
 </div>


  <div class="framework framework_box_invalid_correct" id="perl-pplibyaml-event">
<h3><a href="#perl-pplibyaml-event">perl-pplibyaml-event</a></h3>
<span class="status_box color_invalid_correct">&nbsp;</span>invalid_correct <pre>YAML::PP::LibYAML Error: The problem:

    found character that cannot start any token

was found at , line: 3, column: 1
while scanning for the next token at line: 3, column: 1
</pre>
 </div>


  <div class="framework framework_box_invalid_correct" id="perl-pplibyaml-json">
<h3><a href="#perl-pplibyaml-json">perl-pplibyaml-json</a></h3>
<span class="status_box color_invalid_correct">&nbsp;</span>invalid_correct <pre>YAML::PP::LibYAML Error: The problem:

    found character that cannot start any token

was found at , line: 3, column: 1
while scanning for the next token at line: 3, column: 1
</pre>
 </div>


  <div class="framework framework_box_invalid_correct" id="perl-pplibyaml-perl">
<h3><a href="#perl-pplibyaml-perl">perl-pplibyaml-perl</a></h3>
<span class="status_box color_invalid_correct">&nbsp;</span>invalid_correct <pre>YAML::PP::LibYAML Error: The problem:

    found character that cannot start any token

was found at , line: 3, column: 1
while scanning for the next token at line: 3, column: 1
</pre>
 </div>


  <div class="framework framework_box_invalid_correct" id="perl-syck-json">
<h3><a href="#perl-syck-json">perl-syck-json</a></h3>
<span class="status_box color_invalid_correct">&nbsp;</span>invalid_correct <pre>Syck parser (line 3, column 3): syntax error at /perl5/lib/perl5/x86_64-linux-thread-multi/YAML/Syck.pm line 60, &lt;&gt; line 1.
</pre>
 </div>


  <div class="framework framework_box_invalid_correct" id="perl-syck-perl">
<h3><a href="#perl-syck-perl">perl-syck-perl</a></h3>
<span class="status_box color_invalid_correct">&nbsp;</span>invalid_correct <pre>Syck parser (line 3, column 3): syntax error at /perl5/lib/perl5/x86_64-linux-thread-multi/YAML/Syck.pm line 60, &lt;&gt; line 1.
</pre>
 </div>


  <div class="framework framework_box_invalid_correct" id="perl-xs-json">
<h3><a href="#perl-xs-json">perl-xs-json</a></h3>
<span class="status_box color_invalid_correct">&nbsp;</span>invalid_correct <pre>YAML::XS::Load Error: The problem:

    found character that cannot start any token

was found at document: 1, line: 3, column: 1
while scanning for the next token at line: 3, column: 1
</pre>
 </div>


  <div class="framework framework_box_invalid_correct" id="perl-xs-perl">
<h3><a href="#perl-xs-perl">perl-xs-perl</a></h3>
<span class="status_box color_invalid_correct">&nbsp;</span>invalid_correct <pre>YAML::XS::Load Error: The problem:

    found character that cannot start any token

was found at document: 1, line: 3, column: 1
while scanning for the next token at line: 3, column: 1
</pre>
 </div>


  <div class="framework framework_box_invalid_correct" id="perl-yaml-json">
<h3><a href="#perl-yaml-json">perl-yaml-json</a></h3>
<span class="status_box color_invalid_correct">&nbsp;</span>invalid_correct <pre>YAML Error: YAML_PARSE_ERR_NONSPACE_INDENTATION
   Code: YAML_PARSE_ERR_NONSPACE_INDENTATION
   Line: 3
   Document: 1
 at /perl5/lib/perl5/YAML/Loader.pm line 748.
</pre>
 </div>


  <div class="framework framework_box_invalid_correct" id="perl-yaml-perl">
<h3><a href="#perl-yaml-perl">perl-yaml-perl</a></h3>
<span class="status_box color_invalid_correct">&nbsp;</span>invalid_correct <pre>YAML Error: YAML_PARSE_ERR_NONSPACE_INDENTATION
   Code: YAML_PARSE_ERR_NONSPACE_INDENTATION
   Line: 3
   Document: 1
 at /perl5/lib/perl5/YAML/Loader.pm line 748.
</pre>
 </div>


  <div class="framework framework_box_invalid_correct" id="py-pyyaml-event">
<h3><a href="#py-pyyaml-event">py-pyyaml-event</a></h3>
<span class="status_box color_invalid_correct">&nbsp;</span>invalid_correct <pre>Traceback (most recent call last):
  File &quot;/yaml/bin/py-pyyaml-event&quot;, line 7, in &lt;module&gt;
    for event in yaml.parse(sys.stdin.read()):
  File &quot;/python/lib/python3.7/site-packages/yaml/__init__.py&quot;, line 75, in parse
    while loader.check_event():
  File &quot;/python/lib/python3.7/site-packages/yaml/parser.py&quot;, line 98, in check_event
    self.current_event = self.state()
  File &quot;/python/lib/python3.7/site-packages/yaml/parser.py&quot;, line 449, in parse_block_mapping_value
    if not self.check_token(KeyToken, ValueToken, BlockEndToken):
  File &quot;/python/lib/python3.7/site-packages/yaml/scanner.py&quot;, line 116, in check_token
    self.fetch_more_tokens()
  File &quot;/python/lib/python3.7/site-packages/yaml/scanner.py&quot;, line 260, in fetch_more_tokens
    self.get_mark())
yaml.scanner.ScannerError: while scanning for the next token
found character &#39;\t&#39; that cannot start any token
  in &quot;&lt;unicode string&gt;&quot;, line 3, column 1:
    	b:
    ^
+STR
+DOC ---
+MAP
=VAL :a
</pre>
 </div>


  <div class="framework framework_box_invalid_correct" id="py-pyyaml-json">
<h3><a href="#py-pyyaml-json">py-pyyaml-json</a></h3>
<span class="status_box color_invalid_correct">&nbsp;</span>invalid_correct <pre>Traceback (most recent call last):
  File &quot;/yaml/bin/py-pyyaml-json&quot;, line 19, in &lt;module&gt;
    for doc in yaml.load_all(sys.stdin.read(), Loader=yaml.FullLoader):
  File &quot;/python/lib/python3.7/site-packages/yaml/__init__.py&quot;, line 130, in load_all
    yield loader.get_data()
  File &quot;/python/lib/python3.7/site-packages/yaml/constructor.py&quot;, line 45, in get_data
    return self.construct_document(self.get_node())
  File &quot;/python/lib/python3.7/site-packages/yaml/composer.py&quot;, line 27, in get_node
    return self.compose_document()
  File &quot;/python/lib/python3.7/site-packages/yaml/composer.py&quot;, line 55, in compose_document
    node = self.compose_node(None, None)
  File &quot;/python/lib/python3.7/site-packages/yaml/composer.py&quot;, line 84, in compose_node
    node = self.compose_mapping_node(anchor)
  File &quot;/python/lib/python3.7/site-packages/yaml/composer.py&quot;, line 133, in compose_mapping_node
    item_value = self.compose_node(node, item_key)
  File &quot;/python/lib/python3.7/site-packages/yaml/composer.py&quot;, line 64, in compose_node
    if self.check_event(AliasEvent):
  File &quot;/python/lib/python3.7/site-packages/yaml/parser.py&quot;, line 98, in check_event
    self.current_event = self.state()
  File &quot;/python/lib/python3.7/site-packages/yaml/parser.py&quot;, line 449, in parse_block_mapping_value
    if not self.check_token(KeyToken, ValueToken, BlockEndToken):
  File &quot;/python/lib/python3.7/site-packages/yaml/scanner.py&quot;, line 116, in check_token
    self.fetch_more_tokens()
  File &quot;/python/lib/python3.7/site-packages/yaml/scanner.py&quot;, line 260, in fetch_more_tokens
    self.get_mark())
yaml.scanner.ScannerError: while scanning for the next token
found character &#39;\t&#39; that cannot start any token
  in &quot;&lt;unicode string&gt;&quot;, line 3, column 1:
    	b:
    ^
</pre>
 </div>


  <div class="framework framework_box_invalid_correct" id="py-pyyaml-py">
<h3><a href="#py-pyyaml-py">py-pyyaml-py</a></h3>
<span class="status_box color_invalid_correct">&nbsp;</span>invalid_correct <pre>Traceback (most recent call last):
  File &quot;/yaml/bin/py-pyyaml-py&quot;, line 36, in &lt;module&gt;
    for doc in yaml.load_all(sys.stdin.read(), Loader=yaml.FullLoader):
  File &quot;/python/lib/python3.7/site-packages/yaml/__init__.py&quot;, line 130, in load_all
    yield loader.get_data()
  File &quot;/python/lib/python3.7/site-packages/yaml/constructor.py&quot;, line 45, in get_data
    return self.construct_document(self.get_node())
  File &quot;/python/lib/python3.7/site-packages/yaml/composer.py&quot;, line 27, in get_node
    return self.compose_document()
  File &quot;/python/lib/python3.7/site-packages/yaml/composer.py&quot;, line 55, in compose_document
    node = self.compose_node(None, None)
  File &quot;/python/lib/python3.7/site-packages/yaml/composer.py&quot;, line 84, in compose_node
    node = self.compose_mapping_node(anchor)
  File &quot;/python/lib/python3.7/site-packages/yaml/composer.py&quot;, line 133, in compose_mapping_node
    item_value = self.compose_node(node, item_key)
  File &quot;/python/lib/python3.7/site-packages/yaml/composer.py&quot;, line 64, in compose_node
    if self.check_event(AliasEvent):
  File &quot;/python/lib/python3.7/site-packages/yaml/parser.py&quot;, line 98, in check_event
    self.current_event = self.state()
  File &quot;/python/lib/python3.7/site-packages/yaml/parser.py&quot;, line 449, in parse_block_mapping_value
    if not self.check_token(KeyToken, ValueToken, BlockEndToken):
  File &quot;/python/lib/python3.7/site-packages/yaml/scanner.py&quot;, line 116, in check_token
    self.fetch_more_tokens()
  File &quot;/python/lib/python3.7/site-packages/yaml/scanner.py&quot;, line 260, in fetch_more_tokens
    self.get_mark())
yaml.scanner.ScannerError: while scanning for the next token
found character &#39;\t&#39; that cannot start any token
  in &quot;&lt;unicode string&gt;&quot;, line 3, column 1:
    	b:
    ^
</pre>
 </div>


  <div class="framework framework_box_invalid_correct" id="py-ruamel-event">
<h3><a href="#py-ruamel-event">py-ruamel-event</a></h3>
<span class="status_box color_invalid_correct">&nbsp;</span>invalid_correct <pre>Traceback (most recent call last):
  File &quot;/yaml/bin/py-ruamel-event&quot;, line 7, in &lt;module&gt;
    for event in ruamel.yaml.parse(sys.stdin.read()):
  File &quot;/python/lib/python3.7/site-packages/ruamel/yaml/main.py&quot;, line 907, in parse
    while loader._parser.check_event():
  File &quot;/python/lib/python3.7/site-packages/ruamel/yaml/parser.py&quot;, line 140, in check_event
    self.current_event = self.state()
  File &quot;/python/lib/python3.7/site-packages/ruamel/yaml/parser.py&quot;, line 603, in parse_block_mapping_value
    if self.scanner.check_token(ValueToken):
  File &quot;/python/lib/python3.7/site-packages/ruamel/yaml/scanner.py&quot;, line 170, in check_token
    self.fetch_more_tokens()
  File &quot;/python/lib/python3.7/site-packages/ruamel/yaml/scanner.py&quot;, line 322, in fetch_more_tokens
    self.reader.get_mark(),
ruamel.yaml.scanner.ScannerError: while scanning for the next token
found character &#39;\t&#39; that cannot start any token
  in &quot;&lt;unicode string&gt;&quot;, line 3, column 1:
    	b:
    ^ (line: 3)
+STR
+DOC ---
+MAP
=VAL :a
</pre>
 </div>


  <div class="framework framework_box_invalid_correct" id="py-ruamel-json">
<h3><a href="#py-ruamel-json">py-ruamel-json</a></h3>
<span class="status_box color_invalid_correct">&nbsp;</span>invalid_correct <pre>Traceback (most recent call last):
  File &quot;/yaml/bin/py-ruamel-json&quot;, line 19, in &lt;module&gt;
    for doc in ruamel.yaml.load_all(sys.stdin.read(), Loader=ruamel.yaml.Loader):
  File &quot;/python/lib/python3.7/site-packages/ruamel/yaml/main.py&quot;, line 976, in load_all
    yield loader._constructor.get_data()
  File &quot;/python/lib/python3.7/site-packages/ruamel/yaml/constructor.py&quot;, line 106, in get_data
    return self.construct_document(self.composer.get_node())
  File &quot;/python/lib/python3.7/site-packages/ruamel/yaml/composer.py&quot;, line 68, in get_node
    return self.compose_document()
  File &quot;/python/lib/python3.7/site-packages/ruamel/yaml/composer.py&quot;, line 101, in compose_document
    node = self.compose_node(None, None)
  File &quot;/python/lib/python3.7/site-packages/ruamel/yaml/composer.py&quot;, line 138, in compose_node
    node = self.compose_mapping_node(anchor)
  File &quot;/python/lib/python3.7/site-packages/ruamel/yaml/composer.py&quot;, line 218, in compose_mapping_node
    item_value = self.compose_node(node, item_key)
  File &quot;/python/lib/python3.7/site-packages/ruamel/yaml/composer.py&quot;, line 111, in compose_node
    if self.parser.check_event(AliasEvent):
  File &quot;/python/lib/python3.7/site-packages/ruamel/yaml/parser.py&quot;, line 140, in check_event
    self.current_event = self.state()
  File &quot;/python/lib/python3.7/site-packages/ruamel/yaml/parser.py&quot;, line 603, in parse_block_mapping_value
    if self.scanner.check_token(ValueToken):
  File &quot;/python/lib/python3.7/site-packages/ruamel/yaml/scanner.py&quot;, line 170, in check_token
    self.fetch_more_tokens()
  File &quot;/python/lib/python3.7/site-packages/ruamel/yaml/scanner.py&quot;, line 322, in fetch_more_tokens
    self.reader.get_mark(),
ruamel.yaml.scanner.ScannerError: while scanning for the next token
found character &#39;\t&#39; that cannot start any token
  in &quot;&lt;unicode string&gt;&quot;, line 3, column 1:
    	b:
    ^ (line: 3)
</pre>
 </div>


  <div class="framework framework_box_invalid_correct" id="py-ruamel-py">
<h3><a href="#py-ruamel-py">py-ruamel-py</a></h3>
<span class="status_box color_invalid_correct">&nbsp;</span>invalid_correct <pre>Traceback (most recent call last):
  File &quot;/yaml/bin/py-ruamel-py&quot;, line 36, in &lt;module&gt;
    for doc in ruamel.yaml.load_all(sys.stdin.read(), Loader=ruamel.yaml.Loader):
  File &quot;/python/lib/python3.7/site-packages/ruamel/yaml/main.py&quot;, line 976, in load_all
    yield loader._constructor.get_data()
  File &quot;/python/lib/python3.7/site-packages/ruamel/yaml/constructor.py&quot;, line 106, in get_data
    return self.construct_document(self.composer.get_node())
  File &quot;/python/lib/python3.7/site-packages/ruamel/yaml/composer.py&quot;, line 68, in get_node
    return self.compose_document()
  File &quot;/python/lib/python3.7/site-packages/ruamel/yaml/composer.py&quot;, line 101, in compose_document
    node = self.compose_node(None, None)
  File &quot;/python/lib/python3.7/site-packages/ruamel/yaml/composer.py&quot;, line 138, in compose_node
    node = self.compose_mapping_node(anchor)
  File &quot;/python/lib/python3.7/site-packages/ruamel/yaml/composer.py&quot;, line 218, in compose_mapping_node
    item_value = self.compose_node(node, item_key)
  File &quot;/python/lib/python3.7/site-packages/ruamel/yaml/composer.py&quot;, line 111, in compose_node
    if self.parser.check_event(AliasEvent):
  File &quot;/python/lib/python3.7/site-packages/ruamel/yaml/parser.py&quot;, line 140, in check_event
    self.current_event = self.state()
  File &quot;/python/lib/python3.7/site-packages/ruamel/yaml/parser.py&quot;, line 603, in parse_block_mapping_value
    if self.scanner.check_token(ValueToken):
  File &quot;/python/lib/python3.7/site-packages/ruamel/yaml/scanner.py&quot;, line 170, in check_token
    self.fetch_more_tokens()
  File &quot;/python/lib/python3.7/site-packages/ruamel/yaml/scanner.py&quot;, line 322, in fetch_more_tokens
    self.reader.get_mark(),
ruamel.yaml.scanner.ScannerError: while scanning for the next token
found character &#39;\t&#39; that cannot start any token
  in &quot;&lt;unicode string&gt;&quot;, line 3, column 1:
    	b:
    ^ (line: 3)
</pre>
 </div>


  <div class="framework framework_box_invalid_correct" id="ruby-psych-json">
<h3><a href="#ruby-psych-json">ruby-psych-json</a></h3>
<span class="status_box color_invalid_correct">&nbsp;</span>invalid_correct <pre>/usr/lib/ruby/2.5.0/psych.rb:405:in `parse&#39;: (&lt;unknown&gt;): found character that cannot start any token while scanning for the next token at line 3 column 1 (Psych::SyntaxError)
	from /usr/lib/ruby/2.5.0/psych.rb:405:in `parse_stream&#39;
	from /usr/lib/ruby/2.5.0/psych.rb:488:in `load_stream&#39;
	from /yaml/bin/ruby-psych-json:6:in `&lt;main&gt;&#39;
</pre>
 </div>


 <hr style="clear: both;">  </body>
</html>

