<!DOCTYPE html>
<html lang="en">
<head>
<title>#55WF - Invalid escape in double quoted string - YAML Test Matrix</title>
<meta charset='utf-8'>
<link rel="stylesheet" type="text/css" href="../css/yaml.css">
<link rel="stylesheet" type="text/css" href="../css/matrix.css">
<link rel="icon" type="image/x-icon" href="http://www.yaml.io/favicon.ico">
</head>
<body>

<h1><a href="../index.html"><tt># YAML Test Matrix</tt></a></h1>
<h2><tt>--- <a
href="https://github.com/yaml/yaml-test-suite/blob/master/test/55WF.tml">&test-55WF</a><br>
&nbsp;&nbsp;Title: Invalid escape in double quoted string</br>
&nbsp;&nbsp;Tags: [ double, error ]</tt></h2>

<div class="framework" id="yaml"><h3><a href="#yaml">YAML</a></h3><pre>---
&quot;\.&quot;
</pre></div>
<div class="framework" id="events"><h3><a href="#events">Expected Events</a></h3><pre>+STR
+DOC ---
</pre></div>
<div class="framework" id="json"><h3><a href="#json">Expected JSON</a></h3>
<pre></pre>
</div>
<hr style="clear: both;">
   <div class="framework framework_box_invalid_incorrect" id="perl-syck-json">
<h3><a href="#perl-syck-json">perl-syck-json</a></h3>
<span class="status_box color_invalid_incorrect">&nbsp;</span>invalid_incorrect <pre>&quot;\\.&quot;
</pre>
 </div>


  <div class="framework framework_box_invalid_incorrect" id="perl-syck-perl">
<h3><a href="#perl-syck-perl">perl-syck-perl</a></h3>
<span class="status_box color_invalid_incorrect">&nbsp;</span>invalid_incorrect <pre>&#39;\\.&#39;
</pre>
 </div>


 <hr style="clear: both;">    <div class="framework framework_box_invalid_correct" id="c-libfyaml-event">
<h3><a href="#c-libfyaml-event">c-libfyaml-event</a></h3>
<span class="status_box color_invalid_correct">&nbsp;</span>invalid_correct <pre>stdin:2:2: error: invalid escape &#39;.&#39; in double-quoted string
&quot;\.&quot;
 ^~
[NOT]: fy_fetch_flow_scalar() failed
[NOT]: fy_fetch_tokens() failed
[NOT]: failed to peek token
+STR
+DOC ---
</pre>
 </div>


  <div class="framework framework_box_invalid_correct" id="c-libfyaml-json">
<h3><a href="#c-libfyaml-json">c-libfyaml-json</a></h3>
<span class="status_box color_invalid_correct">&nbsp;</span>invalid_correct <pre>stdin:2:2: error: invalid escape &#39;.&#39; in double-quoted string
&quot;\.&quot;
 ^~
[NOT]: fy_fetch_flow_scalar() failed
[NOT]: fy_fetch_tokens() failed
[NOT]: failed to peek token
</pre>
 </div>


  <div class="framework framework_box_invalid_correct" id="c-libyaml-event">
<h3><a href="#c-libyaml-event">c-libyaml-event</a></h3>
<span class="status_box color_invalid_correct">&nbsp;</span>invalid_correct <pre>Parse error: found unknown escape character
+STR
+DOC ---
</pre>
 </div>


  <div class="framework framework_box_invalid_correct" id="cpp-yamlcpp-event">
<h3><a href="#cpp-yamlcpp-event">cpp-yamlcpp-event</a></h3>
<span class="status_box color_invalid_correct">&nbsp;</span>invalid_correct <pre>Exception:
yaml-cpp: error at line 2, column 4: unknown escape character: .
+STR
+DOC
</pre>
 </div>


  <div class="framework framework_box_invalid_correct" id="dotnet-yamldotnet-event">
<h3><a href="#dotnet-yamldotnet-event">dotnet-yamldotnet-event</a></h3>
<span class="status_box color_invalid_correct">&nbsp;</span>invalid_correct <pre>Unhandled exception. YamlDotNet.Core.SyntaxErrorException: (Line: 2, Col: 1, Idx: 4) - (Line: 2, Col: 2, Idx: 5): While scanning a quoted scalar, found unknown escape character.
   at YamlDotNet.Core.Scanner.ScanFlowScalar(Boolean isSingleQuoted)
   at YamlDotNet.Core.Scanner.FetchFlowScalar(Boolean isSingleQuoted)
   at YamlDotNet.Core.Scanner.FetchNextToken()
   at YamlDotNet.Core.Scanner.FetchMoreTokens()
   at YamlDotNet.Core.Scanner.MoveNextWithoutConsuming()
   at YamlDotNet.Core.Parser.GetCurrentToken()
   at YamlDotNet.Core.Parser.ParseDocumentContent()
   at YamlDotNet.Core.Parser.StateMachine()
   at YamlDotNet.Core.Parser.MoveNext()
   at YamlDotNet.RepresentationModel.LibYamlEventStream.WriteTo(TextWriter textWriter)
   at Program.Main(String[] commandLineArguments)
Aborted (core dumped)
+STR
+DOC ---
</pre>
 </div>


  <div class="framework framework_box_invalid_correct" id="dotnet-yamldotnet-json">
<h3><a href="#dotnet-yamldotnet-json">dotnet-yamldotnet-json</a></h3>
<span class="status_box color_invalid_correct">&nbsp;</span>invalid_correct <pre>Unhandled exception. YamlDotNet.Core.SyntaxErrorException: (Line: 2, Col: 1, Idx: 4) - (Line: 2, Col: 2, Idx: 5): While scanning a quoted scalar, found unknown escape character.
   at YamlDotNet.Core.Scanner.ScanFlowScalar(Boolean isSingleQuoted)
   at YamlDotNet.Core.Scanner.FetchFlowScalar(Boolean isSingleQuoted)
   at YamlDotNet.Core.Scanner.FetchNextToken()
   at YamlDotNet.Core.Scanner.FetchMoreTokens()
   at YamlDotNet.Core.Scanner.MoveNextWithoutConsuming()
   at YamlDotNet.Core.Parser.GetCurrentToken()
   at YamlDotNet.Core.Parser.ParseDocumentContent()
   at YamlDotNet.Core.Parser.StateMachine()
   at YamlDotNet.Core.Parser.MoveNext()
   at YamlDotNet.Core.ParserExtensions.TryConsume[T](IParser parser, T&amp; event)
   at YamlDotNet.Serialization.Deserializer.Deserialize(IParser parser, Type type)
   at YamlDotNet.Serialization.Deserializer.Deserialize(TextReader input, Type type)
   at YamlDotNet.Serialization.Deserializer.Deserialize(TextReader input)
   at Program.Main(String[] commandLineArguments)
Aborted (core dumped)
</pre>
 </div>


  <div class="framework framework_box_invalid_correct" id="hs-hsyaml-event">
<h3><a href="#hs-hsyaml-event">hs-hsyaml-event</a></h3>
<span class="status_box color_invalid_correct">&nbsp;</span>invalid_correct <pre>Parsing error near byte offset Pos {posByteOffset = 4, posCharOffset = 4, posLine = 2, posColumn = 0} (Lexical error near &quot;\&quot;\\.\&quot;&quot;)
+STR
+DOC ---
=VAL :
</pre>
 </div>


  <div class="framework framework_box_invalid_correct" id="hs-hsyaml-json">
<h3><a href="#hs-hsyaml-json">hs-hsyaml-json</a></h3>
<span class="status_box color_invalid_correct">&nbsp;</span>invalid_correct <pre>hsyaml-parser: user error (Lexical error near &quot;\&quot;\\.\&quot;&quot;)
</pre>
 </div>


  <div class="framework framework_box_invalid_correct" id="java-snakeyaml-event">
<h3><a href="#java-snakeyaml-event">java-snakeyaml-event</a></h3>
<span class="status_box color_invalid_correct">&nbsp;</span>invalid_correct <pre>Exception in thread &quot;main&quot; while scanning a double-quoted scalar
 in &#39;reader&#39;, line 2, column 1:
    &quot;\.&quot;
    ^
found unknown escape character .(46)
 in &#39;reader&#39;, line 2, column 3:
    &quot;\.&quot;
      ^

	at org.yaml.snakeyaml.scanner.ScannerImpl.scanFlowScalarNonSpaces(ScannerImpl.java:1965)
	at org.yaml.snakeyaml.scanner.ScannerImpl.scanFlowScalar(ScannerImpl.java:1901)
	at org.yaml.snakeyaml.scanner.ScannerImpl.fetchFlowScalar(ScannerImpl.java:1048)
	at org.yaml.snakeyaml.scanner.ScannerImpl.fetchDouble(ScannerImpl.java:1030)
	at org.yaml.snakeyaml.scanner.ScannerImpl.fetchMoreTokens(ScannerImpl.java:415)
	at org.yaml.snakeyaml.scanner.ScannerImpl.checkToken(ScannerImpl.java:248)
	at org.yaml.snakeyaml.parser.ParserImpl$ParseDocumentContent.produce(ParserImpl.java:304)
	at org.yaml.snakeyaml.parser.ParserImpl.peekEvent(ParserImpl.java:165)
	at org.yaml.snakeyaml.Yaml$3.hasNext(Yaml.java:677)
	at org.yaml.editor.Snake2Events.yamlToEvents(Snake2Events.java:111)
	at org.yaml.editor.Snake2Events.main(Snake2Events.java:119)
</pre>
 </div>


  <div class="framework framework_box_invalid_correct" id="java-snakeyaml-json">
<h3><a href="#java-snakeyaml-json">java-snakeyaml-json</a></h3>
<span class="status_box color_invalid_correct">&nbsp;</span>invalid_correct <pre>Exception in thread &quot;main&quot; while scanning a double-quoted scalar
 in &#39;reader&#39;, line 2, column 1:
    &quot;\.&quot;
    ^
found unknown escape character .(46)
 in &#39;reader&#39;, line 2, column 3:
    &quot;\.&quot;
      ^

	at org.yaml.snakeyaml.scanner.ScannerImpl.scanFlowScalarNonSpaces(ScannerImpl.java:1965)
	at org.yaml.snakeyaml.scanner.ScannerImpl.scanFlowScalar(ScannerImpl.java:1901)
	at org.yaml.snakeyaml.scanner.ScannerImpl.fetchFlowScalar(ScannerImpl.java:1048)
	at org.yaml.snakeyaml.scanner.ScannerImpl.fetchDouble(ScannerImpl.java:1030)
	at org.yaml.snakeyaml.scanner.ScannerImpl.fetchMoreTokens(ScannerImpl.java:415)
	at org.yaml.snakeyaml.scanner.ScannerImpl.checkToken(ScannerImpl.java:248)
	at org.yaml.snakeyaml.parser.ParserImpl$ParseDocumentContent.produce(ParserImpl.java:304)
	at org.yaml.snakeyaml.parser.ParserImpl.peekEvent(ParserImpl.java:165)
	at org.yaml.snakeyaml.comments.CommentEventsCollector$1.peek(CommentEventsCollector.java:59)
	at org.yaml.snakeyaml.comments.CommentEventsCollector$1.peek(CommentEventsCollector.java:45)
	at org.yaml.snakeyaml.comments.CommentEventsCollector.collectEvents(CommentEventsCollector.java:140)
	at org.yaml.snakeyaml.comments.CommentEventsCollector.collectEvents(CommentEventsCollector.java:119)
	at org.yaml.snakeyaml.composer.Composer.composeNode(Composer.java:157)
	at org.yaml.snakeyaml.composer.Composer.getNode(Composer.java:115)
	at org.yaml.snakeyaml.constructor.BaseConstructor.getData(BaseConstructor.java:135)
	at org.yaml.snakeyaml.Yaml$1.next(Yaml.java:514)
	at org.yaml.editor.Snake2Json.yamlToJson(Snake2Json.java:18)
	at org.yaml.editor.Snake2Json.main(Snake2Json.java:25)
</pre>
 </div>


  <div class="framework framework_box_invalid_correct" id="js-jsyaml-json">
<h3><a href="#js-jsyaml-json">js-jsyaml-json</a></h3>
<span class="status_box color_invalid_correct">&nbsp;</span>invalid_correct <pre>
/node/node_modules/js-yaml/lib/loader.js:187
  throw generateError(state, message);
  ^
YAMLException: unknown escape sequence (2:3)

 1 | ---
 2 | &quot;\.&quot;
-------^
    at generateError (/node/node_modules/js-yaml/lib/loader.js:183:10)
    at throwError (/node/node_modules/js-yaml/lib/loader.js:187:9)
    at readDoubleQuotedScalar (/node/node_modules/js-yaml/lib/loader.js:684:9)
    at composeNode (/node/node_modules/js-yaml/lib/loader.js:1447:13)
    at readBlockMapping (/node/node_modules/js-yaml/lib/loader.js:1104:12)
    at composeNode (/node/node_modules/js-yaml/lib/loader.js:1441:12)
    at readDocument (/node/node_modules/js-yaml/lib/loader.js:1625:3)
    at loadDocuments (/node/node_modules/js-yaml/lib/loader.js:1688:5)
    at Object.loadAll (/node/node_modules/js-yaml/lib/loader.js:1701:19)
    at Object.&lt;anonymous&gt; (/yaml/bin/js-jsyaml-json:7:13)
</pre>
 </div>


  <div class="framework framework_box_invalid_correct" id="js-yaml-event">
<h3><a href="#js-yaml-event">js-yaml-event</a></h3>
<span class="status_box color_invalid_correct">&nbsp;</span>invalid_correct <pre>Invalid escape sequence \. at line 2, column 2:

&quot;\.&quot;
 ^
+STR
+DOC ---
=VAL &quot;\\.
-DOC
-STR
</pre>
 </div>


  <div class="framework framework_box_invalid_correct" id="js-yaml-json">
<h3><a href="#js-yaml-json">js-yaml-json</a></h3>
<span class="status_box color_invalid_correct">&nbsp;</span>invalid_correct <pre>/yaml/bin/js-yaml-json:8
  if (doc.errors.length !== 0) throw doc.errors[0]
                               ^

YAMLParseError: Invalid escape sequence \. at line 2, column 2:

&quot;\.&quot;
 ^

    at Composer.onError (/node/node_modules/yaml/dist/compose/composer.js:71:34)
    at _onError (/node/node_modules/yaml/dist/compose/resolve-flow-scalar.js:10:42)
    at doubleQuotedValue (/node/node_modules/yaml/dist/compose/resolve-flow-scalar.js:153:17)
    at Object.resolveFlowScalar (/node/node_modules/yaml/dist/compose/resolve-flow-scalar.js:22:21)
    at Object.composeScalar (/node/node_modules/yaml/dist/compose/compose-scalar.js:11:29)
    at Object.composeNode (/node/node_modules/yaml/dist/compose/compose-node.js:23:34)
    at Object.composeDoc (/node/node_modules/yaml/dist/compose/compose-doc.js:31:23)
    at Composer.next (/node/node_modules/yaml/dist/compose/composer.js:152:40)
    at next (&lt;anonymous&gt;)
    at Composer.compose (/node/node_modules/yaml/dist/compose/composer.js:134:25)
</pre>
 </div>


  <div class="framework framework_box_invalid_correct" id="lua-lyaml-json">
<h3><a href="#lua-lyaml-json">lua-lyaml-json</a></h3>
<span class="status_box color_invalid_correct">&nbsp;</span>invalid_correct <pre>luajit: 1:1: found unknown escape character
stack traceback:
	[C]: in function &#39;error&#39;
	/usr/local/share/lua/5.1/lyaml/init.lua:306: in function &#39;error&#39;
	/usr/local/share/lua/5.1/lyaml/init.lua:325: in function &#39;parse&#39;
	/usr/local/share/lua/5.1/lyaml/init.lua:443: in function &#39;load_node&#39;
	/usr/local/share/lua/5.1/lyaml/init.lua:497: in function &#39;load&#39;
	/yaml/bin/lua-lyaml-json:6: in main chunk
	[C]: at 0x5608e14d0f97
</pre>
 </div>


  <div class="framework framework_box_invalid_correct" id="nim-nimyaml-event">
<h3><a href="#nim-nimyaml-event">nim-nimyaml-event</a></h3>
<span class="status_box color_invalid_correct">&nbsp;</span>invalid_correct <pre>/buildutils/nimyaml_event.nim(8) nimyaml_event
/tmp/NimYAML-0.13.1/yaml/stream.nim(223) finished
Error: unhandled exception: Illegal character in escape sequence [YamlStreamError]
+STR
+DOC ---
</pre>
 </div>


  <div class="framework framework_box_invalid_correct" id="perl-pp-event">
<h3><a href="#perl-pp-event">perl-pp-event</a></h3>
<span class="status_box color_invalid_correct">&nbsp;</span>invalid_correct <pre>Line      : 2
Column    : 2
Message   : Invalid quoted &lt;&quot;&gt; string
Where     : /perl5/lib/perl5/YAML/PP/Lexer.pm line 738
YAML      : &quot;\\.\&quot;&quot;
  at /yaml/bin/perl-pp-event line 25.
+STR
+DOC ---
</pre>
 </div>


  <div class="framework framework_box_invalid_correct" id="perl-pp-json">
<h3><a href="#perl-pp-json">perl-pp-json</a></h3>
<span class="status_box color_invalid_correct">&nbsp;</span>invalid_correct <pre>Line      : 2
Column    : 2
Message   : Invalid quoted &lt;&quot;&gt; string
Where     : /perl5/lib/perl5/YAML/PP/Lexer.pm line 738
YAML      : &quot;\\.\&quot;&quot;
  at /perl5/lib/perl5/YAML/PP/Loader.pm line 94.
</pre>
 </div>


  <div class="framework framework_box_invalid_correct" id="perl-pp-perl">
<h3><a href="#perl-pp-perl">perl-pp-perl</a></h3>
<span class="status_box color_invalid_correct">&nbsp;</span>invalid_correct <pre>Line      : 2
Column    : 2
Message   : Invalid quoted &lt;&quot;&gt; string
Where     : /perl5/lib/perl5/YAML/PP/Lexer.pm line 738
YAML      : &quot;\\.\&quot;&quot;
  at /perl5/lib/perl5/YAML/PP/Loader.pm line 94.
</pre>
 </div>


  <div class="framework framework_box_invalid_correct" id="perl-pplibyaml-event">
<h3><a href="#perl-pplibyaml-event">perl-pplibyaml-event</a></h3>
<span class="status_box color_invalid_correct">&nbsp;</span>invalid_correct <pre>YAML::PP::LibYAML Error: The problem:

    found unknown escape character

was found at , line: 2, column: 2
while parsing a quoted scalar at line: 2, column: 1
</pre>
 </div>


  <div class="framework framework_box_invalid_correct" id="perl-pplibyaml-json">
<h3><a href="#perl-pplibyaml-json">perl-pplibyaml-json</a></h3>
<span class="status_box color_invalid_correct">&nbsp;</span>invalid_correct <pre>YAML::PP::LibYAML Error: The problem:

    found unknown escape character

was found at , line: 2, column: 2
while parsing a quoted scalar at line: 2, column: 1
</pre>
 </div>


  <div class="framework framework_box_invalid_correct" id="perl-pplibyaml-perl">
<h3><a href="#perl-pplibyaml-perl">perl-pplibyaml-perl</a></h3>
<span class="status_box color_invalid_correct">&nbsp;</span>invalid_correct <pre>YAML::PP::LibYAML Error: The problem:

    found unknown escape character

was found at , line: 2, column: 2
while parsing a quoted scalar at line: 2, column: 1
</pre>
 </div>


  <div class="framework framework_box_invalid_correct" id="perl-refparser-event">
<h3><a href="#perl-refparser-event">perl-refparser-event</a></h3>
<span class="status_box color_invalid_correct">&nbsp;</span>invalid_correct <pre>Parser finished before end of input at /perl5/lib/perl5/YAML/Parser.pm line 4047, &lt;&gt; line 1.
</pre>
 </div>


  <div class="framework framework_box_invalid_correct" id="perl-tiny-json">
<h3><a href="#perl-tiny-json">perl-tiny-json</a></h3>
<span class="status_box color_invalid_correct">&nbsp;</span>invalid_correct <pre>YAML::Tiny failed to classify line &#39;&quot;\.&quot;&#39; at /yaml/bin/perl-tiny-json line 12.
</pre>
 </div>


  <div class="framework framework_box_invalid_correct" id="perl-tiny-perl">
<h3><a href="#perl-tiny-perl">perl-tiny-perl</a></h3>
<span class="status_box color_invalid_correct">&nbsp;</span>invalid_correct <pre>YAML::Tiny failed to classify line &#39;&quot;\.&quot;&#39; at /yaml/bin/perl-tiny-perl line 15.
</pre>
 </div>


  <div class="framework framework_box_invalid_correct" id="perl-xs-json">
<h3><a href="#perl-xs-json">perl-xs-json</a></h3>
<span class="status_box color_invalid_correct">&nbsp;</span>invalid_correct <pre>YAML::XS::Load Error: The problem:

    found unknown escape character

was found at document: 1, line: 2, column: 2
while parsing a quoted scalar at line: 2, column: 1
</pre>
 </div>


  <div class="framework framework_box_invalid_correct" id="perl-xs-perl">
<h3><a href="#perl-xs-perl">perl-xs-perl</a></h3>
<span class="status_box color_invalid_correct">&nbsp;</span>invalid_correct <pre>YAML::XS::Load Error: The problem:

    found unknown escape character

was found at document: 1, line: 2, column: 2
while parsing a quoted scalar at line: 2, column: 1
</pre>
 </div>


  <div class="framework framework_box_invalid_correct" id="perl-yaml-json">
<h3><a href="#perl-yaml-json">perl-yaml-json</a></h3>
<span class="status_box color_invalid_correct">&nbsp;</span>invalid_correct <pre>YAML Error: Expected separator &#39;---&#39;
   Code: YAML_PARSE_ERR_NO_SEPARATOR
   Line: 2
   Document: 2
 at /perl5/lib/perl5/YAML/Loader.pm line 88.
</pre>
 </div>


  <div class="framework framework_box_invalid_correct" id="perl-yaml-perl">
<h3><a href="#perl-yaml-perl">perl-yaml-perl</a></h3>
<span class="status_box color_invalid_correct">&nbsp;</span>invalid_correct <pre>YAML Error: Expected separator &#39;---&#39;
   Code: YAML_PARSE_ERR_NO_SEPARATOR
   Line: 2
   Document: 2
 at /perl5/lib/perl5/YAML/Loader.pm line 88.
</pre>
 </div>


  <div class="framework framework_box_invalid_correct" id="py-pyyaml-event">
<h3><a href="#py-pyyaml-event">py-pyyaml-event</a></h3>
<span class="status_box color_invalid_correct">&nbsp;</span>invalid_correct <pre>Traceback (most recent call last):
  File &quot;/yaml/bin/py-pyyaml-event&quot;, line 7, in &lt;module&gt;
    for event in yaml.parse(sys.stdin.read()):
  File &quot;/python/lib/python3.7/site-packages/yaml/__init__.py&quot;, line 75, in parse
    while loader.check_event():
  File &quot;/python/lib/python3.7/site-packages/yaml/parser.py&quot;, line 98, in check_event
    self.current_event = self.state()
  File &quot;/python/lib/python3.7/site-packages/yaml/parser.py&quot;, line 210, in parse_document_content
    DocumentStartToken, DocumentEndToken, StreamEndToken):
  File &quot;/python/lib/python3.7/site-packages/yaml/scanner.py&quot;, line 116, in check_token
    self.fetch_more_tokens()
  File &quot;/python/lib/python3.7/site-packages/yaml/scanner.py&quot;, line 251, in fetch_more_tokens
    return self.fetch_double()
  File &quot;/python/lib/python3.7/site-packages/yaml/scanner.py&quot;, line 655, in fetch_double
    self.fetch_flow_scalar(style=&#39;&quot;&#39;)
  File &quot;/python/lib/python3.7/site-packages/yaml/scanner.py&quot;, line 666, in fetch_flow_scalar
    self.tokens.append(self.scan_flow_scalar(style))
  File &quot;/python/lib/python3.7/site-packages/yaml/scanner.py&quot;, line 1149, in scan_flow_scalar
    chunks.extend(self.scan_flow_scalar_non_spaces(double, start_mark))
  File &quot;/python/lib/python3.7/site-packages/yaml/scanner.py&quot;, line 1224, in scan_flow_scalar_non_spaces
    &quot;found unknown escape character %r&quot; % ch, self.get_mark())
yaml.scanner.ScannerError: while scanning a double-quoted scalar
  in &quot;&lt;unicode string&gt;&quot;, line 2, column 1:
    &quot;\.&quot;
    ^
found unknown escape character &#39;.&#39;
  in &quot;&lt;unicode string&gt;&quot;, line 2, column 3:
    &quot;\.&quot;
      ^
+STR
+DOC ---
</pre>
 </div>


  <div class="framework framework_box_invalid_correct" id="py-pyyaml-json">
<h3><a href="#py-pyyaml-json">py-pyyaml-json</a></h3>
<span class="status_box color_invalid_correct">&nbsp;</span>invalid_correct <pre>Traceback (most recent call last):
  File &quot;/yaml/bin/py-pyyaml-json&quot;, line 19, in &lt;module&gt;
    for doc in yaml.load_all(sys.stdin.read(), Loader=yaml.FullLoader):
  File &quot;/python/lib/python3.7/site-packages/yaml/__init__.py&quot;, line 130, in load_all
    yield loader.get_data()
  File &quot;/python/lib/python3.7/site-packages/yaml/constructor.py&quot;, line 45, in get_data
    return self.construct_document(self.get_node())
  File &quot;/python/lib/python3.7/site-packages/yaml/composer.py&quot;, line 27, in get_node
    return self.compose_document()
  File &quot;/python/lib/python3.7/site-packages/yaml/composer.py&quot;, line 55, in compose_document
    node = self.compose_node(None, None)
  File &quot;/python/lib/python3.7/site-packages/yaml/composer.py&quot;, line 64, in compose_node
    if self.check_event(AliasEvent):
  File &quot;/python/lib/python3.7/site-packages/yaml/parser.py&quot;, line 98, in check_event
    self.current_event = self.state()
  File &quot;/python/lib/python3.7/site-packages/yaml/parser.py&quot;, line 210, in parse_document_content
    DocumentStartToken, DocumentEndToken, StreamEndToken):
  File &quot;/python/lib/python3.7/site-packages/yaml/scanner.py&quot;, line 116, in check_token
    self.fetch_more_tokens()
  File &quot;/python/lib/python3.7/site-packages/yaml/scanner.py&quot;, line 251, in fetch_more_tokens
    return self.fetch_double()
  File &quot;/python/lib/python3.7/site-packages/yaml/scanner.py&quot;, line 655, in fetch_double
    self.fetch_flow_scalar(style=&#39;&quot;&#39;)
  File &quot;/python/lib/python3.7/site-packages/yaml/scanner.py&quot;, line 666, in fetch_flow_scalar
    self.tokens.append(self.scan_flow_scalar(style))
  File &quot;/python/lib/python3.7/site-packages/yaml/scanner.py&quot;, line 1149, in scan_flow_scalar
    chunks.extend(self.scan_flow_scalar_non_spaces(double, start_mark))
  File &quot;/python/lib/python3.7/site-packages/yaml/scanner.py&quot;, line 1224, in scan_flow_scalar_non_spaces
    &quot;found unknown escape character %r&quot; % ch, self.get_mark())
yaml.scanner.ScannerError: while scanning a double-quoted scalar
  in &quot;&lt;unicode string&gt;&quot;, line 2, column 1:
    &quot;\.&quot;
    ^
found unknown escape character &#39;.&#39;
  in &quot;&lt;unicode string&gt;&quot;, line 2, column 3:
    &quot;\.&quot;
      ^
</pre>
 </div>


  <div class="framework framework_box_invalid_correct" id="py-pyyaml-py">
<h3><a href="#py-pyyaml-py">py-pyyaml-py</a></h3>
<span class="status_box color_invalid_correct">&nbsp;</span>invalid_correct <pre>Traceback (most recent call last):
  File &quot;/yaml/bin/py-pyyaml-py&quot;, line 36, in &lt;module&gt;
    for doc in yaml.load_all(sys.stdin.read(), Loader=yaml.FullLoader):
  File &quot;/python/lib/python3.7/site-packages/yaml/__init__.py&quot;, line 130, in load_all
    yield loader.get_data()
  File &quot;/python/lib/python3.7/site-packages/yaml/constructor.py&quot;, line 45, in get_data
    return self.construct_document(self.get_node())
  File &quot;/python/lib/python3.7/site-packages/yaml/composer.py&quot;, line 27, in get_node
    return self.compose_document()
  File &quot;/python/lib/python3.7/site-packages/yaml/composer.py&quot;, line 55, in compose_document
    node = self.compose_node(None, None)
  File &quot;/python/lib/python3.7/site-packages/yaml/composer.py&quot;, line 64, in compose_node
    if self.check_event(AliasEvent):
  File &quot;/python/lib/python3.7/site-packages/yaml/parser.py&quot;, line 98, in check_event
    self.current_event = self.state()
  File &quot;/python/lib/python3.7/site-packages/yaml/parser.py&quot;, line 210, in parse_document_content
    DocumentStartToken, DocumentEndToken, StreamEndToken):
  File &quot;/python/lib/python3.7/site-packages/yaml/scanner.py&quot;, line 116, in check_token
    self.fetch_more_tokens()
  File &quot;/python/lib/python3.7/site-packages/yaml/scanner.py&quot;, line 251, in fetch_more_tokens
    return self.fetch_double()
  File &quot;/python/lib/python3.7/site-packages/yaml/scanner.py&quot;, line 655, in fetch_double
    self.fetch_flow_scalar(style=&#39;&quot;&#39;)
  File &quot;/python/lib/python3.7/site-packages/yaml/scanner.py&quot;, line 666, in fetch_flow_scalar
    self.tokens.append(self.scan_flow_scalar(style))
  File &quot;/python/lib/python3.7/site-packages/yaml/scanner.py&quot;, line 1149, in scan_flow_scalar
    chunks.extend(self.scan_flow_scalar_non_spaces(double, start_mark))
  File &quot;/python/lib/python3.7/site-packages/yaml/scanner.py&quot;, line 1224, in scan_flow_scalar_non_spaces
    &quot;found unknown escape character %r&quot; % ch, self.get_mark())
yaml.scanner.ScannerError: while scanning a double-quoted scalar
  in &quot;&lt;unicode string&gt;&quot;, line 2, column 1:
    &quot;\.&quot;
    ^
found unknown escape character &#39;.&#39;
  in &quot;&lt;unicode string&gt;&quot;, line 2, column 3:
    &quot;\.&quot;
      ^
</pre>
 </div>


  <div class="framework framework_box_invalid_correct" id="py-ruamel-event">
<h3><a href="#py-ruamel-event">py-ruamel-event</a></h3>
<span class="status_box color_invalid_correct">&nbsp;</span>invalid_correct <pre>Traceback (most recent call last):
  File &quot;/yaml/bin/py-ruamel-event&quot;, line 7, in &lt;module&gt;
    for event in ruamel.yaml.parse(sys.stdin.read()):
  File &quot;/python/lib/python3.7/site-packages/ruamel/yaml/main.py&quot;, line 907, in parse
    while loader._parser.check_event():
  File &quot;/python/lib/python3.7/site-packages/ruamel/yaml/parser.py&quot;, line 140, in check_event
    self.current_event = self.state()
  File &quot;/python/lib/python3.7/site-packages/ruamel/yaml/parser.py&quot;, line 261, in parse_document_content
    DirectiveToken, DocumentStartToken, DocumentEndToken, StreamEndToken
  File &quot;/python/lib/python3.7/site-packages/ruamel/yaml/scanner.py&quot;, line 170, in check_token
    self.fetch_more_tokens()
  File &quot;/python/lib/python3.7/site-packages/ruamel/yaml/scanner.py&quot;, line 311, in fetch_more_tokens
    return self.fetch_double()
  File &quot;/python/lib/python3.7/site-packages/ruamel/yaml/scanner.py&quot;, line 729, in fetch_double
    self.fetch_flow_scalar(style=&#39;&quot;&#39;)
  File &quot;/python/lib/python3.7/site-packages/ruamel/yaml/scanner.py&quot;, line 738, in fetch_flow_scalar
    self.tokens.append(self.scan_flow_scalar(style))
  File &quot;/python/lib/python3.7/site-packages/ruamel/yaml/scanner.py&quot;, line 1380, in scan_flow_scalar
    chunks.extend(self.scan_flow_scalar_non_spaces(double, start_mark))
  File &quot;/python/lib/python3.7/site-packages/ruamel/yaml/scanner.py&quot;, line 1460, in scan_flow_scalar_non_spaces
    self.reader.get_mark(),
ruamel.yaml.scanner.ScannerError: while scanning a double-quoted scalar
  in &quot;&lt;unicode string&gt;&quot;, line 2, column 1:
    &quot;\.&quot;
    ^ (line: 2)
found unknown escape character &#39;.&#39;
  in &quot;&lt;unicode string&gt;&quot;, line 2, column 3:
    &quot;\.&quot;
      ^ (line: 2)
+STR
+DOC ---
</pre>
 </div>


  <div class="framework framework_box_invalid_correct" id="py-ruamel-json">
<h3><a href="#py-ruamel-json">py-ruamel-json</a></h3>
<span class="status_box color_invalid_correct">&nbsp;</span>invalid_correct <pre>Traceback (most recent call last):
  File &quot;/yaml/bin/py-ruamel-json&quot;, line 19, in &lt;module&gt;
    for doc in ruamel.yaml.load_all(sys.stdin.read(), Loader=ruamel.yaml.Loader):
  File &quot;/python/lib/python3.7/site-packages/ruamel/yaml/main.py&quot;, line 976, in load_all
    yield loader._constructor.get_data()
  File &quot;/python/lib/python3.7/site-packages/ruamel/yaml/constructor.py&quot;, line 106, in get_data
    return self.construct_document(self.composer.get_node())
  File &quot;/python/lib/python3.7/site-packages/ruamel/yaml/composer.py&quot;, line 68, in get_node
    return self.compose_document()
  File &quot;/python/lib/python3.7/site-packages/ruamel/yaml/composer.py&quot;, line 101, in compose_document
    node = self.compose_node(None, None)
  File &quot;/python/lib/python3.7/site-packages/ruamel/yaml/composer.py&quot;, line 111, in compose_node
    if self.parser.check_event(AliasEvent):
  File &quot;/python/lib/python3.7/site-packages/ruamel/yaml/parser.py&quot;, line 140, in check_event
    self.current_event = self.state()
  File &quot;/python/lib/python3.7/site-packages/ruamel/yaml/parser.py&quot;, line 261, in parse_document_content
    DirectiveToken, DocumentStartToken, DocumentEndToken, StreamEndToken
  File &quot;/python/lib/python3.7/site-packages/ruamel/yaml/scanner.py&quot;, line 170, in check_token
    self.fetch_more_tokens()
  File &quot;/python/lib/python3.7/site-packages/ruamel/yaml/scanner.py&quot;, line 311, in fetch_more_tokens
    return self.fetch_double()
  File &quot;/python/lib/python3.7/site-packages/ruamel/yaml/scanner.py&quot;, line 729, in fetch_double
    self.fetch_flow_scalar(style=&#39;&quot;&#39;)
  File &quot;/python/lib/python3.7/site-packages/ruamel/yaml/scanner.py&quot;, line 738, in fetch_flow_scalar
    self.tokens.append(self.scan_flow_scalar(style))
  File &quot;/python/lib/python3.7/site-packages/ruamel/yaml/scanner.py&quot;, line 1380, in scan_flow_scalar
    chunks.extend(self.scan_flow_scalar_non_spaces(double, start_mark))
  File &quot;/python/lib/python3.7/site-packages/ruamel/yaml/scanner.py&quot;, line 1460, in scan_flow_scalar_non_spaces
    self.reader.get_mark(),
ruamel.yaml.scanner.ScannerError: while scanning a double-quoted scalar
  in &quot;&lt;unicode string&gt;&quot;, line 2, column 1:
    &quot;\.&quot;
    ^ (line: 2)
found unknown escape character &#39;.&#39;
  in &quot;&lt;unicode string&gt;&quot;, line 2, column 3:
    &quot;\.&quot;
      ^ (line: 2)
</pre>
 </div>


  <div class="framework framework_box_invalid_correct" id="py-ruamel-py">
<h3><a href="#py-ruamel-py">py-ruamel-py</a></h3>
<span class="status_box color_invalid_correct">&nbsp;</span>invalid_correct <pre>Traceback (most recent call last):
  File &quot;/yaml/bin/py-ruamel-py&quot;, line 36, in &lt;module&gt;
    for doc in ruamel.yaml.load_all(sys.stdin.read(), Loader=ruamel.yaml.Loader):
  File &quot;/python/lib/python3.7/site-packages/ruamel/yaml/main.py&quot;, line 976, in load_all
    yield loader._constructor.get_data()
  File &quot;/python/lib/python3.7/site-packages/ruamel/yaml/constructor.py&quot;, line 106, in get_data
    return self.construct_document(self.composer.get_node())
  File &quot;/python/lib/python3.7/site-packages/ruamel/yaml/composer.py&quot;, line 68, in get_node
    return self.compose_document()
  File &quot;/python/lib/python3.7/site-packages/ruamel/yaml/composer.py&quot;, line 101, in compose_document
    node = self.compose_node(None, None)
  File &quot;/python/lib/python3.7/site-packages/ruamel/yaml/composer.py&quot;, line 111, in compose_node
    if self.parser.check_event(AliasEvent):
  File &quot;/python/lib/python3.7/site-packages/ruamel/yaml/parser.py&quot;, line 140, in check_event
    self.current_event = self.state()
  File &quot;/python/lib/python3.7/site-packages/ruamel/yaml/parser.py&quot;, line 261, in parse_document_content
    DirectiveToken, DocumentStartToken, DocumentEndToken, StreamEndToken
  File &quot;/python/lib/python3.7/site-packages/ruamel/yaml/scanner.py&quot;, line 170, in check_token
    self.fetch_more_tokens()
  File &quot;/python/lib/python3.7/site-packages/ruamel/yaml/scanner.py&quot;, line 311, in fetch_more_tokens
    return self.fetch_double()
  File &quot;/python/lib/python3.7/site-packages/ruamel/yaml/scanner.py&quot;, line 729, in fetch_double
    self.fetch_flow_scalar(style=&#39;&quot;&#39;)
  File &quot;/python/lib/python3.7/site-packages/ruamel/yaml/scanner.py&quot;, line 738, in fetch_flow_scalar
    self.tokens.append(self.scan_flow_scalar(style))
  File &quot;/python/lib/python3.7/site-packages/ruamel/yaml/scanner.py&quot;, line 1380, in scan_flow_scalar
    chunks.extend(self.scan_flow_scalar_non_spaces(double, start_mark))
  File &quot;/python/lib/python3.7/site-packages/ruamel/yaml/scanner.py&quot;, line 1460, in scan_flow_scalar_non_spaces
    self.reader.get_mark(),
ruamel.yaml.scanner.ScannerError: while scanning a double-quoted scalar
  in &quot;&lt;unicode string&gt;&quot;, line 2, column 1:
    &quot;\.&quot;
    ^ (line: 2)
found unknown escape character &#39;.&#39;
  in &quot;&lt;unicode string&gt;&quot;, line 2, column 3:
    &quot;\.&quot;
      ^ (line: 2)
</pre>
 </div>


  <div class="framework framework_box_invalid_correct" id="ruby-psych-json">
<h3><a href="#ruby-psych-json">ruby-psych-json</a></h3>
<span class="status_box color_invalid_correct">&nbsp;</span>invalid_correct <pre>/usr/lib/ruby/2.5.0/psych.rb:405:in `parse&#39;: (&lt;unknown&gt;): found unknown escape character while parsing a quoted scalar at line 2 column 1 (Psych::SyntaxError)
	from /usr/lib/ruby/2.5.0/psych.rb:405:in `parse_stream&#39;
	from /usr/lib/ruby/2.5.0/psych.rb:488:in `load_stream&#39;
	from /yaml/bin/ruby-psych-json:6:in `&lt;main&gt;&#39;
</pre>
 </div>


 <hr style="clear: both;">  </body>
</html>

