<!DOCTYPE html>
<html lang="en">
<head>
<title>#6CA3 - Tab indented top flow - YAML Test Matrix</title>
<meta charset='utf-8'>
<link rel="stylesheet" type="text/css" href="../css/yaml.css">
<link rel="stylesheet" type="text/css" href="../css/matrix.css">
<link rel="stylesheet" type="text/css" href="../css/yaml-tokens.css">
<link rel="icon" type="image/x-icon" href="http://www.yaml.io/favicon.ico">
</head>
<body>

<h1><a href="../index.html"><tt># YAML Test Matrix</tt></a></h1>
<h2><tt>--- <a
href="https://github.com/yaml/yaml-test-suite/blob/master/src/6CA3.yaml">&test-6CA3</a><br>
&nbsp;&nbsp;Title: Tab indented top flow</br>
&nbsp;&nbsp;Tags: [ indent, whitespace ]</tt></h2>

<div class="framework" id="yaml"><h3><a href="#yaml">YAML</a></h3><pre><span class="default"></span><span class="tab">	</span><span class="flowseq_start">[</span><span class="eol">
</span><span class="default"></span><span class="tab">	</span><span class="flowseq_end">]</span><span class="eol">
</span></pre></div>
<div class="framework" id="events"><h3><a href="#events">Expected Events</a></h3><pre>+STR
+DOC
+SEQ []
-SEQ
-DOC
-STR
</pre></div>
<div class="framework" id="json"><h3><a href="#json">Expected JSON</a></h3>
<pre>[]<br></pre>
</div>
<hr style="clear: both;">
   <div class="framework framework_box_ok" id="c-libfyaml-event">
<h3><a href="#c-libfyaml-event">c-libfyaml-event</a></h3>
<span class="status_box color_ok">&nbsp;</span>ok   </div>


  <div class="framework framework_box_ok" id="cpp-rapidyaml-event">
<h3><a href="#cpp-rapidyaml-event">cpp-rapidyaml-event</a></h3>
<span class="status_box color_ok">&nbsp;</span>ok   </div>


  <div class="framework framework_box_ok" id="cpp-yamlcpp-event">
<h3><a href="#cpp-yamlcpp-event">cpp-yamlcpp-event</a></h3>
<span class="status_box color_ok">&nbsp;</span>ok   </div>


  <div class="framework framework_box_ok" id="hs-hsyaml-event">
<h3><a href="#hs-hsyaml-event">hs-hsyaml-event</a></h3>
<span class="status_box color_ok">&nbsp;</span>ok   </div>


  <div class="framework framework_box_ok" id="java-snakeengine-event">
<h3><a href="#java-snakeengine-event">java-snakeengine-event</a></h3>
<span class="status_box color_ok">&nbsp;</span>ok   </div>


  <div class="framework framework_box_ok" id="js-yaml-event">
<h3><a href="#js-yaml-event">js-yaml-event</a></h3>
<span class="status_box color_ok">&nbsp;</span>ok   </div>


  <div class="framework framework_box_ok" id="nim-nimyaml-event">
<h3><a href="#nim-nimyaml-event">nim-nimyaml-event</a></h3>
<span class="status_box color_ok">&nbsp;</span>ok   </div>


  <div class="framework framework_box_ok" id="perl-pp-event">
<h3><a href="#perl-pp-event">perl-pp-event</a></h3>
<span class="status_box color_ok">&nbsp;</span>ok   </div>


  <div class="framework framework_box_ok" id="perl-refparser-event">
<h3><a href="#perl-refparser-event">perl-refparser-event</a></h3>
<span class="status_box color_ok">&nbsp;</span>ok   </div>


 <hr style="clear: both;">    <div class="framework framework_box_json_ok" id="c-libfyaml-json">
<h3><a href="#c-libfyaml-json">c-libfyaml-json</a></h3>
<span class="status_box color_json_ok">&nbsp;</span>json_ok   </div>


  <div class="framework framework_box_json_ok" id="hs-hsyaml-json">
<h3><a href="#hs-hsyaml-json">hs-hsyaml-json</a></h3>
<span class="status_box color_json_ok">&nbsp;</span>json_ok   </div>


  <div class="framework framework_box_json_ok" id="js-jsyaml-json">
<h3><a href="#js-jsyaml-json">js-jsyaml-json</a></h3>
<span class="status_box color_json_ok">&nbsp;</span>json_ok   </div>


  <div class="framework framework_box_json_ok" id="js-yaml-json">
<h3><a href="#js-yaml-json">js-yaml-json</a></h3>
<span class="status_box color_json_ok">&nbsp;</span>json_ok   </div>


  <div class="framework framework_box_json_ok" id="perl-pp-json">
<h3><a href="#perl-pp-json">perl-pp-json</a></h3>
<span class="status_box color_json_ok">&nbsp;</span>json_ok   </div>


  <div class="framework framework_box_json_ok" id="perl-syck-json">
<h3><a href="#perl-syck-json">perl-syck-json</a></h3>
<span class="status_box color_json_ok">&nbsp;</span>json_ok   </div>


 <hr style="clear: both;">    <div class="framework framework_box_diff" id="rust-yamlrust-event">
<h3><a href="#rust-yamlrust-event">rust-yamlrust-event</a></h3>
<span class="status_box color_diff">&nbsp;</span>diff <br>

 Minimal Events:
<pre>
+STR
+DOC
+SEQ
-SEQ
-DOC
-STR</pre>
  Transformed Events:
<pre>
+STR
+DOC
=VAL :\t[ ]
-DOC
-STR</pre>
 Got Events:
<pre><span
class="">+STR</span>
<span
class="">+DOC</span>
<span
class="diff_line">=VAL :\t[ ]</span>
<span
class="">-DOC</span>
<span
class="">-STR</span>
</pre>

 </div>


 <hr style="clear: both;">       <div class="framework framework_box_error" id="c-libyaml-event">
<h3><a href="#c-libyaml-event">c-libyaml-event</a></h3>
<span class="status_box color_error">&nbsp;</span>error <pre>+STR
Parse error: found character that cannot start any token
</pre>
 </div>


  <div class="framework framework_box_error" id="dotnet-yamldotnet-event">
<h3><a href="#dotnet-yamldotnet-event">dotnet-yamldotnet-event</a></h3>
<span class="status_box color_error">&nbsp;</span>error <pre>+STR
+DOC
+SEQ
Unhandled exception. YamlDotNet.Core.SemanticErrorException: (Line: 2, Col: 2, Idx: 4) - (Line: 2, Col: 2, Idx: 4): While scanning a flow sequence end, found mapping key spanning across multiple lines.
   at YamlDotNet.Core.Parser.ParseNode(Boolean isBlock, Boolean isIndentlessSequence)
   at YamlDotNet.Core.Parser.ParseFlowSequenceEntry(Boolean isFirst)
   at YamlDotNet.Core.Parser.StateMachine()
   at YamlDotNet.Core.Parser.MoveNext()
   at YamlDotNet.RepresentationModel.LibYamlEventStream.WriteTo(TextWriter textWriter)
   at Program.Main(String[] commandLineArguments)
Aborted (core dumped)
</pre>
 </div>


  <div class="framework framework_box_error" id="dotnet-yamldotnet-json">
<h3><a href="#dotnet-yamldotnet-json">dotnet-yamldotnet-json</a></h3>
<span class="status_box color_error">&nbsp;</span>error <pre>Unhandled exception. YamlDotNet.Core.SemanticErrorException: (Line: 2, Col: 2, Idx: 4) - (Line: 2, Col: 2, Idx: 4): While scanning a flow sequence end, found mapping key spanning across multiple lines.
   at YamlDotNet.Core.Parser.ParseNode(Boolean isBlock, Boolean isIndentlessSequence)
   at YamlDotNet.Core.Parser.ParseFlowSequenceEntry(Boolean isFirst)
   at YamlDotNet.Core.Parser.StateMachine()
   at YamlDotNet.Core.Parser.MoveNext()
   at YamlDotNet.Serialization.NodeDeserializers.CollectionNodeDeserializer.DeserializeHelper(Type tItem, IParser parser, Func`3 nestedObjectDeserializer, IList result, Boolean canUpdate)
   at YamlDotNet.Serialization.NodeDeserializers.CollectionNodeDeserializer.YamlDotNet.Serialization.INodeDeserializer.Deserialize(IParser parser, Type expectedType, Func`3 nestedObjectDeserializer, Object&amp; value)
   at YamlDotNet.Serialization.ValueDeserializers.NodeValueDeserializer.DeserializeValue(IParser parser, Type expectedType, SerializerState state, IValueDeserializer nestedObjectDeserializer)
   at YamlDotNet.Serialization.ValueDeserializers.AliasValueDeserializer.DeserializeValue(IParser parser, Type expectedType, SerializerState state, IValueDeserializer nestedObjectDeserializer)
   at YamlDotNet.Serialization.Deserializer.Deserialize(IParser parser, Type type)
   at YamlDotNet.Serialization.Deserializer.Deserialize(TextReader input, Type type)
   at YamlDotNet.Serialization.Deserializer.Deserialize(TextReader input)
   at Program.Main(String[] commandLineArguments)
Aborted (core dumped)
</pre>
 </div>


  <div class="framework framework_box_error" id="go-yaml-json">
<h3><a href="#go-yaml-json">go-yaml-json</a></h3>
<span class="status_box color_error">&nbsp;</span>error <pre>yaml: found character that cannot start any token
</pre>
 </div>


  <div class="framework framework_box_error" id="java-snakeengine-json">
<h3><a href="#java-snakeengine-json">java-snakeengine-json</a></h3>
<span class="status_box color_error">&nbsp;</span>error <pre>Exception in thread &quot;main&quot; while scanning for the next token
found character &#39;\t(TAB)&#39; that cannot start any token. (Do not use \t(TAB) for indentation)
 in &#39;reader&#39;, line 1, column 1:
    	[
    ^

	at org.yaml.snakeyaml.scanner.ScannerImpl.fetchMoreTokens(ScannerImpl.java:461)
	at org.yaml.snakeyaml.scanner.ScannerImpl.checkToken(ScannerImpl.java:251)
	at org.yaml.snakeyaml.parser.ParserImpl$ParseImplicitDocumentStart.produce(ParserImpl.java:214)
	at org.yaml.snakeyaml.parser.ParserImpl.peekEvent(ParserImpl.java:166)
	at org.yaml.snakeyaml.parser.ParserImpl.checkEvent(ParserImpl.java:156)
	at org.yaml.snakeyaml.composer.Composer.checkNode(Composer.java:94)
	at org.yaml.snakeyaml.constructor.BaseConstructor.checkData(BaseConstructor.java:124)
	at org.yaml.snakeyaml.Yaml$1.hasNext(Yaml.java:509)
	at org.yaml.editor.Snake2Json.yamlToJson(Snake2Json.java:20)
	at org.yaml.editor.Snake2Json.main(Snake2Json.java:27)
</pre>
 </div>


  <div class="framework framework_box_error" id="java-snakeyaml-event">
<h3><a href="#java-snakeyaml-event">java-snakeyaml-event</a></h3>
<span class="status_box color_error">&nbsp;</span>error <pre>Exception in thread &quot;main&quot; while scanning for the next token
found character &#39;\t(TAB)&#39; that cannot start any token. (Do not use \t(TAB) for indentation)
 in &#39;reader&#39;, line 1, column 1:
    	[
    ^

	at org.yaml.snakeyaml.scanner.ScannerImpl.fetchMoreTokens(ScannerImpl.java:461)
	at org.yaml.snakeyaml.scanner.ScannerImpl.checkToken(ScannerImpl.java:251)
	at org.yaml.snakeyaml.parser.ParserImpl$ParseImplicitDocumentStart.produce(ParserImpl.java:214)
	at org.yaml.snakeyaml.parser.ParserImpl.peekEvent(ParserImpl.java:166)
	at org.yaml.snakeyaml.Yaml$3.hasNext(Yaml.java:677)
	at org.yaml.editor.Snake2Events.yamlToEvents(Snake2Events.java:134)
	at org.yaml.editor.Snake2Events.main(Snake2Events.java:142)
</pre>
 </div>


  <div class="framework framework_box_error" id="java-snakeyaml-json">
<h3><a href="#java-snakeyaml-json">java-snakeyaml-json</a></h3>
<span class="status_box color_error">&nbsp;</span>error <pre>Exception in thread &quot;main&quot; while scanning for the next token
found character &#39;\t(TAB)&#39; that cannot start any token. (Do not use \t(TAB) for indentation)
 in &#39;reader&#39;, line 1, column 1:
    	[
    ^

	at org.yaml.snakeyaml.scanner.ScannerImpl.fetchMoreTokens(ScannerImpl.java:461)
	at org.yaml.snakeyaml.scanner.ScannerImpl.checkToken(ScannerImpl.java:251)
	at org.yaml.snakeyaml.parser.ParserImpl$ParseImplicitDocumentStart.produce(ParserImpl.java:214)
	at org.yaml.snakeyaml.parser.ParserImpl.peekEvent(ParserImpl.java:166)
	at org.yaml.snakeyaml.parser.ParserImpl.checkEvent(ParserImpl.java:156)
	at org.yaml.snakeyaml.composer.Composer.checkNode(Composer.java:94)
	at org.yaml.snakeyaml.constructor.BaseConstructor.checkData(BaseConstructor.java:124)
	at org.yaml.snakeyaml.Yaml$1.hasNext(Yaml.java:509)
	at org.yaml.editor.Snake2Json.yamlToJson(Snake2Json.java:20)
	at org.yaml.editor.Snake2Json.main(Snake2Json.java:27)
</pre>
 </div>


  <div class="framework framework_box_error" id="lua-lyaml-json">
<h3><a href="#lua-lyaml-json">lua-lyaml-json</a></h3>
<span class="status_box color_error">&nbsp;</span>error <pre>luajit: 1:1: found character that cannot start any token
stack traceback:
	[C]: in function &#39;error&#39;
	/usr/local/share/lua/5.1/lyaml/init.lua:306: in function &#39;error&#39;
	/usr/local/share/lua/5.1/lyaml/init.lua:325: in function &#39;parse&#39;
	/usr/local/share/lua/5.1/lyaml/init.lua:496: in function &#39;load&#39;
	/yaml/bin/lua-lyaml-json:6: in main chunk
	[C]: at 0x564bc37eef97
</pre>
 </div>


  <div class="framework framework_box_error" id="perl-pplibyaml-json">
<h3><a href="#perl-pplibyaml-json">perl-pplibyaml-json</a></h3>
<span class="status_box color_error">&nbsp;</span>error <pre>YAML::PP::LibYAML Error: The problem:

    found character that cannot start any token

was found at 
while scanning for the next token at line: 1, column: 1
</pre>
 </div>


  <div class="framework framework_box_error" id="perl-pplibyaml-perl">
<h3><a href="#perl-pplibyaml-perl">perl-pplibyaml-perl</a></h3>
<span class="status_box color_error">&nbsp;</span>error <pre>YAML::PP::LibYAML Error: The problem:

    found character that cannot start any token

was found at 
while scanning for the next token at line: 1, column: 1
</pre>
 </div>


  <div class="framework framework_box_error" id="perl-tiny-json">
<h3><a href="#perl-tiny-json">perl-tiny-json</a></h3>
<span class="status_box color_error">&nbsp;</span>error <pre>YAML::Tiny failed to classify line &#39;	[&#39; at /yaml/bin/perl-tiny-json line 12.
</pre>
 </div>


  <div class="framework framework_box_error" id="perl-tiny-perl">
<h3><a href="#perl-tiny-perl">perl-tiny-perl</a></h3>
<span class="status_box color_error">&nbsp;</span>error <pre>YAML::Tiny failed to classify line &#39;	[&#39; at /yaml/bin/perl-tiny-perl line 15.
</pre>
 </div>


  <div class="framework framework_box_error" id="perl-xs-json">
<h3><a href="#perl-xs-json">perl-xs-json</a></h3>
<span class="status_box color_error">&nbsp;</span>error <pre>YAML::XS::Load Error: The problem:

    found character that cannot start any token

was found at document: 1
while scanning for the next token at line: 1, column: 1
</pre>
 </div>


  <div class="framework framework_box_error" id="perl-xs-perl">
<h3><a href="#perl-xs-perl">perl-xs-perl</a></h3>
<span class="status_box color_error">&nbsp;</span>error <pre>YAML::XS::Load Error: The problem:

    found character that cannot start any token

was found at document: 1
while scanning for the next token at line: 1, column: 1
</pre>
 </div>


  <div class="framework framework_box_error" id="perl-yaml-json">
<h3><a href="#perl-yaml-json">perl-yaml-json</a></h3>
<span class="status_box color_error">&nbsp;</span>error <pre>YAML Error: YAML_PARSE_ERR_NONSPACE_INDENTATION
   Code: YAML_PARSE_ERR_NONSPACE_INDENTATION
   Line: 1
   Document: 1
 at /perl5/lib/perl5/YAML/Loader.pm line 748.
</pre>
 </div>


  <div class="framework framework_box_error" id="perl-yaml-perl">
<h3><a href="#perl-yaml-perl">perl-yaml-perl</a></h3>
<span class="status_box color_error">&nbsp;</span>error <pre>YAML Error: YAML_PARSE_ERR_NONSPACE_INDENTATION
   Code: YAML_PARSE_ERR_NONSPACE_INDENTATION
   Line: 1
   Document: 1
 at /perl5/lib/perl5/YAML/Loader.pm line 748.
</pre>
 </div>


  <div class="framework framework_box_error" id="py-pyyaml-event">
<h3><a href="#py-pyyaml-event">py-pyyaml-event</a></h3>
<span class="status_box color_error">&nbsp;</span>error <pre>+STR
Traceback (most recent call last):
  File &quot;/yaml/bin/py-pyyaml-event&quot;, line 7, in &lt;module&gt;
    for event in yaml.parse(sys.stdin.read()):
  File &quot;/python/lib/python3.7/site-packages/yaml/__init__.py&quot;, line 46, in parse
    while loader.check_event():
  File &quot;/python/lib/python3.7/site-packages/yaml/parser.py&quot;, line 98, in check_event
    self.current_event = self.state()
  File &quot;/python/lib/python3.7/site-packages/yaml/parser.py&quot;, line 143, in parse_implicit_document_start
    StreamEndToken):
  File &quot;/python/lib/python3.7/site-packages/yaml/scanner.py&quot;, line 116, in check_token
    self.fetch_more_tokens()
  File &quot;/python/lib/python3.7/site-packages/yaml/scanner.py&quot;, line 260, in fetch_more_tokens
    self.get_mark())
yaml.scanner.ScannerError: while scanning for the next token
found character &#39;\t&#39; that cannot start any token
  in &quot;&lt;unicode string&gt;&quot;, line 1, column 1:
    	[
    ^
</pre>
 </div>


  <div class="framework framework_box_error" id="py-pyyaml-json">
<h3><a href="#py-pyyaml-json">py-pyyaml-json</a></h3>
<span class="status_box color_error">&nbsp;</span>error <pre>Traceback (most recent call last):
  File &quot;/yaml/bin/py-pyyaml-json&quot;, line 19, in &lt;module&gt;
    for doc in yaml.load_all(sys.stdin.read(), Loader=yaml.FullLoader):
  File &quot;/python/lib/python3.7/site-packages/yaml/__init__.py&quot;, line 92, in load_all
    while loader.check_data():
  File &quot;/python/lib/python3.7/site-packages/yaml/constructor.py&quot;, line 32, in check_data
    return self.check_node()
  File &quot;/python/lib/python3.7/site-packages/yaml/composer.py&quot;, line 22, in check_node
    return not self.check_event(StreamEndEvent)
  File &quot;/python/lib/python3.7/site-packages/yaml/parser.py&quot;, line 98, in check_event
    self.current_event = self.state()
  File &quot;/python/lib/python3.7/site-packages/yaml/parser.py&quot;, line 143, in parse_implicit_document_start
    StreamEndToken):
  File &quot;/python/lib/python3.7/site-packages/yaml/scanner.py&quot;, line 116, in check_token
    self.fetch_more_tokens()
  File &quot;/python/lib/python3.7/site-packages/yaml/scanner.py&quot;, line 260, in fetch_more_tokens
    self.get_mark())
yaml.scanner.ScannerError: while scanning for the next token
found character &#39;\t&#39; that cannot start any token
  in &quot;&lt;unicode string&gt;&quot;, line 1, column 1:
    	[
    ^
</pre>
 </div>


  <div class="framework framework_box_error" id="py-pyyaml-py">
<h3><a href="#py-pyyaml-py">py-pyyaml-py</a></h3>
<span class="status_box color_error">&nbsp;</span>error <pre>Traceback (most recent call last):
  File &quot;/yaml/bin/py-pyyaml-py&quot;, line 36, in &lt;module&gt;
    for doc in yaml.load_all(sys.stdin.read(), Loader=yaml.FullLoader):
  File &quot;/python/lib/python3.7/site-packages/yaml/__init__.py&quot;, line 92, in load_all
    while loader.check_data():
  File &quot;/python/lib/python3.7/site-packages/yaml/constructor.py&quot;, line 32, in check_data
    return self.check_node()
  File &quot;/python/lib/python3.7/site-packages/yaml/composer.py&quot;, line 22, in check_node
    return not self.check_event(StreamEndEvent)
  File &quot;/python/lib/python3.7/site-packages/yaml/parser.py&quot;, line 98, in check_event
    self.current_event = self.state()
  File &quot;/python/lib/python3.7/site-packages/yaml/parser.py&quot;, line 143, in parse_implicit_document_start
    StreamEndToken):
  File &quot;/python/lib/python3.7/site-packages/yaml/scanner.py&quot;, line 116, in check_token
    self.fetch_more_tokens()
  File &quot;/python/lib/python3.7/site-packages/yaml/scanner.py&quot;, line 260, in fetch_more_tokens
    self.get_mark())
yaml.scanner.ScannerError: while scanning for the next token
found character &#39;\t&#39; that cannot start any token
  in &quot;&lt;unicode string&gt;&quot;, line 1, column 1:
    	[
    ^
</pre>
 </div>


  <div class="framework framework_box_error" id="py-ruamel-event">
<h3><a href="#py-ruamel-event">py-ruamel-event</a></h3>
<span class="status_box color_error">&nbsp;</span>error <pre>+STR
Traceback (most recent call last):
  File &quot;/yaml/bin/py-ruamel-event&quot;, line 7, in &lt;module&gt;
    for event in ruamel.yaml.parse(sys.stdin.read()):
  File &quot;/python/lib/python3.7/site-packages/ruamel/yaml/main.py&quot;, line 1024, in parse
    while loader._parser.check_event():
  File &quot;/python/lib/python3.7/site-packages/ruamel/yaml/parser.py&quot;, line 146, in check_event
    self.current_event = self.state()
  File &quot;/python/lib/python3.7/site-packages/ruamel/yaml/parser.py&quot;, line 196, in parse_implicit_document_start
    if not self.scanner.check_token(DirectiveToken, DocumentStartToken, StreamEndToken):
  File &quot;/python/lib/python3.7/site-packages/ruamel/yaml/scanner.py&quot;, line 175, in check_token
    self.fetch_more_tokens()
  File &quot;/python/lib/python3.7/site-packages/ruamel/yaml/scanner.py&quot;, line 327, in fetch_more_tokens
    self.reader.get_mark(),
ruamel.yaml.scanner.ScannerError: while scanning for the next token
found character &#39;\t&#39; that cannot start any token
  in &quot;&lt;unicode string&gt;&quot;, line 1, column 1:
    	[
    ^ (line: 1)
</pre>
 </div>


  <div class="framework framework_box_error" id="py-ruamel-json">
<h3><a href="#py-ruamel-json">py-ruamel-json</a></h3>
<span class="status_box color_error">&nbsp;</span>error <pre>Traceback (most recent call last):
  File &quot;/yaml/bin/py-ruamel-json&quot;, line 19, in &lt;module&gt;
    for doc in ruamel.yaml.load_all(sys.stdin.read(), Loader=ruamel.yaml.Loader):
  File &quot;/python/lib/python3.7/site-packages/ruamel/yaml/main.py&quot;, line 1096, in load_all
    while loader._constructor.check_data():
  File &quot;/python/lib/python3.7/site-packages/ruamel/yaml/constructor.py&quot;, line 108, in check_data
    return self.composer.check_node()
  File &quot;/python/lib/python3.7/site-packages/ruamel/yaml/composer.py&quot;, line 60, in check_node
    return not self.parser.check_event(StreamEndEvent)
  File &quot;/python/lib/python3.7/site-packages/ruamel/yaml/parser.py&quot;, line 146, in check_event
    self.current_event = self.state()
  File &quot;/python/lib/python3.7/site-packages/ruamel/yaml/parser.py&quot;, line 196, in parse_implicit_document_start
    if not self.scanner.check_token(DirectiveToken, DocumentStartToken, StreamEndToken):
  File &quot;/python/lib/python3.7/site-packages/ruamel/yaml/scanner.py&quot;, line 175, in check_token
    self.fetch_more_tokens()
  File &quot;/python/lib/python3.7/site-packages/ruamel/yaml/scanner.py&quot;, line 327, in fetch_more_tokens
    self.reader.get_mark(),
ruamel.yaml.scanner.ScannerError: while scanning for the next token
found character &#39;\t&#39; that cannot start any token
  in &quot;&lt;unicode string&gt;&quot;, line 1, column 1:
    	[
    ^ (line: 1)
</pre>
 </div>


  <div class="framework framework_box_error" id="py-ruamel-py">
<h3><a href="#py-ruamel-py">py-ruamel-py</a></h3>
<span class="status_box color_error">&nbsp;</span>error <pre>Traceback (most recent call last):
  File &quot;/yaml/bin/py-ruamel-py&quot;, line 36, in &lt;module&gt;
    for doc in ruamel.yaml.load_all(sys.stdin.read(), Loader=ruamel.yaml.Loader):
  File &quot;/python/lib/python3.7/site-packages/ruamel/yaml/main.py&quot;, line 1096, in load_all
    while loader._constructor.check_data():
  File &quot;/python/lib/python3.7/site-packages/ruamel/yaml/constructor.py&quot;, line 108, in check_data
    return self.composer.check_node()
  File &quot;/python/lib/python3.7/site-packages/ruamel/yaml/composer.py&quot;, line 60, in check_node
    return not self.parser.check_event(StreamEndEvent)
  File &quot;/python/lib/python3.7/site-packages/ruamel/yaml/parser.py&quot;, line 146, in check_event
    self.current_event = self.state()
  File &quot;/python/lib/python3.7/site-packages/ruamel/yaml/parser.py&quot;, line 196, in parse_implicit_document_start
    if not self.scanner.check_token(DirectiveToken, DocumentStartToken, StreamEndToken):
  File &quot;/python/lib/python3.7/site-packages/ruamel/yaml/scanner.py&quot;, line 175, in check_token
    self.fetch_more_tokens()
  File &quot;/python/lib/python3.7/site-packages/ruamel/yaml/scanner.py&quot;, line 327, in fetch_more_tokens
    self.reader.get_mark(),
ruamel.yaml.scanner.ScannerError: while scanning for the next token
found character &#39;\t&#39; that cannot start any token
  in &quot;&lt;unicode string&gt;&quot;, line 1, column 1:
    	[
    ^ (line: 1)
</pre>
 </div>


  <div class="framework framework_box_error" id="raku-yamlish-json">
<h3><a href="#raku-yamlish-json">raku-yamlish-json</a></h3>
<span class="status_box color_error">&nbsp;</span>error <pre>Couldn&#39;t parse YAML
  in sub load-yamls at /raku/sources/44795C7AB0F35700F4CA9C3E2CC5C924EE4C608F (YAMLish) line 959
  in block &lt;unit&gt; at /yaml/bin/raku-yamlish-json line 6
</pre>
 </div>


  <div class="framework framework_box_error" id="raku-yamlish-raku">
<h3><a href="#raku-yamlish-raku">raku-yamlish-raku</a></h3>
<span class="status_box color_error">&nbsp;</span>error <pre>Couldn&#39;t parse YAML
  in sub load-yamls at /raku/sources/44795C7AB0F35700F4CA9C3E2CC5C924EE4C608F (YAMLish) line 959
  in block &lt;unit&gt; at /yaml/bin/raku-yamlish-raku line 6
</pre>
 </div>


  <div class="framework framework_box_error" id="ruby-psych-json">
<h3><a href="#ruby-psych-json">ruby-psych-json</a></h3>
<span class="status_box color_error">&nbsp;</span>error <pre>/ruby/gems/psych/lib/psych.rb:459:in `parse&#39;: (&lt;unknown&gt;): found character that cannot start any token while scanning for the next token at line 1 column 1 (Psych::SyntaxError)
	from /ruby/gems/psych/lib/psych.rb:459:in `parse_stream&#39;
	from /ruby/gems/psych/lib/psych.rb:565:in `load_stream&#39;
	from /yaml/bin/ruby-psych-json:6:in `&lt;main&gt;&#39;
</pre>
 </div>


 <hr style="clear: both;">    <div class="framework framework_box_na" id="hs-reference-yeast">
<h3><a href="#hs-reference-yeast">hs-reference-yeast</a></h3>
<span class="status_box color_na">&nbsp;</span>na  <pre>Line  Col Char Byte Token|Content
   1    0    0    0 +DOC |
   1    0    0    0 =WSPC|\x09
   1    1    1    1 +NODE|
   1    1    1    1 +SEQ |
   1    1    1    1 =SYNX|[
   1    2    2    2 =EOL |\x0a
   2    0    3    3 =WSPC|\x09
   2    1    4    4 =SYNX|]
   2    2    5    5 -SEQ |
   2    2    5    5 -NODE|
   2    2    5    5 =EOL |\x0a
   3    0    6    6 -DOC |
</pre>

 </div>


  <div class="framework framework_box_na" id="perl-pp-perl">
<h3><a href="#perl-pp-perl">perl-pp-perl</a></h3>
<span class="status_box color_na">&nbsp;</span>na  <pre>[]
</pre>

 </div>


  <div class="framework framework_box_na" id="perl-syck-perl">
<h3><a href="#perl-syck-perl">perl-syck-perl</a></h3>
<span class="status_box color_na">&nbsp;</span>na  <pre>[]
</pre>

 </div>


 <hr style="clear: both;">           </body>
</html>

