<!DOCTYPE html>
<html lang="en">
<head>
<title>#7LBH - Multiline double quoted implicit keys - YAML Test Matrix</title>
<meta charset='utf-8'>
<link rel="stylesheet" type="text/css" href="../css/yaml.css">
<link rel="stylesheet" type="text/css" href="../css/matrix.css">
<link rel="icon" type="image/x-icon" href="http://www.yaml.io/favicon.ico">
</head>
<body>

<h1><a href="../index.html"><tt># YAML Test Matrix</tt></a></h1>
<h2><tt>--- <a
href="https://github.com/yaml/yaml-test-suite/blob/master/test/7LBH.tml">&test-7LBH</a><br>
&nbsp;&nbsp;Title: Multiline double quoted implicit keys</br>
&nbsp;&nbsp;Tags: [ double, error ]</tt></h2>

<div class="framework" id="yaml"><h3><a href="#yaml">YAML</a></h3><pre>&quot;a\nb&quot;: 1
&quot;c
 d&quot;: 1
</pre></div>
<div class="framework" id="events"><h3><a href="#events">Expected Events</a></h3><pre>+STR
+DOC
+MAP
=VAL &quot;a\nb
=VAL :1
</pre></div>
<div class="framework" id="json"><h3><a href="#json">Expected JSON</a></h3>
<pre></pre>
</div>
<hr style="clear: both;">
   <div class="framework framework_box_invalid_incorrect" id="nim-nimyaml-event">
<h3><a href="#nim-nimyaml-event">nim-nimyaml-event</a></h3>
<span class="status_box color_invalid_incorrect">&nbsp;</span>invalid_incorrect <pre>+STR
+DOC
+MAP
=VAL &quot;a\nb
=VAL :1
=VAL &quot;c d
=VAL :1
-MAP
-DOC
-STR
</pre>
 </div>


  <div class="framework framework_box_invalid_incorrect" id="perl-syck-json">
<h3><a href="#perl-syck-json">perl-syck-json</a></h3>
<span class="status_box color_invalid_incorrect">&nbsp;</span>invalid_incorrect <pre>{
   &quot;a\nb&quot; : 1,
   &quot;c d&quot; : 1
}
</pre>
 </div>


  <div class="framework framework_box_invalid_incorrect" id="perl-syck-perl">
<h3><a href="#perl-syck-perl">perl-syck-perl</a></h3>
<span class="status_box color_invalid_incorrect">&nbsp;</span>invalid_incorrect <pre>{
  &#39;a
b&#39; =&gt; 1,
  &#39;c d&#39; =&gt; 1
}
</pre>
 </div>


 <hr style="clear: both;">    <div class="framework framework_box_invalid_correct" id="c-libfyaml-event">
<h3><a href="#c-libfyaml-event">c-libfyaml-event</a></h3>
<span class="status_box color_invalid_correct">&nbsp;</span>invalid_correct <pre>stdin:2:1: error: invalid multiline double-quoted scalar used as key
&quot;c
^
[NOT]: fy_fetch_flow_scalar() failed
[NOT]: fy_fetch_tokens() failed
[NOT]: failed to peek token
+STR
+DOC
+MAP
=VAL &quot;a\nb
=VAL :1
</pre>
 </div>


  <div class="framework framework_box_invalid_correct" id="c-libfyaml-json">
<h3><a href="#c-libfyaml-json">c-libfyaml-json</a></h3>
<span class="status_box color_invalid_correct">&nbsp;</span>invalid_correct <pre>stdin:2:1: error: invalid multiline double-quoted scalar used as key
&quot;c
^
[NOT]: fy_fetch_flow_scalar() failed
[NOT]: fy_fetch_tokens() failed
[NOT]: failed to peek token
</pre>
 </div>


  <div class="framework framework_box_invalid_correct" id="c-libyaml-event">
<h3><a href="#c-libyaml-event">c-libyaml-event</a></h3>
<span class="status_box color_invalid_correct">&nbsp;</span>invalid_correct <pre>Parse error: could not find expected &#39;:&#39;
+STR
+DOC
+MAP
=VAL &quot;a\nb
=VAL :1
</pre>
 </div>


  <div class="framework framework_box_invalid_correct" id="cpp-yamlcpp-event">
<h3><a href="#cpp-yamlcpp-event">cpp-yamlcpp-event</a></h3>
<span class="status_box color_invalid_correct">&nbsp;</span>invalid_correct <pre>Exception:
yaml-cpp: error at line 3, column 4: illegal map value
+STR
+DOC
+MAP
=VAL :a\nb
=VAL :1
</pre>
 </div>


  <div class="framework framework_box_invalid_correct" id="dotnet-yamldotnet-event">
<h3><a href="#dotnet-yamldotnet-event">dotnet-yamldotnet-event</a></h3>
<span class="status_box color_invalid_correct">&nbsp;</span>invalid_correct <pre>Unhandled exception. YamlDotNet.Core.SemanticErrorException: (Line: 2, Col: 1, Idx: 10) - (Line: 3, Col: 4, Idx: 16): While parsing a block mapping, did not find expected key.
   at YamlDotNet.Core.Parser.ParseBlockMappingKey(Boolean isFirst)
   at YamlDotNet.Core.Parser.StateMachine()
   at YamlDotNet.Core.Parser.MoveNext()
   at YamlDotNet.RepresentationModel.LibYamlEventStream.WriteTo(TextWriter textWriter)
   at Program.Main(String[] commandLineArguments)
Aborted (core dumped)
+STR
+DOC
+MAP
=VAL &quot;a\nb
=VAL :1
</pre>
 </div>


  <div class="framework framework_box_invalid_correct" id="dotnet-yamldotnet-json">
<h3><a href="#dotnet-yamldotnet-json">dotnet-yamldotnet-json</a></h3>
<span class="status_box color_invalid_correct">&nbsp;</span>invalid_correct <pre>Unhandled exception. YamlDotNet.Core.SemanticErrorException: (Line: 2, Col: 1, Idx: 10) - (Line: 3, Col: 4, Idx: 16): While parsing a block mapping, did not find expected key.
   at YamlDotNet.Core.Parser.ParseBlockMappingKey(Boolean isFirst)
   at YamlDotNet.Core.Parser.StateMachine()
   at YamlDotNet.Core.Parser.MoveNext()
   at YamlDotNet.Core.ParserExtensions.TryConsume[T](IParser parser, T&amp; event)
   at YamlDotNet.Serialization.NodeDeserializers.ScalarNodeDeserializer.YamlDotNet.Serialization.INodeDeserializer.Deserialize(IParser parser, Type expectedType, Func`3 nestedObjectDeserializer, Object&amp; value)
   at YamlDotNet.Serialization.ValueDeserializers.NodeValueDeserializer.DeserializeValue(IParser parser, Type expectedType, SerializerState state, IValueDeserializer nestedObjectDeserializer)
   at YamlDotNet.Serialization.ValueDeserializers.AliasValueDeserializer.DeserializeValue(IParser parser, Type expectedType, SerializerState state, IValueDeserializer nestedObjectDeserializer)
   at YamlDotNet.Serialization.ValueDeserializers.NodeValueDeserializer.&lt;&gt;c__DisplayClass3_0.&lt;DeserializeValue&gt;b__0(IParser r, Type t)
   at YamlDotNet.Serialization.NodeDeserializers.DictionaryNodeDeserializer.DeserializeHelper(Type tKey, Type tValue, IParser parser, Func`3 nestedObjectDeserializer, IDictionary result)
   at YamlDotNet.Serialization.NodeDeserializers.DictionaryNodeDeserializer.YamlDotNet.Serialization.INodeDeserializer.Deserialize(IParser parser, Type expectedType, Func`3 nestedObjectDeserializer, Object&amp; value)
   at YamlDotNet.Serialization.ValueDeserializers.NodeValueDeserializer.DeserializeValue(IParser parser, Type expectedType, SerializerState state, IValueDeserializer nestedObjectDeserializer)
   at YamlDotNet.Serialization.ValueDeserializers.AliasValueDeserializer.DeserializeValue(IParser parser, Type expectedType, SerializerState state, IValueDeserializer nestedObjectDeserializer)
   at YamlDotNet.Serialization.Deserializer.Deserialize(IParser parser, Type type)
   at YamlDotNet.Serialization.Deserializer.Deserialize(TextReader input, Type type)
   at YamlDotNet.Serialization.Deserializer.Deserialize(TextReader input)
   at Program.Main(String[] commandLineArguments)
Aborted (core dumped)
</pre>
 </div>


  <div class="framework framework_box_invalid_correct" id="hs-hsyaml-event">
<h3><a href="#hs-hsyaml-event">hs-hsyaml-event</a></h3>
<span class="status_box color_invalid_correct">&nbsp;</span>invalid_correct <pre>Parsing error near byte offset Pos {posByteOffset = 10, posCharOffset = 10, posLine = 2, posColumn = 0} (Unexpected &#39;&quot;&#39;)
+STR
+DOC
+MAP
=VAL &quot;a\nb
=VAL :1
-MAP
-DOC
</pre>
 </div>


  <div class="framework framework_box_invalid_correct" id="hs-hsyaml-json">
<h3><a href="#hs-hsyaml-json">hs-hsyaml-json</a></h3>
<span class="status_box color_invalid_correct">&nbsp;</span>invalid_correct <pre>hsyaml-parser: user error (Unexpected &#39;&quot;&#39;)
</pre>
 </div>


  <div class="framework framework_box_invalid_correct" id="java-snakeyaml-event">
<h3><a href="#java-snakeyaml-event">java-snakeyaml-event</a></h3>
<span class="status_box color_invalid_correct">&nbsp;</span>invalid_correct <pre>Exception in thread &quot;main&quot; while scanning a simple key
 in &#39;reader&#39;, line 2, column 1:
    &quot;c
    ^
could not find expected &#39;:&#39;
 in &#39;reader&#39;, line 3, column 4:
     d&quot;: 1
       ^

	at org.yaml.snakeyaml.scanner.ScannerImpl.stalePossibleSimpleKeys(ScannerImpl.java:484)
	at org.yaml.snakeyaml.scanner.ScannerImpl.needMoreTokens(ScannerImpl.java:299)
	at org.yaml.snakeyaml.scanner.ScannerImpl.checkToken(ScannerImpl.java:247)
	at org.yaml.snakeyaml.parser.ParserImpl$ParseBlockMappingKey.produce(ParserImpl.java:634)
	at org.yaml.snakeyaml.parser.ParserImpl.peekEvent(ParserImpl.java:165)
	at org.yaml.snakeyaml.Yaml$3.hasNext(Yaml.java:677)
	at org.yaml.editor.Snake2Events.yamlToEvents(Snake2Events.java:111)
	at org.yaml.editor.Snake2Events.main(Snake2Events.java:119)
</pre>
 </div>


  <div class="framework framework_box_invalid_correct" id="java-snakeyaml-json">
<h3><a href="#java-snakeyaml-json">java-snakeyaml-json</a></h3>
<span class="status_box color_invalid_correct">&nbsp;</span>invalid_correct <pre>Exception in thread &quot;main&quot; while scanning a simple key
 in &#39;reader&#39;, line 2, column 1:
    &quot;c
    ^
could not find expected &#39;:&#39;
 in &#39;reader&#39;, line 3, column 4:
     d&quot;: 1
       ^

	at org.yaml.snakeyaml.scanner.ScannerImpl.stalePossibleSimpleKeys(ScannerImpl.java:484)
	at org.yaml.snakeyaml.scanner.ScannerImpl.needMoreTokens(ScannerImpl.java:299)
	at org.yaml.snakeyaml.scanner.ScannerImpl.checkToken(ScannerImpl.java:247)
	at org.yaml.snakeyaml.parser.ParserImpl$ParseBlockMappingKey.produce(ParserImpl.java:634)
	at org.yaml.snakeyaml.parser.ParserImpl.peekEvent(ParserImpl.java:165)
	at org.yaml.snakeyaml.comments.CommentEventsCollector$1.peek(CommentEventsCollector.java:59)
	at org.yaml.snakeyaml.comments.CommentEventsCollector$1.peek(CommentEventsCollector.java:45)
	at org.yaml.snakeyaml.comments.CommentEventsCollector.collectEvents(CommentEventsCollector.java:140)
	at org.yaml.snakeyaml.comments.CommentEventsCollector.collectEvents(CommentEventsCollector.java:119)
	at org.yaml.snakeyaml.composer.Composer.composeScalarNode(Composer.java:214)
	at org.yaml.snakeyaml.composer.Composer.composeNode(Composer.java:184)
	at org.yaml.snakeyaml.composer.Composer.composeValueNode(Composer.java:314)
	at org.yaml.snakeyaml.composer.Composer.composeMappingChildren(Composer.java:305)
	at org.yaml.snakeyaml.composer.Composer.composeMappingNode(Composer.java:286)
	at org.yaml.snakeyaml.composer.Composer.composeNode(Composer.java:188)
	at org.yaml.snakeyaml.composer.Composer.getNode(Composer.java:115)
	at org.yaml.snakeyaml.constructor.BaseConstructor.getData(BaseConstructor.java:135)
	at org.yaml.snakeyaml.Yaml$1.next(Yaml.java:514)
	at org.yaml.editor.Snake2Json.yamlToJson(Snake2Json.java:18)
	at org.yaml.editor.Snake2Json.main(Snake2Json.java:25)
</pre>
 </div>


  <div class="framework framework_box_invalid_correct" id="js-jsyaml-json">
<h3><a href="#js-jsyaml-json">js-jsyaml-json</a></h3>
<span class="status_box color_invalid_correct">&nbsp;</span>invalid_correct <pre>
/node/node_modules/js-yaml/lib/loader.js:187
  throw generateError(state, message);
  ^
YAMLException: can not read a block mapping entry; a multiline key may not be an implicit key (3:4)

 1 | &quot;a\nb&quot;: 1
 2 | &quot;c
 3 |  d&quot;: 1
--------^
    at generateError (/node/node_modules/js-yaml/lib/loader.js:183:10)
    at throwError (/node/node_modules/js-yaml/lib/loader.js:187:9)
    at readBlockMapping (/node/node_modules/js-yaml/lib/loader.js:1145:9)
    at composeNode (/node/node_modules/js-yaml/lib/loader.js:1441:12)
    at readDocument (/node/node_modules/js-yaml/lib/loader.js:1625:3)
    at loadDocuments (/node/node_modules/js-yaml/lib/loader.js:1688:5)
    at Object.loadAll (/node/node_modules/js-yaml/lib/loader.js:1701:19)
    at Object.&lt;anonymous&gt; (/yaml/bin/js-jsyaml-json:7:13)
    at Module._compile (internal/modules/cjs/loader.js:778:30)
    at Object.Module._extensions..js (internal/modules/cjs/loader.js:789:10)
</pre>
 </div>


  <div class="framework framework_box_invalid_correct" id="js-yaml-event">
<h3><a href="#js-yaml-event">js-yaml-event</a></h3>
<span class="status_box color_invalid_correct">&nbsp;</span>invalid_correct <pre>Implicit keys need to be on a single line at line 2, column 1:

&quot;a\nb&quot;: 1
&quot;c
^
+STR
+DOC
+MAP
=VAL &quot;a\nb
=VAL :1
</pre>
 </div>


  <div class="framework framework_box_invalid_correct" id="js-yaml-json">
<h3><a href="#js-yaml-json">js-yaml-json</a></h3>
<span class="status_box color_invalid_correct">&nbsp;</span>invalid_correct <pre>/yaml/bin/js-yaml-json:8
  if (doc.errors.length !== 0) throw doc.errors[0]
                               ^

YAMLParseError: Implicit keys need to be on a single line at line 2, column 1:

&quot;a\nb&quot;: 1
&quot;c
^

    at Composer.onError (/node/node_modules/yaml/dist/compose/composer.js:71:34)
    at Object.resolveBlockMap (/node/node_modules/yaml/dist/compose/resolve-block-map.js:45:13)
    at Object.composeCollection (/node/node_modules/yaml/dist/compose/compose-collection.js:13:36)
    at Object.composeNode (/node/node_modules/yaml/dist/compose/compose-node.js:30:38)
    at Object.composeDoc (/node/node_modules/yaml/dist/compose/compose-doc.js:31:23)
    at Composer.next (/node/node_modules/yaml/dist/compose/composer.js:152:40)
    at next (&lt;anonymous&gt;)
    at Composer.compose (/node/node_modules/yaml/dist/compose/composer.js:134:25)
    at compose.next (&lt;anonymous&gt;)
    at Function.from (&lt;anonymous&gt;)
</pre>
 </div>


  <div class="framework framework_box_invalid_correct" id="lua-lyaml-json">
<h3><a href="#lua-lyaml-json">lua-lyaml-json</a></h3>
<span class="status_box color_invalid_correct">&nbsp;</span>invalid_correct <pre>luajit: 1:9: could not find expected &#39;:&#39;
stack traceback:
	[C]: in function &#39;error&#39;
	/usr/local/share/lua/5.1/lyaml/init.lua:306: in function &#39;error&#39;
	/usr/local/share/lua/5.1/lyaml/init.lua:325: in function &#39;parse&#39;
	/usr/local/share/lua/5.1/lyaml/init.lua:443: in function &#39;load_node&#39;
	/usr/local/share/lua/5.1/lyaml/init.lua:340: in function &#39;load_node&#39;
	/usr/local/share/lua/5.1/lyaml/init.lua:497: in function &#39;load&#39;
	/yaml/bin/lua-lyaml-json:6: in main chunk
	[C]: at 0x55727bb06f97
</pre>
 </div>


  <div class="framework framework_box_invalid_correct" id="perl-pp-event">
<h3><a href="#perl-pp-event">perl-pp-event</a></h3>
<span class="status_box color_invalid_correct">&nbsp;</span>invalid_correct <pre>Line      : 2
Column    : 1
Expected  : ALIAS COLON DOC_END DOC_START EOL PLAIN QUESTION QUOTED
Got       : QUOTED_MULTILINE
Where     : /perl5/lib/perl5/YAML/PP/Parser.pm line 392
YAML      : &quot;c d: 1\n&quot;
  at /yaml/bin/perl-pp-event line 25.
+STR
+DOC
+MAP
=VAL &quot;a\nb
=VAL :1
</pre>
 </div>


  <div class="framework framework_box_invalid_correct" id="perl-pp-json">
<h3><a href="#perl-pp-json">perl-pp-json</a></h3>
<span class="status_box color_invalid_correct">&nbsp;</span>invalid_correct <pre>Line      : 2
Column    : 1
Expected  : ALIAS COLON DOC_END DOC_START EOL PLAIN QUESTION QUOTED
Got       : QUOTED_MULTILINE
Where     : /perl5/lib/perl5/YAML/PP/Parser.pm line 392
YAML      : &quot;c d: 1\n&quot;
  at /perl5/lib/perl5/YAML/PP/Loader.pm line 94.
</pre>
 </div>


  <div class="framework framework_box_invalid_correct" id="perl-pp-perl">
<h3><a href="#perl-pp-perl">perl-pp-perl</a></h3>
<span class="status_box color_invalid_correct">&nbsp;</span>invalid_correct <pre>Line      : 2
Column    : 1
Expected  : ALIAS COLON DOC_END DOC_START EOL PLAIN QUESTION QUOTED
Got       : QUOTED_MULTILINE
Where     : /perl5/lib/perl5/YAML/PP/Parser.pm line 392
YAML      : &quot;c d: 1\n&quot;
  at /perl5/lib/perl5/YAML/PP/Loader.pm line 94.
</pre>
 </div>


  <div class="framework framework_box_invalid_correct" id="perl-pplibyaml-event">
<h3><a href="#perl-pplibyaml-event">perl-pplibyaml-event</a></h3>
<span class="status_box color_invalid_correct">&nbsp;</span>invalid_correct <pre>YAML::PP::LibYAML Error: The problem:

    could not find expected &#39;:&#39;

was found at , line: 3, column: 4
while scanning a simple key at line: 2, column: 1
</pre>
 </div>


  <div class="framework framework_box_invalid_correct" id="perl-pplibyaml-json">
<h3><a href="#perl-pplibyaml-json">perl-pplibyaml-json</a></h3>
<span class="status_box color_invalid_correct">&nbsp;</span>invalid_correct <pre>YAML::PP::LibYAML Error: The problem:

    could not find expected &#39;:&#39;

was found at , line: 3, column: 4
while scanning a simple key at line: 2, column: 1
</pre>
 </div>


  <div class="framework framework_box_invalid_correct" id="perl-pplibyaml-perl">
<h3><a href="#perl-pplibyaml-perl">perl-pplibyaml-perl</a></h3>
<span class="status_box color_invalid_correct">&nbsp;</span>invalid_correct <pre>YAML::PP::LibYAML Error: The problem:

    could not find expected &#39;:&#39;

was found at , line: 3, column: 4
while scanning a simple key at line: 2, column: 1
</pre>
 </div>


  <div class="framework framework_box_invalid_correct" id="perl-refparser-event">
<h3><a href="#perl-refparser-event">perl-refparser-event</a></h3>
<span class="status_box color_invalid_correct">&nbsp;</span>invalid_correct <pre>Parser finished before end of input at /perl5/lib/perl5/YAML/Parser.pm line 4047, &lt;&gt; line 1.
</pre>
 </div>


  <div class="framework framework_box_invalid_correct" id="perl-tiny-json">
<h3><a href="#perl-tiny-json">perl-tiny-json</a></h3>
<span class="status_box color_invalid_correct">&nbsp;</span>invalid_correct <pre>YAML::Tiny failed to classify line &#39;&quot;c&#39; at /yaml/bin/perl-tiny-json line 12.
</pre>
 </div>


  <div class="framework framework_box_invalid_correct" id="perl-tiny-perl">
<h3><a href="#perl-tiny-perl">perl-tiny-perl</a></h3>
<span class="status_box color_invalid_correct">&nbsp;</span>invalid_correct <pre>YAML::Tiny failed to classify line &#39;&quot;c&#39; at /yaml/bin/perl-tiny-perl line 15.
</pre>
 </div>


  <div class="framework framework_box_invalid_correct" id="perl-xs-json">
<h3><a href="#perl-xs-json">perl-xs-json</a></h3>
<span class="status_box color_invalid_correct">&nbsp;</span>invalid_correct <pre>YAML::XS::Load Error: The problem:

    could not find expected &#39;:&#39;

was found at document: 1, line: 3, column: 4
while scanning a simple key at line: 2, column: 1
</pre>
 </div>


  <div class="framework framework_box_invalid_correct" id="perl-xs-perl">
<h3><a href="#perl-xs-perl">perl-xs-perl</a></h3>
<span class="status_box color_invalid_correct">&nbsp;</span>invalid_correct <pre>YAML::XS::Load Error: The problem:

    could not find expected &#39;:&#39;

was found at document: 1, line: 3, column: 4
while scanning a simple key at line: 2, column: 1
</pre>
 </div>


  <div class="framework framework_box_invalid_correct" id="perl-yaml-json">
<h3><a href="#perl-yaml-json">perl-yaml-json</a></h3>
<span class="status_box color_invalid_correct">&nbsp;</span>invalid_correct <pre>YAML Error: Can&#39;t parse double quoted string
   Code: YAML_PARSE_ERR_BAD_DOUBLE
   Line: 2
   Document: 1
 at /perl5/lib/perl5/YAML/Loader.pm line 574.
</pre>
 </div>


  <div class="framework framework_box_invalid_correct" id="perl-yaml-perl">
<h3><a href="#perl-yaml-perl">perl-yaml-perl</a></h3>
<span class="status_box color_invalid_correct">&nbsp;</span>invalid_correct <pre>YAML Error: Can&#39;t parse double quoted string
   Code: YAML_PARSE_ERR_BAD_DOUBLE
   Line: 2
   Document: 1
 at /perl5/lib/perl5/YAML/Loader.pm line 574.
</pre>
 </div>


  <div class="framework framework_box_invalid_correct" id="py-pyyaml-event">
<h3><a href="#py-pyyaml-event">py-pyyaml-event</a></h3>
<span class="status_box color_invalid_correct">&nbsp;</span>invalid_correct <pre>Traceback (most recent call last):
  File &quot;/yaml/bin/py-pyyaml-event&quot;, line 7, in &lt;module&gt;
    for event in yaml.parse(sys.stdin.read()):
  File &quot;/python/lib/python3.7/site-packages/yaml/__init__.py&quot;, line 75, in parse
    while loader.check_event():
  File &quot;/python/lib/python3.7/site-packages/yaml/parser.py&quot;, line 98, in check_event
    self.current_event = self.state()
  File &quot;/python/lib/python3.7/site-packages/yaml/parser.py&quot;, line 428, in parse_block_mapping_key
    if self.check_token(KeyToken):
  File &quot;/python/lib/python3.7/site-packages/yaml/scanner.py&quot;, line 115, in check_token
    while self.need_more_tokens():
  File &quot;/python/lib/python3.7/site-packages/yaml/scanner.py&quot;, line 152, in need_more_tokens
    self.stale_possible_simple_keys()
  File &quot;/python/lib/python3.7/site-packages/yaml/scanner.py&quot;, line 292, in stale_possible_simple_keys
    &quot;could not find expected &#39;:&#39;&quot;, self.get_mark())
yaml.scanner.ScannerError: while scanning a simple key
  in &quot;&lt;unicode string&gt;&quot;, line 2, column 1:
    &quot;c
    ^
could not find expected &#39;:&#39;
  in &quot;&lt;unicode string&gt;&quot;, line 3, column 4:
     d&quot;: 1
       ^
+STR
+DOC
+MAP
=VAL &quot;a\nb
=VAL :1
</pre>
 </div>


  <div class="framework framework_box_invalid_correct" id="py-pyyaml-json">
<h3><a href="#py-pyyaml-json">py-pyyaml-json</a></h3>
<span class="status_box color_invalid_correct">&nbsp;</span>invalid_correct <pre>Traceback (most recent call last):
  File &quot;/yaml/bin/py-pyyaml-json&quot;, line 19, in &lt;module&gt;
    for doc in yaml.load_all(sys.stdin.read(), Loader=yaml.FullLoader):
  File &quot;/python/lib/python3.7/site-packages/yaml/__init__.py&quot;, line 130, in load_all
    yield loader.get_data()
  File &quot;/python/lib/python3.7/site-packages/yaml/constructor.py&quot;, line 45, in get_data
    return self.construct_document(self.get_node())
  File &quot;/python/lib/python3.7/site-packages/yaml/composer.py&quot;, line 27, in get_node
    return self.compose_document()
  File &quot;/python/lib/python3.7/site-packages/yaml/composer.py&quot;, line 55, in compose_document
    node = self.compose_node(None, None)
  File &quot;/python/lib/python3.7/site-packages/yaml/composer.py&quot;, line 84, in compose_node
    node = self.compose_mapping_node(anchor)
  File &quot;/python/lib/python3.7/site-packages/yaml/composer.py&quot;, line 127, in compose_mapping_node
    while not self.check_event(MappingEndEvent):
  File &quot;/python/lib/python3.7/site-packages/yaml/parser.py&quot;, line 98, in check_event
    self.current_event = self.state()
  File &quot;/python/lib/python3.7/site-packages/yaml/parser.py&quot;, line 428, in parse_block_mapping_key
    if self.check_token(KeyToken):
  File &quot;/python/lib/python3.7/site-packages/yaml/scanner.py&quot;, line 115, in check_token
    while self.need_more_tokens():
  File &quot;/python/lib/python3.7/site-packages/yaml/scanner.py&quot;, line 152, in need_more_tokens
    self.stale_possible_simple_keys()
  File &quot;/python/lib/python3.7/site-packages/yaml/scanner.py&quot;, line 292, in stale_possible_simple_keys
    &quot;could not find expected &#39;:&#39;&quot;, self.get_mark())
yaml.scanner.ScannerError: while scanning a simple key
  in &quot;&lt;unicode string&gt;&quot;, line 2, column 1:
    &quot;c
    ^
could not find expected &#39;:&#39;
  in &quot;&lt;unicode string&gt;&quot;, line 3, column 4:
     d&quot;: 1
       ^
</pre>
 </div>


  <div class="framework framework_box_invalid_correct" id="py-pyyaml-py">
<h3><a href="#py-pyyaml-py">py-pyyaml-py</a></h3>
<span class="status_box color_invalid_correct">&nbsp;</span>invalid_correct <pre>Traceback (most recent call last):
  File &quot;/yaml/bin/py-pyyaml-py&quot;, line 36, in &lt;module&gt;
    for doc in yaml.load_all(sys.stdin.read(), Loader=yaml.FullLoader):
  File &quot;/python/lib/python3.7/site-packages/yaml/__init__.py&quot;, line 130, in load_all
    yield loader.get_data()
  File &quot;/python/lib/python3.7/site-packages/yaml/constructor.py&quot;, line 45, in get_data
    return self.construct_document(self.get_node())
  File &quot;/python/lib/python3.7/site-packages/yaml/composer.py&quot;, line 27, in get_node
    return self.compose_document()
  File &quot;/python/lib/python3.7/site-packages/yaml/composer.py&quot;, line 55, in compose_document
    node = self.compose_node(None, None)
  File &quot;/python/lib/python3.7/site-packages/yaml/composer.py&quot;, line 84, in compose_node
    node = self.compose_mapping_node(anchor)
  File &quot;/python/lib/python3.7/site-packages/yaml/composer.py&quot;, line 127, in compose_mapping_node
    while not self.check_event(MappingEndEvent):
  File &quot;/python/lib/python3.7/site-packages/yaml/parser.py&quot;, line 98, in check_event
    self.current_event = self.state()
  File &quot;/python/lib/python3.7/site-packages/yaml/parser.py&quot;, line 428, in parse_block_mapping_key
    if self.check_token(KeyToken):
  File &quot;/python/lib/python3.7/site-packages/yaml/scanner.py&quot;, line 115, in check_token
    while self.need_more_tokens():
  File &quot;/python/lib/python3.7/site-packages/yaml/scanner.py&quot;, line 152, in need_more_tokens
    self.stale_possible_simple_keys()
  File &quot;/python/lib/python3.7/site-packages/yaml/scanner.py&quot;, line 292, in stale_possible_simple_keys
    &quot;could not find expected &#39;:&#39;&quot;, self.get_mark())
yaml.scanner.ScannerError: while scanning a simple key
  in &quot;&lt;unicode string&gt;&quot;, line 2, column 1:
    &quot;c
    ^
could not find expected &#39;:&#39;
  in &quot;&lt;unicode string&gt;&quot;, line 3, column 4:
     d&quot;: 1
       ^
</pre>
 </div>


  <div class="framework framework_box_invalid_correct" id="py-ruamel-event">
<h3><a href="#py-ruamel-event">py-ruamel-event</a></h3>
<span class="status_box color_invalid_correct">&nbsp;</span>invalid_correct <pre>Traceback (most recent call last):
  File &quot;/yaml/bin/py-ruamel-event&quot;, line 7, in &lt;module&gt;
    for event in ruamel.yaml.parse(sys.stdin.read()):
  File &quot;/python/lib/python3.7/site-packages/ruamel/yaml/main.py&quot;, line 907, in parse
    while loader._parser.check_event():
  File &quot;/python/lib/python3.7/site-packages/ruamel/yaml/parser.py&quot;, line 140, in check_event
    self.current_event = self.state()
  File &quot;/python/lib/python3.7/site-packages/ruamel/yaml/parser.py&quot;, line 571, in parse_block_mapping_key
    if self.scanner.check_token(KeyToken):
  File &quot;/python/lib/python3.7/site-packages/ruamel/yaml/scanner.py&quot;, line 169, in check_token
    while self.need_more_tokens():
  File &quot;/python/lib/python3.7/site-packages/ruamel/yaml/scanner.py&quot;, line 206, in need_more_tokens
    self.stale_possible_simple_keys()
  File &quot;/python/lib/python3.7/site-packages/ruamel/yaml/scanner.py&quot;, line 359, in stale_possible_simple_keys
    self.reader.get_mark(),
ruamel.yaml.scanner.ScannerError: while scanning a simple key
  in &quot;&lt;unicode string&gt;&quot;, line 2, column 1:
    &quot;c
    ^ (line: 2)
could not find expected &#39;:&#39;
  in &quot;&lt;unicode string&gt;&quot;, line 3, column 4:
     d&quot;: 1
       ^ (line: 3)
+STR
+DOC
+MAP
=VAL &quot;a\nb
=VAL :1
</pre>
 </div>


  <div class="framework framework_box_invalid_correct" id="py-ruamel-json">
<h3><a href="#py-ruamel-json">py-ruamel-json</a></h3>
<span class="status_box color_invalid_correct">&nbsp;</span>invalid_correct <pre>Traceback (most recent call last):
  File &quot;/yaml/bin/py-ruamel-json&quot;, line 19, in &lt;module&gt;
    for doc in ruamel.yaml.load_all(sys.stdin.read(), Loader=ruamel.yaml.Loader):
  File &quot;/python/lib/python3.7/site-packages/ruamel/yaml/main.py&quot;, line 976, in load_all
    yield loader._constructor.get_data()
  File &quot;/python/lib/python3.7/site-packages/ruamel/yaml/constructor.py&quot;, line 106, in get_data
    return self.construct_document(self.composer.get_node())
  File &quot;/python/lib/python3.7/site-packages/ruamel/yaml/composer.py&quot;, line 68, in get_node
    return self.compose_document()
  File &quot;/python/lib/python3.7/site-packages/ruamel/yaml/composer.py&quot;, line 101, in compose_document
    node = self.compose_node(None, None)
  File &quot;/python/lib/python3.7/site-packages/ruamel/yaml/composer.py&quot;, line 138, in compose_node
    node = self.compose_mapping_node(anchor)
  File &quot;/python/lib/python3.7/site-packages/ruamel/yaml/composer.py&quot;, line 211, in compose_mapping_node
    while not self.parser.check_event(MappingEndEvent):
  File &quot;/python/lib/python3.7/site-packages/ruamel/yaml/parser.py&quot;, line 140, in check_event
    self.current_event = self.state()
  File &quot;/python/lib/python3.7/site-packages/ruamel/yaml/parser.py&quot;, line 571, in parse_block_mapping_key
    if self.scanner.check_token(KeyToken):
  File &quot;/python/lib/python3.7/site-packages/ruamel/yaml/scanner.py&quot;, line 169, in check_token
    while self.need_more_tokens():
  File &quot;/python/lib/python3.7/site-packages/ruamel/yaml/scanner.py&quot;, line 206, in need_more_tokens
    self.stale_possible_simple_keys()
  File &quot;/python/lib/python3.7/site-packages/ruamel/yaml/scanner.py&quot;, line 359, in stale_possible_simple_keys
    self.reader.get_mark(),
ruamel.yaml.scanner.ScannerError: while scanning a simple key
  in &quot;&lt;unicode string&gt;&quot;, line 2, column 1:
    &quot;c
    ^ (line: 2)
could not find expected &#39;:&#39;
  in &quot;&lt;unicode string&gt;&quot;, line 3, column 4:
     d&quot;: 1
       ^ (line: 3)
</pre>
 </div>


  <div class="framework framework_box_invalid_correct" id="py-ruamel-py">
<h3><a href="#py-ruamel-py">py-ruamel-py</a></h3>
<span class="status_box color_invalid_correct">&nbsp;</span>invalid_correct <pre>Traceback (most recent call last):
  File &quot;/yaml/bin/py-ruamel-py&quot;, line 36, in &lt;module&gt;
    for doc in ruamel.yaml.load_all(sys.stdin.read(), Loader=ruamel.yaml.Loader):
  File &quot;/python/lib/python3.7/site-packages/ruamel/yaml/main.py&quot;, line 976, in load_all
    yield loader._constructor.get_data()
  File &quot;/python/lib/python3.7/site-packages/ruamel/yaml/constructor.py&quot;, line 106, in get_data
    return self.construct_document(self.composer.get_node())
  File &quot;/python/lib/python3.7/site-packages/ruamel/yaml/composer.py&quot;, line 68, in get_node
    return self.compose_document()
  File &quot;/python/lib/python3.7/site-packages/ruamel/yaml/composer.py&quot;, line 101, in compose_document
    node = self.compose_node(None, None)
  File &quot;/python/lib/python3.7/site-packages/ruamel/yaml/composer.py&quot;, line 138, in compose_node
    node = self.compose_mapping_node(anchor)
  File &quot;/python/lib/python3.7/site-packages/ruamel/yaml/composer.py&quot;, line 211, in compose_mapping_node
    while not self.parser.check_event(MappingEndEvent):
  File &quot;/python/lib/python3.7/site-packages/ruamel/yaml/parser.py&quot;, line 140, in check_event
    self.current_event = self.state()
  File &quot;/python/lib/python3.7/site-packages/ruamel/yaml/parser.py&quot;, line 571, in parse_block_mapping_key
    if self.scanner.check_token(KeyToken):
  File &quot;/python/lib/python3.7/site-packages/ruamel/yaml/scanner.py&quot;, line 169, in check_token
    while self.need_more_tokens():
  File &quot;/python/lib/python3.7/site-packages/ruamel/yaml/scanner.py&quot;, line 206, in need_more_tokens
    self.stale_possible_simple_keys()
  File &quot;/python/lib/python3.7/site-packages/ruamel/yaml/scanner.py&quot;, line 359, in stale_possible_simple_keys
    self.reader.get_mark(),
ruamel.yaml.scanner.ScannerError: while scanning a simple key
  in &quot;&lt;unicode string&gt;&quot;, line 2, column 1:
    &quot;c
    ^ (line: 2)
could not find expected &#39;:&#39;
  in &quot;&lt;unicode string&gt;&quot;, line 3, column 4:
     d&quot;: 1
       ^ (line: 3)
</pre>
 </div>


  <div class="framework framework_box_invalid_correct" id="ruby-psych-json">
<h3><a href="#ruby-psych-json">ruby-psych-json</a></h3>
<span class="status_box color_invalid_correct">&nbsp;</span>invalid_correct <pre>/usr/lib/ruby/2.5.0/psych.rb:405:in `parse&#39;: (&lt;unknown&gt;): could not find expected &#39;:&#39; while scanning a simple key at line 2 column 1 (Psych::SyntaxError)
	from /usr/lib/ruby/2.5.0/psych.rb:405:in `parse_stream&#39;
	from /usr/lib/ruby/2.5.0/psych.rb:488:in `load_stream&#39;
	from /yaml/bin/ruby-psych-json:6:in `&lt;main&gt;&#39;
</pre>
 </div>


 <hr style="clear: both;">  </body>
</html>

