<!DOCTYPE html>
<html lang="en">
<head>
<title>#G7JE - Multiline implicit keys - YAML Test Matrix</title>
<meta charset='utf-8'>
<link rel="stylesheet" type="text/css" href="../css/yaml.css">
<link rel="stylesheet" type="text/css" href="../css/matrix.css">
<link rel="stylesheet" type="text/css" href="../css/yaml-tokens.css">
<link rel="icon" type="image/x-icon" href="http://www.yaml.io/favicon.ico">
</head>
<body>

<h1><a href="../index.html"><tt># YAML Test Matrix</tt></a></h1>
<h2><tt>--- <a
href="https://github.com/yaml/yaml-test-suite/blob/master/src/G7JE.yaml">&test-G7JE</a><br>
&nbsp;&nbsp;Title: Multiline implicit keys</br>
&nbsp;&nbsp;Tags: [ error, mapping ]</tt></h2>

<div class="framework" id="yaml"><h3><a href="#yaml">YAML</a></h3><pre><span class="default">a\nb: 1</span><span class="eol">
</span><span class="default">c</span><span class="eol">
</span><span class="default"> d: 1</span><span class="eol">
</span></pre></div>
<div class="framework" id="events"><h3><a href="#events">Expected Events</a></h3><pre>+STR
+DOC
+MAP
=VAL :a\\nb
=VAL :1
</pre></div>
<div class="framework" id="json"><h3><a href="#json">Expected JSON</a></h3>
<pre></pre>
</div>
<hr style="clear: both;">
   <div class="framework framework_box_invalid_incorrect" id="hs-reference-yeast">
<h3><a href="#hs-reference-yeast">hs-reference-yeast</a></h3>
<span class="status_box color_invalid_incorrect">&nbsp;</span>invalid_incorrect <pre>Line  Col Char Byte Token|Content
   1    0    0    0 +DOC |
   1    0    0    0 +NODE|
   1    0    0    0 +MAP |
   1    0    0    0 +PAIR|
   1    0    0    0 +NODE|
   1    0    0    0 +VAL |
   1    0    0    0 =TEXT|a\x5cnb
   1    4    4    4 -VAL |
   1    4    4    4 -NODE|
   1    4    4    4 =SYNX|:
   1    5    5    5 =WSPC|.
   1    6    6    6 +NODE|
   1    6    6    6 +VAL |
   1    6    6    6 =TEXT|1
   1    7    7    7 -VAL |
   1    7    7    7 -NODE|
   1    7    7    7 =EOL |\x0a
   2    0    8    8 -PAIR|
   2    0    8    8 -MAP |
   2    0    8    8 -NODE|
   2    0    8    8 -DOC |
   2    0    8    8 =ERR |Unexpected.&#39;c&#39;
</pre>
 </div>


  <div class="framework framework_box_invalid_incorrect" id="perl-syck-json">
<h3><a href="#perl-syck-json">perl-syck-json</a></h3>
<span class="status_box color_invalid_incorrect">&nbsp;</span>invalid_incorrect <pre>{
   &quot;a\\nb&quot; : 1,
   &quot;c d&quot; : 1
}
</pre>
 </div>


  <div class="framework framework_box_invalid_incorrect" id="perl-syck-perl">
<h3><a href="#perl-syck-perl">perl-syck-perl</a></h3>
<span class="status_box color_invalid_incorrect">&nbsp;</span>invalid_incorrect <pre>{
  &#39;a\\nb&#39; =&gt; 1,
  &#39;c d&#39; =&gt; 1
}
</pre>
 </div>


 <hr style="clear: both;">    <div class="framework framework_box_invalid_correct" id="c-libfyaml-event">
<h3><a href="#c-libfyaml-event">c-libfyaml-event</a></h3>
<span class="status_box color_invalid_correct">&nbsp;</span>invalid_correct <pre>stdin:2:1: error: invalid multiline plain key
c
^
 d: 1
~~
+STR
+DOC
+MAP
=VAL :a\\nb
=VAL :1
</pre>
 </div>


  <div class="framework framework_box_invalid_correct" id="c-libfyaml-json">
<h3><a href="#c-libfyaml-json">c-libfyaml-json</a></h3>
<span class="status_box color_invalid_correct">&nbsp;</span>invalid_correct <pre>stdin:2:1: error: invalid multiline plain key
c
^
 d: 1
~~
</pre>
 </div>


  <div class="framework framework_box_invalid_correct" id="c-libyaml-event">
<h3><a href="#c-libyaml-event">c-libyaml-event</a></h3>
<span class="status_box color_invalid_correct">&nbsp;</span>invalid_correct <pre>Parse error: could not find expected &#39;:&#39;
+STR
+DOC
+MAP
=VAL :a\\nb
=VAL :1
</pre>
 </div>


  <div class="framework framework_box_invalid_correct" id="cpp-rapidyaml-event">
<h3><a href="#cpp-rapidyaml-event">cpp-rapidyaml-event</a></h3>
<span class="status_box color_invalid_correct">&nbsp;</span>invalid_correct <pre>-:3:3: (12B): ERROR: &#39;: &#39; is not a valid token in plain flow (unquoted) scalars
-:3:3:  d: 1  (size=5)
         ^~~  (cols 3-6)
</pre>
 </div>


  <div class="framework framework_box_invalid_correct" id="cpp-yamlcpp-event">
<h3><a href="#cpp-yamlcpp-event">cpp-yamlcpp-event</a></h3>
<span class="status_box color_invalid_correct">&nbsp;</span>invalid_correct <pre>Exception:
yaml-cpp: error at line 3, column 3: illegal map value
+STR
+DOC
+MAP
=VAL :a\\nb
=VAL :1
</pre>
 </div>


  <div class="framework framework_box_invalid_correct" id="dotnet-yamldotnet-event">
<h3><a href="#dotnet-yamldotnet-event">dotnet-yamldotnet-event</a></h3>
<span class="status_box color_invalid_correct">&nbsp;</span>invalid_correct <pre>Unhandled exception. YamlDotNet.Core.SyntaxErrorException: (Line: 3, Col: 3, Idx: 12) - (Line: 3, Col: 3, Idx: 12): While scanning a multiline plain scalar, found invalid mapping.
   at YamlDotNet.Core.Parser.ParseBlockMappingKey(Boolean isFirst)
   at YamlDotNet.Core.Parser.StateMachine()
   at YamlDotNet.Core.Parser.MoveNext()
   at YamlDotNet.RepresentationModel.LibYamlEventStream.WriteTo(TextWriter textWriter)
   at Program.Main(String[] commandLineArguments)
Aborted (core dumped)
+STR
+DOC
+MAP
=VAL :a\\nb
=VAL :1
</pre>
 </div>


  <div class="framework framework_box_invalid_correct" id="dotnet-yamldotnet-json">
<h3><a href="#dotnet-yamldotnet-json">dotnet-yamldotnet-json</a></h3>
<span class="status_box color_invalid_correct">&nbsp;</span>invalid_correct <pre>Unhandled exception. YamlDotNet.Core.SyntaxErrorException: (Line: 3, Col: 3, Idx: 12) - (Line: 3, Col: 3, Idx: 12): While scanning a multiline plain scalar, found invalid mapping.
   at YamlDotNet.Core.Parser.ParseBlockMappingKey(Boolean isFirst)
   at YamlDotNet.Core.Parser.StateMachine()
   at YamlDotNet.Core.Parser.MoveNext()
   at YamlDotNet.Core.ParserExtensions.TryConsume[T](IParser parser, T&amp; event)
   at YamlDotNet.Serialization.NodeDeserializers.ScalarNodeDeserializer.YamlDotNet.Serialization.INodeDeserializer.Deserialize(IParser parser, Type expectedType, Func`3 nestedObjectDeserializer, Object&amp; value)
   at YamlDotNet.Serialization.ValueDeserializers.NodeValueDeserializer.DeserializeValue(IParser parser, Type expectedType, SerializerState state, IValueDeserializer nestedObjectDeserializer)
   at YamlDotNet.Serialization.ValueDeserializers.AliasValueDeserializer.DeserializeValue(IParser parser, Type expectedType, SerializerState state, IValueDeserializer nestedObjectDeserializer)
   at YamlDotNet.Serialization.ValueDeserializers.NodeValueDeserializer.&lt;&gt;c__DisplayClass3_0.&lt;DeserializeValue&gt;b__0(IParser r, Type t)
   at YamlDotNet.Serialization.NodeDeserializers.DictionaryNodeDeserializer.DeserializeHelper(Type tKey, Type tValue, IParser parser, Func`3 nestedObjectDeserializer, IDictionary result)
   at YamlDotNet.Serialization.NodeDeserializers.DictionaryNodeDeserializer.YamlDotNet.Serialization.INodeDeserializer.Deserialize(IParser parser, Type expectedType, Func`3 nestedObjectDeserializer, Object&amp; value)
   at YamlDotNet.Serialization.ValueDeserializers.NodeValueDeserializer.DeserializeValue(IParser parser, Type expectedType, SerializerState state, IValueDeserializer nestedObjectDeserializer)
   at YamlDotNet.Serialization.ValueDeserializers.AliasValueDeserializer.DeserializeValue(IParser parser, Type expectedType, SerializerState state, IValueDeserializer nestedObjectDeserializer)
   at YamlDotNet.Serialization.Deserializer.Deserialize(IParser parser, Type type)
   at YamlDotNet.Serialization.Deserializer.Deserialize(TextReader input, Type type)
   at YamlDotNet.Serialization.Deserializer.Deserialize(TextReader input)
   at Program.Main(String[] commandLineArguments)
Aborted (core dumped)
</pre>
 </div>


  <div class="framework framework_box_invalid_correct" id="go-yaml-json">
<h3><a href="#go-yaml-json">go-yaml-json</a></h3>
<span class="status_box color_invalid_correct">&nbsp;</span>invalid_correct <pre>yaml: line 3: could not find expected &#39;:&#39;
</pre>
 </div>


  <div class="framework framework_box_invalid_correct" id="hs-hsyaml-event">
<h3><a href="#hs-hsyaml-event">hs-hsyaml-event</a></h3>
<span class="status_box color_invalid_correct">&nbsp;</span>invalid_correct <pre>Parsing error near byte offset Pos {posByteOffset = 8, posCharOffset = 8, posLine = 2, posColumn = 0} (Unexpected &#39;c&#39;)
+STR
+DOC
+MAP
=VAL :a\\nb
=VAL :1
-MAP
-DOC
</pre>
 </div>


  <div class="framework framework_box_invalid_correct" id="hs-hsyaml-json">
<h3><a href="#hs-hsyaml-json">hs-hsyaml-json</a></h3>
<span class="status_box color_invalid_correct">&nbsp;</span>invalid_correct <pre>hsyaml-parser: user error (Unexpected &#39;c&#39;)
</pre>
 </div>


  <div class="framework framework_box_invalid_correct" id="js-jsyaml-json">
<h3><a href="#js-jsyaml-json">js-jsyaml-json</a></h3>
<span class="status_box color_invalid_correct">&nbsp;</span>invalid_correct <pre>
/node/node_modules/js-yaml/lib/loader.js:187
  throw generateError(state, message);
  ^
YAMLException: can not read a block mapping entry; a multiline key may not be an implicit key (3:3)

 1 | a\nb: 1
 2 | c
 3 |  d: 1
-------^
    at generateError (/node/node_modules/js-yaml/lib/loader.js:183:10)
    at throwError (/node/node_modules/js-yaml/lib/loader.js:187:9)
    at readBlockMapping (/node/node_modules/js-yaml/lib/loader.js:1145:9)
    at composeNode (/node/node_modules/js-yaml/lib/loader.js:1441:12)
    at readDocument (/node/node_modules/js-yaml/lib/loader.js:1625:3)
    at loadDocuments (/node/node_modules/js-yaml/lib/loader.js:1688:5)
    at Object.loadAll (/node/node_modules/js-yaml/lib/loader.js:1701:19)
    at Object.&lt;anonymous&gt; (/yaml/bin/js-jsyaml-json:7:13)
    at Module._compile (node:internal/modules/cjs/loader:1358:14)
    at Module._extensions..js (node:internal/modules/cjs/loader:1416:10) {
  reason: &#39;can not read a block mapping entry; a multiline key may not be an implicit key&#39;,
  mark: {
    name: null,
    buffer: &#39;a\\nb: 1\nc\n d: 1\n&#39;,
    position: 12,
    line: 2,
    column: 2,
    snippet: &#39; 1 | a\\nb: 1\n 2 | c\n 3 |  d: 1\n-------^&#39;
  }
}

Node.js v20.13.1
</pre>
 </div>


  <div class="framework framework_box_invalid_correct" id="js-yaml-event">
<h3><a href="#js-yaml-event">js-yaml-event</a></h3>
<span class="status_box color_invalid_correct">&nbsp;</span>invalid_correct <pre>Implicit keys need to be on a single line at line 2, column 1:

a\nb: 1
c
^
+STR
+DOC
+MAP
=VAL :a\\nb
=VAL :1
</pre>
 </div>


  <div class="framework framework_box_invalid_correct" id="js-yaml-json">
<h3><a href="#js-yaml-json">js-yaml-json</a></h3>
<span class="status_box color_invalid_correct">&nbsp;</span>invalid_correct <pre>/yaml/bin/js-yaml-json:9
    if (doc.errors.length !== 0) throw doc.errors[0]
                                 ^

YAMLParseError: Implicit keys need to be on a single line at line 2, column 1:

a\nb: 1
c
^

    at Composer.onError (/node/node_modules/yaml/dist/compose/composer.js:69:34)
    at Object.resolveBlockMap (/node/node_modules/yaml/dist/compose/resolve-block-map.js:48:17)
    at resolveCollection (/node/node_modules/yaml/dist/compose/compose-collection.js:13:27)
    at Object.composeCollection (/node/node_modules/yaml/dist/compose/compose-collection.js:47:16)
    at Object.composeNode (/node/node_modules/yaml/dist/compose/compose-node.js:31:38)
    at Object.composeDoc (/node/node_modules/yaml/dist/compose/compose-doc.js:34:23)
    at Composer.next (/node/node_modules/yaml/dist/compose/composer.js:149:40)
    at next (&lt;anonymous&gt;)
    at Composer.compose (/node/node_modules/yaml/dist/compose/composer.js:131:25)
    at compose.next (&lt;anonymous&gt;) {
  code: &#39;MULTILINE_IMPLICIT_KEY&#39;,
  pos: [ 8, 12 ],
  linePos: [ { line: 2, col: 1 }, { line: 3, col: 3 } ]
}

Node.js v20.13.1
</pre>
 </div>


  <div class="framework framework_box_invalid_correct" id="lua-lyaml-json">
<h3><a href="#lua-lyaml-json">lua-lyaml-json</a></h3>
<span class="status_box color_invalid_correct">&nbsp;</span>invalid_correct <pre>luajit: 1:7: could not find expected &#39;:&#39;
stack traceback:
	[C]: in function &#39;error&#39;
	/usr/local/share/lua/5.1/lyaml/init.lua:306: in function &#39;error&#39;
	/usr/local/share/lua/5.1/lyaml/init.lua:325: in function &#39;parse&#39;
	/usr/local/share/lua/5.1/lyaml/init.lua:443: in function &#39;load_node&#39;
	/usr/local/share/lua/5.1/lyaml/init.lua:340: in function &#39;load_node&#39;
	/usr/local/share/lua/5.1/lyaml/init.lua:497: in function &#39;load&#39;
	/yaml/bin/lua-lyaml-json:6: in main chunk
	[C]: at 0x55985c21ded0
</pre>
 </div>


  <div class="framework framework_box_invalid_correct" id="nim-nimyaml-event">
<h3><a href="#nim-nimyaml-event">nim-nimyaml-event</a></h3>
<span class="status_box color_invalid_correct">&nbsp;</span>invalid_correct <pre>/tmp/NimYAML-0.16.0/yaml/stream.nim(134) nimyaml_event
/tmp/NimYAML-0.16.0/yaml/stream.nim(106) next
Error: unhandled exception: Unexpected token (expected &#39;:&#39;): Indentation [YamlStreamError]
+STR
+DOC
+MAP
=VAL :a\\nb
=VAL :1
=VAL :c
</pre>
 </div>


  <div class="framework framework_box_invalid_correct" id="perl-pp-event">
<h3><a href="#perl-pp-event">perl-pp-event</a></h3>
<span class="status_box color_invalid_correct">&nbsp;</span>invalid_correct <pre>Line      : 2
Column    : 1
Expected  : ALIAS COLON DOC_END DOC_START EOL PLAIN QUESTION QUOTED
Got       : PLAIN_MULTI
Where     : /perl5/lib/perl5/YAML/PP/Parser.pm line 392
YAML      : &quot;c d: 1\n&quot;
  at /yaml/bin/perl-pp-event line 46.
+STR
+DOC
+MAP
=VAL :a\\nb
=VAL :1
</pre>
 </div>


  <div class="framework framework_box_invalid_correct" id="perl-pp-json">
<h3><a href="#perl-pp-json">perl-pp-json</a></h3>
<span class="status_box color_invalid_correct">&nbsp;</span>invalid_correct <pre>Line      : 2
Column    : 1
Expected  : ALIAS COLON DOC_END DOC_START EOL PLAIN QUESTION QUOTED
Got       : PLAIN_MULTI
Where     : /perl5/lib/perl5/YAML/PP/Parser.pm line 392
YAML      : &quot;c d: 1\n&quot;
  at /perl5/lib/perl5/YAML/PP/Loader.pm line 94.
</pre>
 </div>


  <div class="framework framework_box_invalid_correct" id="perl-pp-perl">
<h3><a href="#perl-pp-perl">perl-pp-perl</a></h3>
<span class="status_box color_invalid_correct">&nbsp;</span>invalid_correct <pre>Line      : 2
Column    : 1
Expected  : ALIAS COLON DOC_END DOC_START EOL PLAIN QUESTION QUOTED
Got       : PLAIN_MULTI
Where     : /perl5/lib/perl5/YAML/PP/Parser.pm line 392
YAML      : &quot;c d: 1\n&quot;
  at /perl5/lib/perl5/YAML/PP/Loader.pm line 94.
</pre>
 </div>


  <div class="framework framework_box_invalid_correct" id="perl-pplibyaml-json">
<h3><a href="#perl-pplibyaml-json">perl-pplibyaml-json</a></h3>
<span class="status_box color_invalid_correct">&nbsp;</span>invalid_correct <pre>YAML::PP::LibYAML Error: The problem:

    could not find expected &#39;:&#39;

was found at , line: 3, column: 3
while scanning a simple key at line: 2, column: 1
</pre>
 </div>


  <div class="framework framework_box_invalid_correct" id="perl-pplibyaml-perl">
<h3><a href="#perl-pplibyaml-perl">perl-pplibyaml-perl</a></h3>
<span class="status_box color_invalid_correct">&nbsp;</span>invalid_correct <pre>YAML::PP::LibYAML Error: The problem:

    could not find expected &#39;:&#39;

was found at , line: 3, column: 3
while scanning a simple key at line: 2, column: 1
</pre>
 </div>


  <div class="framework framework_box_invalid_correct" id="perl-refparser-event">
<h3><a href="#perl-refparser-event">perl-refparser-event</a></h3>
<span class="status_box color_invalid_correct">&nbsp;</span>invalid_correct <pre>Parser finished before end of input at /perl5/lib/perl5/YAML/Parser.pm line 4056, &lt;&gt; line 1.
</pre>
 </div>


  <div class="framework framework_box_invalid_correct" id="perl-tiny-json">
<h3><a href="#perl-tiny-json">perl-tiny-json</a></h3>
<span class="status_box color_invalid_correct">&nbsp;</span>invalid_correct <pre>YAML::Tiny failed to classify line &#39;c&#39; at /yaml/bin/perl-tiny-json line 12.
</pre>
 </div>


  <div class="framework framework_box_invalid_correct" id="perl-tiny-perl">
<h3><a href="#perl-tiny-perl">perl-tiny-perl</a></h3>
<span class="status_box color_invalid_correct">&nbsp;</span>invalid_correct <pre>YAML::Tiny failed to classify line &#39;c&#39; at /yaml/bin/perl-tiny-perl line 15.
</pre>
 </div>


  <div class="framework framework_box_invalid_correct" id="perl-xs-json">
<h3><a href="#perl-xs-json">perl-xs-json</a></h3>
<span class="status_box color_invalid_correct">&nbsp;</span>invalid_correct <pre>YAML::XS::Load Error: The problem:

    could not find expected &#39;:&#39;

was found at document: 1, line: 3, column: 3
while scanning a simple key at line: 2, column: 1
</pre>
 </div>


  <div class="framework framework_box_invalid_correct" id="perl-xs-perl">
<h3><a href="#perl-xs-perl">perl-xs-perl</a></h3>
<span class="status_box color_invalid_correct">&nbsp;</span>invalid_correct <pre>YAML::XS::Load Error: The problem:

    could not find expected &#39;:&#39;

was found at document: 1, line: 3, column: 3
while scanning a simple key at line: 2, column: 1
</pre>
 </div>


  <div class="framework framework_box_invalid_correct" id="perl-yaml-json">
<h3><a href="#perl-yaml-json">perl-yaml-json</a></h3>
<span class="status_box color_invalid_correct">&nbsp;</span>invalid_correct <pre>YAML Error: Invalid element in map
   Code: YAML_LOAD_ERR_BAD_MAP_ELEMENT
   Line: 2
   Document: 1
 at /perl5/lib/perl5/YAML/Loader.pm line 360.
</pre>
 </div>


  <div class="framework framework_box_invalid_correct" id="perl-yaml-perl">
<h3><a href="#perl-yaml-perl">perl-yaml-perl</a></h3>
<span class="status_box color_invalid_correct">&nbsp;</span>invalid_correct <pre>YAML Error: Invalid element in map
   Code: YAML_LOAD_ERR_BAD_MAP_ELEMENT
   Line: 2
   Document: 1
 at /perl5/lib/perl5/YAML/Loader.pm line 360.
</pre>
 </div>


  <div class="framework framework_box_invalid_correct" id="py-pyyaml-event">
<h3><a href="#py-pyyaml-event">py-pyyaml-event</a></h3>
<span class="status_box color_invalid_correct">&nbsp;</span>invalid_correct <pre>Traceback (most recent call last):
  File &quot;/yaml/bin/py-pyyaml-event&quot;, line 7, in &lt;module&gt;
    for event in yaml.parse(sys.stdin.read()):
  File &quot;/python/lib/python3.12/site-packages/yaml/__init__.py&quot;, line 75, in parse
    while loader.check_event():
          ^^^^^^^^^^^^^^^^^^^^
  File &quot;/python/lib/python3.12/site-packages/yaml/parser.py&quot;, line 98, in check_event
    self.current_event = self.state()
                         ^^^^^^^^^^^^
  File &quot;/python/lib/python3.12/site-packages/yaml/parser.py&quot;, line 428, in parse_block_mapping_key
    if self.check_token(KeyToken):
       ^^^^^^^^^^^^^^^^^^^^^^^^^^
  File &quot;/python/lib/python3.12/site-packages/yaml/scanner.py&quot;, line 115, in check_token
    while self.need_more_tokens():
          ^^^^^^^^^^^^^^^^^^^^^^^
  File &quot;/python/lib/python3.12/site-packages/yaml/scanner.py&quot;, line 152, in need_more_tokens
    self.stale_possible_simple_keys()
  File &quot;/python/lib/python3.12/site-packages/yaml/scanner.py&quot;, line 291, in stale_possible_simple_keys
    raise ScannerError(&quot;while scanning a simple key&quot;, key.mark,
yaml.scanner.ScannerError: while scanning a simple key
  in &quot;&lt;unicode string&gt;&quot;, line 2, column 1:
    c
    ^
could not find expected &#39;:&#39;
  in &quot;&lt;unicode string&gt;&quot;, line 3, column 3:
     d: 1
      ^
+STR
+DOC
+MAP
=VAL :a\\nb
=VAL :1
</pre>
 </div>


  <div class="framework framework_box_invalid_correct" id="py-pyyaml-json">
<h3><a href="#py-pyyaml-json">py-pyyaml-json</a></h3>
<span class="status_box color_invalid_correct">&nbsp;</span>invalid_correct <pre>Traceback (most recent call last):
  File &quot;/yaml/bin/py-pyyaml-json&quot;, line 19, in &lt;module&gt;
    for doc in yaml.load_all(sys.stdin.read(), Loader=yaml.FullLoader):
  File &quot;/python/lib/python3.12/site-packages/yaml/__init__.py&quot;, line 130, in load_all
    yield loader.get_data()
          ^^^^^^^^^^^^^^^^^
  File &quot;/python/lib/python3.12/site-packages/yaml/constructor.py&quot;, line 45, in get_data
    return self.construct_document(self.get_node())
                                   ^^^^^^^^^^^^^^^
  File &quot;/python/lib/python3.12/site-packages/yaml/composer.py&quot;, line 27, in get_node
    return self.compose_document()
           ^^^^^^^^^^^^^^^^^^^^^^^
  File &quot;/python/lib/python3.12/site-packages/yaml/composer.py&quot;, line 55, in compose_document
    node = self.compose_node(None, None)
           ^^^^^^^^^^^^^^^^^^^^^^^^^^^^^
  File &quot;/python/lib/python3.12/site-packages/yaml/composer.py&quot;, line 84, in compose_node
    node = self.compose_mapping_node(anchor)
           ^^^^^^^^^^^^^^^^^^^^^^^^^^^^^^^^^
  File &quot;/python/lib/python3.12/site-packages/yaml/composer.py&quot;, line 127, in compose_mapping_node
    while not self.check_event(MappingEndEvent):
              ^^^^^^^^^^^^^^^^^^^^^^^^^^^^^^^^^
  File &quot;/python/lib/python3.12/site-packages/yaml/parser.py&quot;, line 98, in check_event
    self.current_event = self.state()
                         ^^^^^^^^^^^^
  File &quot;/python/lib/python3.12/site-packages/yaml/parser.py&quot;, line 428, in parse_block_mapping_key
    if self.check_token(KeyToken):
       ^^^^^^^^^^^^^^^^^^^^^^^^^^
  File &quot;/python/lib/python3.12/site-packages/yaml/scanner.py&quot;, line 115, in check_token
    while self.need_more_tokens():
          ^^^^^^^^^^^^^^^^^^^^^^^
  File &quot;/python/lib/python3.12/site-packages/yaml/scanner.py&quot;, line 152, in need_more_tokens
    self.stale_possible_simple_keys()
  File &quot;/python/lib/python3.12/site-packages/yaml/scanner.py&quot;, line 291, in stale_possible_simple_keys
    raise ScannerError(&quot;while scanning a simple key&quot;, key.mark,
yaml.scanner.ScannerError: while scanning a simple key
  in &quot;&lt;unicode string&gt;&quot;, line 2, column 1:
    c
    ^
could not find expected &#39;:&#39;
  in &quot;&lt;unicode string&gt;&quot;, line 3, column 3:
     d: 1
      ^
</pre>
 </div>


  <div class="framework framework_box_invalid_correct" id="py-pyyaml-py">
<h3><a href="#py-pyyaml-py">py-pyyaml-py</a></h3>
<span class="status_box color_invalid_correct">&nbsp;</span>invalid_correct <pre>Traceback (most recent call last):
  File &quot;/yaml/bin/py-pyyaml-py&quot;, line 36, in &lt;module&gt;
    for doc in yaml.load_all(sys.stdin.read(), Loader=yaml.FullLoader):
  File &quot;/python/lib/python3.12/site-packages/yaml/__init__.py&quot;, line 130, in load_all
    yield loader.get_data()
          ^^^^^^^^^^^^^^^^^
  File &quot;/python/lib/python3.12/site-packages/yaml/constructor.py&quot;, line 45, in get_data
    return self.construct_document(self.get_node())
                                   ^^^^^^^^^^^^^^^
  File &quot;/python/lib/python3.12/site-packages/yaml/composer.py&quot;, line 27, in get_node
    return self.compose_document()
           ^^^^^^^^^^^^^^^^^^^^^^^
  File &quot;/python/lib/python3.12/site-packages/yaml/composer.py&quot;, line 55, in compose_document
    node = self.compose_node(None, None)
           ^^^^^^^^^^^^^^^^^^^^^^^^^^^^^
  File &quot;/python/lib/python3.12/site-packages/yaml/composer.py&quot;, line 84, in compose_node
    node = self.compose_mapping_node(anchor)
           ^^^^^^^^^^^^^^^^^^^^^^^^^^^^^^^^^
  File &quot;/python/lib/python3.12/site-packages/yaml/composer.py&quot;, line 127, in compose_mapping_node
    while not self.check_event(MappingEndEvent):
              ^^^^^^^^^^^^^^^^^^^^^^^^^^^^^^^^^
  File &quot;/python/lib/python3.12/site-packages/yaml/parser.py&quot;, line 98, in check_event
    self.current_event = self.state()
                         ^^^^^^^^^^^^
  File &quot;/python/lib/python3.12/site-packages/yaml/parser.py&quot;, line 428, in parse_block_mapping_key
    if self.check_token(KeyToken):
       ^^^^^^^^^^^^^^^^^^^^^^^^^^
  File &quot;/python/lib/python3.12/site-packages/yaml/scanner.py&quot;, line 115, in check_token
    while self.need_more_tokens():
          ^^^^^^^^^^^^^^^^^^^^^^^
  File &quot;/python/lib/python3.12/site-packages/yaml/scanner.py&quot;, line 152, in need_more_tokens
    self.stale_possible_simple_keys()
  File &quot;/python/lib/python3.12/site-packages/yaml/scanner.py&quot;, line 291, in stale_possible_simple_keys
    raise ScannerError(&quot;while scanning a simple key&quot;, key.mark,
yaml.scanner.ScannerError: while scanning a simple key
  in &quot;&lt;unicode string&gt;&quot;, line 2, column 1:
    c
    ^
could not find expected &#39;:&#39;
  in &quot;&lt;unicode string&gt;&quot;, line 3, column 3:
     d: 1
      ^
</pre>
 </div>


  <div class="framework framework_box_invalid_correct" id="py-ruamel-event">
<h3><a href="#py-ruamel-event">py-ruamel-event</a></h3>
<span class="status_box color_invalid_correct">&nbsp;</span>invalid_correct <pre>Traceback (most recent call last):
  File &quot;/yaml/bin/py-ruamel-event&quot;, line 9, in &lt;module&gt;
    for event in yaml.parse(sys.stdin.read()):
  File &quot;/python/lib/python3.12/site-packages/ruamel/yaml/main.py&quot;, line 371, in parse
    while parser.check_event():
          ^^^^^^^^^^^^^^^^^^^^
  File &quot;/python/lib/python3.12/site-packages/ruamel/yaml/parser.py&quot;, line 141, in check_event
    self.current_event = self.state()
                         ^^^^^^^^^^^^
  File &quot;/python/lib/python3.12/site-packages/ruamel/yaml/parser.py&quot;, line 600, in parse_block_mapping_key
    if self.scanner.check_token(KeyToken):
       ^^^^^^^^^^^^^^^^^^^^^^^^^^^^^^^^^^
  File &quot;/python/lib/python3.12/site-packages/ruamel/yaml/scanner.py&quot;, line 169, in check_token
    while self.need_more_tokens():
          ^^^^^^^^^^^^^^^^^^^^^^^
  File &quot;/python/lib/python3.12/site-packages/ruamel/yaml/scanner.py&quot;, line 203, in need_more_tokens
    self.stale_possible_simple_keys()
  File &quot;/python/lib/python3.12/site-packages/ruamel/yaml/scanner.py&quot;, line 348, in stale_possible_simple_keys
    raise ScannerError(
ruamel.yaml.scanner.ScannerError: while scanning a simple key
  in &quot;&lt;unicode string&gt;&quot;, line 2, column 1:
    c
    ^ (line: 2)
could not find expected &#39;:&#39;
  in &quot;&lt;unicode string&gt;&quot;, line 3, column 3:
     d: 1
      ^ (line: 3)
+STR
+DOC
+MAP
=VAL :a\\nb
=VAL :1
</pre>
 </div>


  <div class="framework framework_box_invalid_correct" id="py-ruamel-json">
<h3><a href="#py-ruamel-json">py-ruamel-json</a></h3>
<span class="status_box color_invalid_correct">&nbsp;</span>invalid_correct <pre>Traceback (most recent call last):
  File &quot;/yaml/bin/py-ruamel-json&quot;, line 21, in &lt;module&gt;
    for doc in yaml.load_all(sys.stdin.read()):
  File &quot;/python/lib/python3.12/site-packages/ruamel/yaml/main.py&quot;, line 476, in load_all
    yield constructor.get_data()
          ^^^^^^^^^^^^^^^^^^^^^^
  File &quot;/python/lib/python3.12/site-packages/ruamel/yaml/constructor.py&quot;, line 110, in get_data
    return self.construct_document(self.composer.get_node())
                                   ^^^^^^^^^^^^^^^^^^^^^^^^
  File &quot;/python/lib/python3.12/site-packages/ruamel/yaml/composer.py&quot;, line 63, in get_node
    return self.compose_document()
           ^^^^^^^^^^^^^^^^^^^^^^^
  File &quot;/python/lib/python3.12/site-packages/ruamel/yaml/composer.py&quot;, line 94, in compose_document
    node = self.compose_node(None, None)
           ^^^^^^^^^^^^^^^^^^^^^^^^^^^^^
  File &quot;/python/lib/python3.12/site-packages/ruamel/yaml/composer.py&quot;, line 130, in compose_node
    node = self.compose_mapping_node(anchor)
           ^^^^^^^^^^^^^^^^^^^^^^^^^^^^^^^^^
  File &quot;/python/lib/python3.12/site-packages/ruamel/yaml/composer.py&quot;, line 204, in compose_mapping_node
    while not self.parser.check_event(MappingEndEvent):
              ^^^^^^^^^^^^^^^^^^^^^^^^^^^^^^^^^^^^^^^^
  File &quot;/python/lib/python3.12/site-packages/ruamel/yaml/parser.py&quot;, line 141, in check_event
    self.current_event = self.state()
                         ^^^^^^^^^^^^
  File &quot;/python/lib/python3.12/site-packages/ruamel/yaml/parser.py&quot;, line 600, in parse_block_mapping_key
    if self.scanner.check_token(KeyToken):
       ^^^^^^^^^^^^^^^^^^^^^^^^^^^^^^^^^^
  File &quot;/python/lib/python3.12/site-packages/ruamel/yaml/scanner.py&quot;, line 169, in check_token
    while self.need_more_tokens():
          ^^^^^^^^^^^^^^^^^^^^^^^
  File &quot;/python/lib/python3.12/site-packages/ruamel/yaml/scanner.py&quot;, line 203, in need_more_tokens
    self.stale_possible_simple_keys()
  File &quot;/python/lib/python3.12/site-packages/ruamel/yaml/scanner.py&quot;, line 348, in stale_possible_simple_keys
    raise ScannerError(
ruamel.yaml.scanner.ScannerError: while scanning a simple key
  in &quot;&lt;unicode string&gt;&quot;, line 2, column 1:
    c
    ^ (line: 2)
could not find expected &#39;:&#39;
  in &quot;&lt;unicode string&gt;&quot;, line 3, column 3:
     d: 1
      ^ (line: 3)
</pre>
 </div>


  <div class="framework framework_box_invalid_correct" id="py-ruamel-py">
<h3><a href="#py-ruamel-py">py-ruamel-py</a></h3>
<span class="status_box color_invalid_correct">&nbsp;</span>invalid_correct <pre>Traceback (most recent call last):
  File &quot;/yaml/bin/py-ruamel-py&quot;, line 38, in &lt;module&gt;
    for doc in yaml.load_all(sys.stdin.read()):
  File &quot;/python/lib/python3.12/site-packages/ruamel/yaml/main.py&quot;, line 476, in load_all
    yield constructor.get_data()
          ^^^^^^^^^^^^^^^^^^^^^^
  File &quot;/python/lib/python3.12/site-packages/ruamel/yaml/constructor.py&quot;, line 110, in get_data
    return self.construct_document(self.composer.get_node())
                                   ^^^^^^^^^^^^^^^^^^^^^^^^
  File &quot;/python/lib/python3.12/site-packages/ruamel/yaml/composer.py&quot;, line 63, in get_node
    return self.compose_document()
           ^^^^^^^^^^^^^^^^^^^^^^^
  File &quot;/python/lib/python3.12/site-packages/ruamel/yaml/composer.py&quot;, line 94, in compose_document
    node = self.compose_node(None, None)
           ^^^^^^^^^^^^^^^^^^^^^^^^^^^^^
  File &quot;/python/lib/python3.12/site-packages/ruamel/yaml/composer.py&quot;, line 130, in compose_node
    node = self.compose_mapping_node(anchor)
           ^^^^^^^^^^^^^^^^^^^^^^^^^^^^^^^^^
  File &quot;/python/lib/python3.12/site-packages/ruamel/yaml/composer.py&quot;, line 204, in compose_mapping_node
    while not self.parser.check_event(MappingEndEvent):
              ^^^^^^^^^^^^^^^^^^^^^^^^^^^^^^^^^^^^^^^^
  File &quot;/python/lib/python3.12/site-packages/ruamel/yaml/parser.py&quot;, line 141, in check_event
    self.current_event = self.state()
                         ^^^^^^^^^^^^
  File &quot;/python/lib/python3.12/site-packages/ruamel/yaml/parser.py&quot;, line 600, in parse_block_mapping_key
    if self.scanner.check_token(KeyToken):
       ^^^^^^^^^^^^^^^^^^^^^^^^^^^^^^^^^^
  File &quot;/python/lib/python3.12/site-packages/ruamel/yaml/scanner.py&quot;, line 169, in check_token
    while self.need_more_tokens():
          ^^^^^^^^^^^^^^^^^^^^^^^
  File &quot;/python/lib/python3.12/site-packages/ruamel/yaml/scanner.py&quot;, line 203, in need_more_tokens
    self.stale_possible_simple_keys()
  File &quot;/python/lib/python3.12/site-packages/ruamel/yaml/scanner.py&quot;, line 348, in stale_possible_simple_keys
    raise ScannerError(
ruamel.yaml.scanner.ScannerError: while scanning a simple key
  in &quot;&lt;unicode string&gt;&quot;, line 2, column 1:
    c
    ^ (line: 2)
could not find expected &#39;:&#39;
  in &quot;&lt;unicode string&gt;&quot;, line 3, column 3:
     d: 1
      ^ (line: 3)
</pre>
 </div>


  <div class="framework framework_box_invalid_correct" id="ruby-psych-json">
<h3><a href="#ruby-psych-json">ruby-psych-json</a></h3>
<span class="status_box color_invalid_correct">&nbsp;</span>invalid_correct <pre>/ruby/gems/psych/lib/psych.rb:458:in `parse&#39;: (&lt;unknown&gt;): could not find expected &#39;:&#39; while scanning a simple key at line 2 column 1 (Psych::SyntaxError)
	from /ruby/gems/psych/lib/psych.rb:458:in `parse_stream&#39;
	from /ruby/gems/psych/lib/psych.rb:632:in `load_stream&#39;
	from /yaml/bin/ruby-psych-json:6:in `&lt;main&gt;&#39;
</pre>
 </div>


  <div class="framework framework_box_invalid_correct" id="rust-yamlrust-event">
<h3><a href="#rust-yamlrust-event">rust-yamlrust-event</a></h3>
<span class="status_box color_invalid_correct">&nbsp;</span>invalid_correct <pre>Error: ScanError { mark: Marker { index: 8, line: 2, col: 0 }, info: &quot;while parsing a block mapping, did not find expected key&quot; }
+STR
+DOC
+MAP
=VAL :a\\nb
=VAL :1
</pre>
 </div>


 <hr style="clear: both;">  </body>
</html>

