<!DOCTYPE html>
<html lang="en">
<head>
<title>#Q5MG - Tab at beginning of line followed by a flow mapping - YAML Test Matrix</title>
<meta charset='utf-8'>
<link rel="stylesheet" type="text/css" href="../css/yaml.css">
<link rel="stylesheet" type="text/css" href="../css/matrix.css">
<link rel="icon" type="image/x-icon" href="http://www.yaml.io/favicon.ico">
</head>
<body>

<h1><a href="../index.html"><tt># YAML Test Matrix</tt></a></h1>
<h2><tt>--- <a
href="https://github.com/yaml/yaml-test-suite/blob/master/test/Q5MG.tml">&test-Q5MG</a><br>
&nbsp;&nbsp;Title: Tab at beginning of line followed by a flow mapping</br>
&nbsp;&nbsp;Tags: [ flow, whitespace ]</tt></h2>

<div class="framework" id="yaml"><h3><a href="#yaml">YAML</a></h3><pre>	{}
</pre></div>
<div class="framework" id="events"><h3><a href="#events">Expected Events</a></h3><pre>+STR
+DOC
+MAP {}
-MAP
-DOC
-STR
</pre></div>
<div class="framework" id="json"><h3><a href="#json">Expected JSON</a></h3>
<pre>{}<br></pre>
</div>
<hr style="clear: both;">
   <div class="framework framework_box_ok" id="c-libfyaml-event">
<h3><a href="#c-libfyaml-event">c-libfyaml-event</a></h3>
<span class="status_box color_ok">&nbsp;</span>ok   </div>


  <div class="framework framework_box_ok" id="cpp-yamlcpp-event">
<h3><a href="#cpp-yamlcpp-event">cpp-yamlcpp-event</a></h3>
<span class="status_box color_ok">&nbsp;</span>ok   </div>


  <div class="framework framework_box_ok" id="dotnet-yamldotnet-event">
<h3><a href="#dotnet-yamldotnet-event">dotnet-yamldotnet-event</a></h3>
<span class="status_box color_ok">&nbsp;</span>ok   </div>


  <div class="framework framework_box_ok" id="hs-hsyaml-event">
<h3><a href="#hs-hsyaml-event">hs-hsyaml-event</a></h3>
<span class="status_box color_ok">&nbsp;</span>ok   </div>


  <div class="framework framework_box_ok" id="js-yaml-event">
<h3><a href="#js-yaml-event">js-yaml-event</a></h3>
<span class="status_box color_ok">&nbsp;</span>ok   </div>


  <div class="framework framework_box_ok" id="perl-pp-event">
<h3><a href="#perl-pp-event">perl-pp-event</a></h3>
<span class="status_box color_ok">&nbsp;</span>ok   </div>


  <div class="framework framework_box_ok" id="perl-refparser-event">
<h3><a href="#perl-refparser-event">perl-refparser-event</a></h3>
<span class="status_box color_ok">&nbsp;</span>ok   </div>


 <hr style="clear: both;">    <div class="framework framework_box_json_ok" id="c-libfyaml-json">
<h3><a href="#c-libfyaml-json">c-libfyaml-json</a></h3>
<span class="status_box color_json_ok">&nbsp;</span>json_ok   </div>


  <div class="framework framework_box_json_ok" id="dotnet-yamldotnet-json">
<h3><a href="#dotnet-yamldotnet-json">dotnet-yamldotnet-json</a></h3>
<span class="status_box color_json_ok">&nbsp;</span>json_ok   </div>


  <div class="framework framework_box_json_ok" id="hs-hsyaml-json">
<h3><a href="#hs-hsyaml-json">hs-hsyaml-json</a></h3>
<span class="status_box color_json_ok">&nbsp;</span>json_ok   </div>


  <div class="framework framework_box_json_ok" id="js-jsyaml-json">
<h3><a href="#js-jsyaml-json">js-jsyaml-json</a></h3>
<span class="status_box color_json_ok">&nbsp;</span>json_ok   </div>


  <div class="framework framework_box_json_ok" id="js-yaml-json">
<h3><a href="#js-yaml-json">js-yaml-json</a></h3>
<span class="status_box color_json_ok">&nbsp;</span>json_ok   </div>


  <div class="framework framework_box_json_ok" id="perl-pp-json">
<h3><a href="#perl-pp-json">perl-pp-json</a></h3>
<span class="status_box color_json_ok">&nbsp;</span>json_ok   </div>


  <div class="framework framework_box_json_ok" id="perl-syck-json">
<h3><a href="#perl-syck-json">perl-syck-json</a></h3>
<span class="status_box color_json_ok">&nbsp;</span>json_ok   </div>


 <hr style="clear: both;">          <div class="framework framework_box_error" id="c-libyaml-event">
<h3><a href="#c-libyaml-event">c-libyaml-event</a></h3>
<span class="status_box color_error">&nbsp;</span>error <pre>+STR
Parse error: found character that cannot start any token
</pre>
 </div>


  <div class="framework framework_box_error" id="java-snakeyaml-event">
<h3><a href="#java-snakeyaml-event">java-snakeyaml-event</a></h3>
<span class="status_box color_error">&nbsp;</span>error <pre>Exception in thread &quot;main&quot; while scanning for the next token
found character &#39;\t(TAB)&#39; that cannot start any token. (Do not use \t(TAB) for indentation)
 in &#39;reader&#39;, line 1, column 1:
    	{}
    ^

	at org.yaml.snakeyaml.scanner.ScannerImpl.fetchMoreTokens(ScannerImpl.java:439)
	at org.yaml.snakeyaml.scanner.ScannerImpl.checkToken(ScannerImpl.java:248)
	at org.yaml.snakeyaml.parser.ParserImpl$ParseImplicitDocumentStart.produce(ParserImpl.java:213)
	at org.yaml.snakeyaml.parser.ParserImpl.peekEvent(ParserImpl.java:165)
	at org.yaml.snakeyaml.Yaml$3.hasNext(Yaml.java:677)
	at org.yaml.editor.Snake2Events.yamlToEvents(Snake2Events.java:111)
	at org.yaml.editor.Snake2Events.main(Snake2Events.java:119)
</pre>
 </div>


  <div class="framework framework_box_error" id="java-snakeyaml-json">
<h3><a href="#java-snakeyaml-json">java-snakeyaml-json</a></h3>
<span class="status_box color_error">&nbsp;</span>error <pre>Exception in thread &quot;main&quot; while scanning for the next token
found character &#39;\t(TAB)&#39; that cannot start any token. (Do not use \t(TAB) for indentation)
 in &#39;reader&#39;, line 1, column 1:
    	{}
    ^

	at org.yaml.snakeyaml.scanner.ScannerImpl.fetchMoreTokens(ScannerImpl.java:439)
	at org.yaml.snakeyaml.scanner.ScannerImpl.checkToken(ScannerImpl.java:248)
	at org.yaml.snakeyaml.parser.ParserImpl$ParseImplicitDocumentStart.produce(ParserImpl.java:213)
	at org.yaml.snakeyaml.parser.ParserImpl.peekEvent(ParserImpl.java:165)
	at org.yaml.snakeyaml.parser.ParserImpl.checkEvent(ParserImpl.java:155)
	at org.yaml.snakeyaml.composer.Composer.checkNode(Composer.java:93)
	at org.yaml.snakeyaml.constructor.BaseConstructor.checkData(BaseConstructor.java:124)
	at org.yaml.snakeyaml.Yaml$1.hasNext(Yaml.java:509)
	at org.yaml.editor.Snake2Json.yamlToJson(Snake2Json.java:18)
	at org.yaml.editor.Snake2Json.main(Snake2Json.java:25)
</pre>
 </div>


  <div class="framework framework_box_error" id="lua-lyaml-json">
<h3><a href="#lua-lyaml-json">lua-lyaml-json</a></h3>
<span class="status_box color_error">&nbsp;</span>error <pre>luajit: 1:1: found character that cannot start any token
stack traceback:
	[C]: in function &#39;error&#39;
	/usr/local/share/lua/5.1/lyaml/init.lua:306: in function &#39;error&#39;
	/usr/local/share/lua/5.1/lyaml/init.lua:325: in function &#39;parse&#39;
	/usr/local/share/lua/5.1/lyaml/init.lua:496: in function &#39;load&#39;
	/yaml/bin/lua-lyaml-json:6: in main chunk
	[C]: at 0x561791d60f97
</pre>
 </div>


  <div class="framework framework_box_error" id="nim-nimyaml-event">
<h3><a href="#nim-nimyaml-event">nim-nimyaml-event</a></h3>
<span class="status_box color_error">&nbsp;</span>error <pre>/buildutils/nimyaml_event.nim(5) nimyaml_event
/tmp/NimYAML-0.13.1/yaml/parser.nim(1087) parse
/tmp/NimYAML-0.13.1/yaml/parser.nim(1071) init
/tmp/NimYAML-0.13.1/yaml/parser.nim(212) advance
Error: unhandled exception: Unexpected character (expected line end): &quot;{&quot; [YamlParserError]
</pre>
 </div>


  <div class="framework framework_box_error" id="perl-pplibyaml-event">
<h3><a href="#perl-pplibyaml-event">perl-pplibyaml-event</a></h3>
<span class="status_box color_error">&nbsp;</span>error <pre>YAML::PP::LibYAML Error: The problem:

    found character that cannot start any token

was found at 
while scanning for the next token at line: 1, column: 1
</pre>
 </div>


  <div class="framework framework_box_error" id="perl-pplibyaml-json">
<h3><a href="#perl-pplibyaml-json">perl-pplibyaml-json</a></h3>
<span class="status_box color_error">&nbsp;</span>error <pre>YAML::PP::LibYAML Error: The problem:

    found character that cannot start any token

was found at 
while scanning for the next token at line: 1, column: 1
</pre>
 </div>


  <div class="framework framework_box_error" id="perl-pplibyaml-perl">
<h3><a href="#perl-pplibyaml-perl">perl-pplibyaml-perl</a></h3>
<span class="status_box color_error">&nbsp;</span>error <pre>YAML::PP::LibYAML Error: The problem:

    found character that cannot start any token

was found at 
while scanning for the next token at line: 1, column: 1
</pre>
 </div>


  <div class="framework framework_box_error" id="perl-xs-json">
<h3><a href="#perl-xs-json">perl-xs-json</a></h3>
<span class="status_box color_error">&nbsp;</span>error <pre>YAML::XS::Load Error: The problem:

    found character that cannot start any token

was found at document: 1
while scanning for the next token at line: 1, column: 1
</pre>
 </div>


  <div class="framework framework_box_error" id="perl-xs-perl">
<h3><a href="#perl-xs-perl">perl-xs-perl</a></h3>
<span class="status_box color_error">&nbsp;</span>error <pre>YAML::XS::Load Error: The problem:

    found character that cannot start any token

was found at document: 1
while scanning for the next token at line: 1, column: 1
</pre>
 </div>


  <div class="framework framework_box_error" id="perl-yaml-json">
<h3><a href="#perl-yaml-json">perl-yaml-json</a></h3>
<span class="status_box color_error">&nbsp;</span>error <pre>YAML Error: YAML_PARSE_ERR_NONSPACE_INDENTATION
   Code: YAML_PARSE_ERR_NONSPACE_INDENTATION
   Line: 1
   Document: 1
 at /perl5/lib/perl5/YAML/Loader.pm line 748.
</pre>
 </div>


  <div class="framework framework_box_error" id="perl-yaml-perl">
<h3><a href="#perl-yaml-perl">perl-yaml-perl</a></h3>
<span class="status_box color_error">&nbsp;</span>error <pre>YAML Error: YAML_PARSE_ERR_NONSPACE_INDENTATION
   Code: YAML_PARSE_ERR_NONSPACE_INDENTATION
   Line: 1
   Document: 1
 at /perl5/lib/perl5/YAML/Loader.pm line 748.
</pre>
 </div>


  <div class="framework framework_box_error" id="py-pyyaml-event">
<h3><a href="#py-pyyaml-event">py-pyyaml-event</a></h3>
<span class="status_box color_error">&nbsp;</span>error <pre>+STR
Traceback (most recent call last):
  File &quot;/yaml/bin/py-pyyaml-event&quot;, line 7, in &lt;module&gt;
    for event in yaml.parse(sys.stdin.read()):
  File &quot;/python/lib/python3.7/site-packages/yaml/__init__.py&quot;, line 75, in parse
    while loader.check_event():
  File &quot;/python/lib/python3.7/site-packages/yaml/parser.py&quot;, line 98, in check_event
    self.current_event = self.state()
  File &quot;/python/lib/python3.7/site-packages/yaml/parser.py&quot;, line 143, in parse_implicit_document_start
    StreamEndToken):
  File &quot;/python/lib/python3.7/site-packages/yaml/scanner.py&quot;, line 116, in check_token
    self.fetch_more_tokens()
  File &quot;/python/lib/python3.7/site-packages/yaml/scanner.py&quot;, line 260, in fetch_more_tokens
    self.get_mark())
yaml.scanner.ScannerError: while scanning for the next token
found character &#39;\t&#39; that cannot start any token
  in &quot;&lt;unicode string&gt;&quot;, line 1, column 1:
    	{}
    ^
</pre>
 </div>


  <div class="framework framework_box_error" id="py-pyyaml-json">
<h3><a href="#py-pyyaml-json">py-pyyaml-json</a></h3>
<span class="status_box color_error">&nbsp;</span>error <pre>Traceback (most recent call last):
  File &quot;/yaml/bin/py-pyyaml-json&quot;, line 19, in &lt;module&gt;
    for doc in yaml.load_all(sys.stdin.read(), Loader=yaml.FullLoader):
  File &quot;/python/lib/python3.7/site-packages/yaml/__init__.py&quot;, line 129, in load_all
    while loader.check_data():
  File &quot;/python/lib/python3.7/site-packages/yaml/constructor.py&quot;, line 32, in check_data
    return self.check_node()
  File &quot;/python/lib/python3.7/site-packages/yaml/composer.py&quot;, line 22, in check_node
    return not self.check_event(StreamEndEvent)
  File &quot;/python/lib/python3.7/site-packages/yaml/parser.py&quot;, line 98, in check_event
    self.current_event = self.state()
  File &quot;/python/lib/python3.7/site-packages/yaml/parser.py&quot;, line 143, in parse_implicit_document_start
    StreamEndToken):
  File &quot;/python/lib/python3.7/site-packages/yaml/scanner.py&quot;, line 116, in check_token
    self.fetch_more_tokens()
  File &quot;/python/lib/python3.7/site-packages/yaml/scanner.py&quot;, line 260, in fetch_more_tokens
    self.get_mark())
yaml.scanner.ScannerError: while scanning for the next token
found character &#39;\t&#39; that cannot start any token
  in &quot;&lt;unicode string&gt;&quot;, line 1, column 1:
    	{}
    ^
</pre>
 </div>


  <div class="framework framework_box_error" id="py-pyyaml-py">
<h3><a href="#py-pyyaml-py">py-pyyaml-py</a></h3>
<span class="status_box color_error">&nbsp;</span>error <pre>Traceback (most recent call last):
  File &quot;/yaml/bin/py-pyyaml-py&quot;, line 36, in &lt;module&gt;
    for doc in yaml.load_all(sys.stdin.read(), Loader=yaml.FullLoader):
  File &quot;/python/lib/python3.7/site-packages/yaml/__init__.py&quot;, line 129, in load_all
    while loader.check_data():
  File &quot;/python/lib/python3.7/site-packages/yaml/constructor.py&quot;, line 32, in check_data
    return self.check_node()
  File &quot;/python/lib/python3.7/site-packages/yaml/composer.py&quot;, line 22, in check_node
    return not self.check_event(StreamEndEvent)
  File &quot;/python/lib/python3.7/site-packages/yaml/parser.py&quot;, line 98, in check_event
    self.current_event = self.state()
  File &quot;/python/lib/python3.7/site-packages/yaml/parser.py&quot;, line 143, in parse_implicit_document_start
    StreamEndToken):
  File &quot;/python/lib/python3.7/site-packages/yaml/scanner.py&quot;, line 116, in check_token
    self.fetch_more_tokens()
  File &quot;/python/lib/python3.7/site-packages/yaml/scanner.py&quot;, line 260, in fetch_more_tokens
    self.get_mark())
yaml.scanner.ScannerError: while scanning for the next token
found character &#39;\t&#39; that cannot start any token
  in &quot;&lt;unicode string&gt;&quot;, line 1, column 1:
    	{}
    ^
</pre>
 </div>


  <div class="framework framework_box_error" id="py-ruamel-event">
<h3><a href="#py-ruamel-event">py-ruamel-event</a></h3>
<span class="status_box color_error">&nbsp;</span>error <pre>Traceback (most recent call last):
  File &quot;/yaml/bin/py-ruamel-event&quot;, line 7, in &lt;module&gt;
    for event in ruamel.yaml.parse(sys.stdin.read()):
  File &quot;/python/lib/python3.7/site-packages/ruamel/yaml/main.py&quot;, line 907, in parse
    while loader._parser.check_event():
  File &quot;/python/lib/python3.7/site-packages/ruamel/yaml/parser.py&quot;, line 140, in check_event
    self.current_event = self.state()
  File &quot;/python/lib/python3.7/site-packages/ruamel/yaml/parser.py&quot;, line 176, in parse_stream_start
    token.move_comment(self.scanner.peek_token())
  File &quot;/python/lib/python3.7/site-packages/ruamel/yaml/scanner.py&quot;, line 183, in peek_token
    self.fetch_more_tokens()
  File &quot;/python/lib/python3.7/site-packages/ruamel/yaml/scanner.py&quot;, line 322, in fetch_more_tokens
    self.reader.get_mark(),
ruamel.yaml.scanner.ScannerError: while scanning for the next token
found character &#39;\t&#39; that cannot start any token
  in &quot;&lt;unicode string&gt;&quot;, line 1, column 1:
    	{}
    ^ (line: 1)
</pre>
 </div>


  <div class="framework framework_box_error" id="py-ruamel-json">
<h3><a href="#py-ruamel-json">py-ruamel-json</a></h3>
<span class="status_box color_error">&nbsp;</span>error <pre>Traceback (most recent call last):
  File &quot;/yaml/bin/py-ruamel-json&quot;, line 19, in &lt;module&gt;
    for doc in ruamel.yaml.load_all(sys.stdin.read(), Loader=ruamel.yaml.Loader):
  File &quot;/python/lib/python3.7/site-packages/ruamel/yaml/main.py&quot;, line 975, in load_all
    while loader._constructor.check_data():
  File &quot;/python/lib/python3.7/site-packages/ruamel/yaml/constructor.py&quot;, line 100, in check_data
    return self.composer.check_node()
  File &quot;/python/lib/python3.7/site-packages/ruamel/yaml/composer.py&quot;, line 58, in check_node
    if self.parser.check_event(StreamStartEvent):
  File &quot;/python/lib/python3.7/site-packages/ruamel/yaml/parser.py&quot;, line 140, in check_event
    self.current_event = self.state()
  File &quot;/python/lib/python3.7/site-packages/ruamel/yaml/parser.py&quot;, line 176, in parse_stream_start
    token.move_comment(self.scanner.peek_token())
  File &quot;/python/lib/python3.7/site-packages/ruamel/yaml/scanner.py&quot;, line 183, in peek_token
    self.fetch_more_tokens()
  File &quot;/python/lib/python3.7/site-packages/ruamel/yaml/scanner.py&quot;, line 322, in fetch_more_tokens
    self.reader.get_mark(),
ruamel.yaml.scanner.ScannerError: while scanning for the next token
found character &#39;\t&#39; that cannot start any token
  in &quot;&lt;unicode string&gt;&quot;, line 1, column 1:
    	{}
    ^ (line: 1)
</pre>
 </div>


  <div class="framework framework_box_error" id="py-ruamel-py">
<h3><a href="#py-ruamel-py">py-ruamel-py</a></h3>
<span class="status_box color_error">&nbsp;</span>error <pre>Traceback (most recent call last):
  File &quot;/yaml/bin/py-ruamel-py&quot;, line 36, in &lt;module&gt;
    for doc in ruamel.yaml.load_all(sys.stdin.read(), Loader=ruamel.yaml.Loader):
  File &quot;/python/lib/python3.7/site-packages/ruamel/yaml/main.py&quot;, line 975, in load_all
    while loader._constructor.check_data():
  File &quot;/python/lib/python3.7/site-packages/ruamel/yaml/constructor.py&quot;, line 100, in check_data
    return self.composer.check_node()
  File &quot;/python/lib/python3.7/site-packages/ruamel/yaml/composer.py&quot;, line 58, in check_node
    if self.parser.check_event(StreamStartEvent):
  File &quot;/python/lib/python3.7/site-packages/ruamel/yaml/parser.py&quot;, line 140, in check_event
    self.current_event = self.state()
  File &quot;/python/lib/python3.7/site-packages/ruamel/yaml/parser.py&quot;, line 176, in parse_stream_start
    token.move_comment(self.scanner.peek_token())
  File &quot;/python/lib/python3.7/site-packages/ruamel/yaml/scanner.py&quot;, line 183, in peek_token
    self.fetch_more_tokens()
  File &quot;/python/lib/python3.7/site-packages/ruamel/yaml/scanner.py&quot;, line 322, in fetch_more_tokens
    self.reader.get_mark(),
ruamel.yaml.scanner.ScannerError: while scanning for the next token
found character &#39;\t&#39; that cannot start any token
  in &quot;&lt;unicode string&gt;&quot;, line 1, column 1:
    	{}
    ^ (line: 1)
</pre>
 </div>


  <div class="framework framework_box_error" id="ruby-psych-json">
<h3><a href="#ruby-psych-json">ruby-psych-json</a></h3>
<span class="status_box color_error">&nbsp;</span>error <pre>/usr/lib/ruby/2.5.0/psych.rb:405:in `parse&#39;: (&lt;unknown&gt;): found character that cannot start any token while scanning for the next token at line 1 column 1 (Psych::SyntaxError)
	from /usr/lib/ruby/2.5.0/psych.rb:405:in `parse_stream&#39;
	from /usr/lib/ruby/2.5.0/psych.rb:488:in `load_stream&#39;
	from /yaml/bin/ruby-psych-json:6:in `&lt;main&gt;&#39;
</pre>
 </div>


 <hr style="clear: both;">    <div class="framework framework_box_na" id="perl-pp-perl">
<h3><a href="#perl-pp-perl">perl-pp-perl</a></h3>
<span class="status_box color_na">&nbsp;</span>na  <pre>{}
</pre>

 </div>


  <div class="framework framework_box_na" id="perl-syck-perl">
<h3><a href="#perl-syck-perl">perl-syck-perl</a></h3>
<span class="status_box color_na">&nbsp;</span>na  <pre>{}
</pre>

 </div>


 <hr style="clear: both;">    <div class="framework framework_box_ni" id="perl-tiny-json">
<h3><a href="#perl-tiny-json">perl-tiny-json</a></h3>
<span class="status_box color_ni">&nbsp;</span>ni <pre>YAML::Tiny failed to classify line &#39;	{}&#39; at /yaml/bin/perl-tiny-json line 12.
</pre>
 </div>


  <div class="framework framework_box_ni" id="perl-tiny-perl">
<h3><a href="#perl-tiny-perl">perl-tiny-perl</a></h3>
<span class="status_box color_ni">&nbsp;</span>ni <pre>YAML::Tiny failed to classify line &#39;	{}&#39; at /yaml/bin/perl-tiny-perl line 15.
</pre>
 </div>


 <hr style="clear: both;">        </body>
</html>

