<!DOCTYPE html>
<html lang="en">
<head>
<title>#ZXT5 - Implicit key followed by newline and adjacent value - YAML Test Matrix</title>
<meta charset='utf-8'>
<link rel="stylesheet" type="text/css" href="../css/yaml.css">
<link rel="stylesheet" type="text/css" href="../css/matrix.css">
<link rel="stylesheet" type="text/css" href="../css/yaml-tokens.css">
<link rel="icon" type="image/x-icon" href="http://www.yaml.io/favicon.ico">
</head>
<body>

<h1><a href="../index.html"><tt># YAML Test Matrix</tt></a></h1>
<h2><tt>--- <a
href="https://github.com/yaml/yaml-test-suite/blob/master/src/ZXT5.yaml">&test-ZXT5</a><br>
&nbsp;&nbsp;Title: Implicit key followed by newline and adjacent value</br>
&nbsp;&nbsp;Tags: [ error, flow, mapping, sequence ]</tt></h2>

<div class="framework" id="yaml"><h3><a href="#yaml">YAML</a></h3><pre><span class="default">[ &quot;key&quot;</span><span class="eol">
</span><span class="default">  :value ]</span><span class="eol">
</span></pre></div>
<div class="framework" id="events"><h3><a href="#events">Expected Events</a></h3><pre>+STR
+DOC
+SEQ []
=VAL &quot;key
</pre></div>
<div class="framework" id="json"><h3><a href="#json">Expected JSON</a></h3>
<pre></pre>
</div>
<hr style="clear: both;">
   <div class="framework framework_box_invalid_incorrect" id="hs-reference-yeast">
<h3><a href="#hs-reference-yeast">hs-reference-yeast</a></h3>
<span class="status_box color_invalid_incorrect">&nbsp;</span>invalid_incorrect <pre>Line  Col Char Byte Token|Content
   1    0    0    0 +DOC |
   1    0    0    0 +NODE|
   1    0    0    0 +SEQ |
   1    0    0    0 =SYNX|[
   1    1    1    1 =WSPC|.
   1    2    2    2 +NODE|
   1    2    2    2 +VAL |
   1    2    2    2 =SYNX|&quot;
   1    3    3    3 =TEXT|key
   1    6    6    6 =SYNX|&quot;
   1    7    7    7 -VAL |
   1    7    7    7 -NODE|
   1    7    7    7 =EOL |\x0a
   2    0    8    8 =WSPC|..
   2    2   10   10 -SEQ |
   2    2   10   10 -NODE|
   2    2   10   10 =ERR |Unexpected.&#39;:&#39;
   2    2   10   10 =REST|:value.]
   2   10   18   18 =REST|\x0a
   3    0   19   19 -DOC |
</pre>
 </div>


  <div class="framework framework_box_invalid_incorrect" id="nim-nimyaml-event">
<h3><a href="#nim-nimyaml-event">nim-nimyaml-event</a></h3>
<span class="status_box color_invalid_incorrect">&nbsp;</span>invalid_incorrect <pre>+STR
+DOC
+SEQ
+MAP
=VAL &quot;key
=VAL :value
-MAP
-SEQ
-DOC
-STR
</pre>
 </div>


 <hr style="clear: both;">    <div class="framework framework_box_invalid_correct" id="c-libfyaml-event">
<h3><a href="#c-libfyaml-event">c-libfyaml-event</a></h3>
<span class="status_box color_invalid_correct">&nbsp;</span>invalid_correct <pre>stdin:2:3: error: Illegal placement of &#39;:&#39; indicator
  :value ]
  ^
+STR
</pre>
 </div>


  <div class="framework framework_box_invalid_correct" id="c-libfyaml-json">
<h3><a href="#c-libfyaml-json">c-libfyaml-json</a></h3>
<span class="status_box color_invalid_correct">&nbsp;</span>invalid_correct <pre>stdin:2:3: error: Illegal placement of &#39;:&#39; indicator
  :value ]
  ^
</pre>
 </div>


  <div class="framework framework_box_invalid_correct" id="c-libyaml-event">
<h3><a href="#c-libyaml-event">c-libyaml-event</a></h3>
<span class="status_box color_invalid_correct">&nbsp;</span>invalid_correct <pre>Parse error: did not find expected &#39;,&#39; or &#39;]&#39;
+STR
+DOC
+SEQ []
=VAL &quot;key
</pre>
 </div>


  <div class="framework framework_box_invalid_correct" id="cpp-rapidyaml-event">
<h3><a href="#cpp-rapidyaml-event">cpp-rapidyaml-event</a></h3>
<span class="status_box color_invalid_correct">&nbsp;</span>invalid_correct <pre>-:2:3: (10B): ERROR: was expecting a comma
-:2:3:   :value ]  (size=10)
         ^~~~~~~~  (cols 3-11)
</pre>
 </div>


  <div class="framework framework_box_invalid_correct" id="cpp-yamlcpp-event">
<h3><a href="#cpp-yamlcpp-event">cpp-yamlcpp-event</a></h3>
<span class="status_box color_invalid_correct">&nbsp;</span>invalid_correct <pre>Exception:
yaml-cpp: error at line 2, column 3: end of sequence flow not found
+STR
+DOC
+SEQ []
=VAL :key
</pre>
 </div>


  <div class="framework framework_box_invalid_correct" id="dotnet-yamldotnet-event">
<h3><a href="#dotnet-yamldotnet-event">dotnet-yamldotnet-event</a></h3>
<span class="status_box color_invalid_correct">&nbsp;</span>invalid_correct <pre>Unhandled exception. YamlDotNet.Core.SemanticErrorException: (Line: 2, Col: 3, Idx: 10) - (Line: 2, Col: 4, Idx: 11): While parsing a flow sequence, did not find expected &#39;,&#39; or &#39;]&#39;.
   at YamlDotNet.Core.Parser.ParseFlowSequenceEntry(Boolean isFirst)
   at YamlDotNet.Core.Parser.StateMachine()
   at YamlDotNet.Core.Parser.MoveNext()
   at YamlDotNet.RepresentationModel.LibYamlEventStream.WriteTo(TextWriter textWriter)
   at Program.Main(String[] commandLineArguments)
Aborted (core dumped)
+STR
+DOC
+SEQ
=VAL &quot;key
</pre>
 </div>


  <div class="framework framework_box_invalid_correct" id="dotnet-yamldotnet-json">
<h3><a href="#dotnet-yamldotnet-json">dotnet-yamldotnet-json</a></h3>
<span class="status_box color_invalid_correct">&nbsp;</span>invalid_correct <pre>Unhandled exception. YamlDotNet.Core.SemanticErrorException: (Line: 2, Col: 3, Idx: 10) - (Line: 2, Col: 4, Idx: 11): While parsing a flow sequence, did not find expected &#39;,&#39; or &#39;]&#39;.
   at YamlDotNet.Core.Parser.ParseFlowSequenceEntry(Boolean isFirst)
   at YamlDotNet.Core.Parser.StateMachine()
   at YamlDotNet.Core.Parser.MoveNext()
   at YamlDotNet.Core.ParserExtensions.TryConsume[T](IParser parser, T&amp; event)
   at YamlDotNet.Serialization.NodeDeserializers.ScalarNodeDeserializer.YamlDotNet.Serialization.INodeDeserializer.Deserialize(IParser parser, Type expectedType, Func`3 nestedObjectDeserializer, Object&amp; value)
   at YamlDotNet.Serialization.ValueDeserializers.NodeValueDeserializer.DeserializeValue(IParser parser, Type expectedType, SerializerState state, IValueDeserializer nestedObjectDeserializer)
   at YamlDotNet.Serialization.ValueDeserializers.AliasValueDeserializer.DeserializeValue(IParser parser, Type expectedType, SerializerState state, IValueDeserializer nestedObjectDeserializer)
   at YamlDotNet.Serialization.ValueDeserializers.NodeValueDeserializer.&lt;&gt;c__DisplayClass3_0.&lt;DeserializeValue&gt;b__0(IParser r, Type t)
   at YamlDotNet.Serialization.NodeDeserializers.CollectionNodeDeserializer.DeserializeHelper(Type tItem, IParser parser, Func`3 nestedObjectDeserializer, IList result, Boolean canUpdate)
   at YamlDotNet.Serialization.NodeDeserializers.CollectionNodeDeserializer.YamlDotNet.Serialization.INodeDeserializer.Deserialize(IParser parser, Type expectedType, Func`3 nestedObjectDeserializer, Object&amp; value)
   at YamlDotNet.Serialization.ValueDeserializers.NodeValueDeserializer.DeserializeValue(IParser parser, Type expectedType, SerializerState state, IValueDeserializer nestedObjectDeserializer)
   at YamlDotNet.Serialization.ValueDeserializers.AliasValueDeserializer.DeserializeValue(IParser parser, Type expectedType, SerializerState state, IValueDeserializer nestedObjectDeserializer)
   at YamlDotNet.Serialization.Deserializer.Deserialize(IParser parser, Type type)
   at YamlDotNet.Serialization.Deserializer.Deserialize(TextReader input, Type type)
   at YamlDotNet.Serialization.Deserializer.Deserialize(TextReader input)
   at Program.Main(String[] commandLineArguments)
Aborted (core dumped)
</pre>
 </div>


  <div class="framework framework_box_invalid_correct" id="go-yaml-json">
<h3><a href="#go-yaml-json">go-yaml-json</a></h3>
<span class="status_box color_invalid_correct">&nbsp;</span>invalid_correct <pre>yaml: line 1: did not find expected &#39;,&#39; or &#39;]&#39;
</pre>
 </div>


  <div class="framework framework_box_invalid_correct" id="hs-hsyaml-event">
<h3><a href="#hs-hsyaml-event">hs-hsyaml-event</a></h3>
<span class="status_box color_invalid_correct">&nbsp;</span>invalid_correct <pre>Parsing error near byte offset Pos {posByteOffset = 10, posCharOffset = 10, posLine = 2, posColumn = 2} (Unexpected &#39;:&#39;)
+STR
+DOC
+SEQ []
=VAL &quot;key
-SEQ
</pre>
 </div>


  <div class="framework framework_box_invalid_correct" id="hs-hsyaml-json">
<h3><a href="#hs-hsyaml-json">hs-hsyaml-json</a></h3>
<span class="status_box color_invalid_correct">&nbsp;</span>invalid_correct <pre>hsyaml-parser: user error (Unexpected &#39;:&#39;)
</pre>
 </div>


  <div class="framework framework_box_invalid_correct" id="js-jsyaml-json">
<h3><a href="#js-jsyaml-json">js-jsyaml-json</a></h3>
<span class="status_box color_invalid_correct">&nbsp;</span>invalid_correct <pre>
/node/node_modules/js-yaml/lib/loader.js:187
  throw generateError(state, message);
  ^
YAMLException: missed comma between flow collection entries (2:3)

 1 | [ &quot;key&quot;
 2 |   :value ]
-------^
    at generateError (/node/node_modules/js-yaml/lib/loader.js:183:10)
    at throwError (/node/node_modules/js-yaml/lib/loader.js:187:9)
    at readFlowCollection (/node/node_modules/js-yaml/lib/loader.js:758:7)
    at composeNode (/node/node_modules/js-yaml/lib/loader.js:1442:11)
    at readBlockMapping (/node/node_modules/js-yaml/lib/loader.js:1104:12)
    at composeNode (/node/node_modules/js-yaml/lib/loader.js:1441:12)
    at readDocument (/node/node_modules/js-yaml/lib/loader.js:1625:3)
    at loadDocuments (/node/node_modules/js-yaml/lib/loader.js:1688:5)
    at Object.loadAll (/node/node_modules/js-yaml/lib/loader.js:1701:19)
    at Object.&lt;anonymous&gt; (/yaml/bin/js-jsyaml-json:7:13) {
  reason: &#39;missed comma between flow collection entries&#39;,
  mark: {
    name: null,
    buffer: &#39;[ &quot;key&quot;\n  :value ]\n&#39;,
    position: 10,
    line: 1,
    column: 2,
    snippet: &#39; 1 | [ &quot;key&quot;\n 2 |   :value ]\n-------^&#39;
  }
}

Node.js v20.13.1
</pre>
 </div>


  <div class="framework framework_box_invalid_correct" id="js-yaml-event">
<h3><a href="#js-yaml-event">js-yaml-event</a></h3>
<span class="status_box color_invalid_correct">&nbsp;</span>invalid_correct <pre>Implicit keys of flow sequence pairs need to be on a single line at line 1, column 8:

[ &quot;key&quot;
       ^
+STR
+DOC
+SEQ []
</pre>
 </div>


  <div class="framework framework_box_invalid_correct" id="js-yaml-json">
<h3><a href="#js-yaml-json">js-yaml-json</a></h3>
<span class="status_box color_invalid_correct">&nbsp;</span>invalid_correct <pre>/yaml/bin/js-yaml-json:9
    if (doc.errors.length !== 0) throw doc.errors[0]
                                 ^

YAMLParseError: Implicit keys of flow sequence pairs need to be on a single line at line 1, column 8:

[ &quot;key&quot;
       ^

    at Composer.onError (/node/node_modules/yaml/dist/compose/composer.js:69:34)
    at Object.resolveFlowCollection (/node/node_modules/yaml/dist/compose/resolve-flow-collection.js:125:33)
    at resolveCollection (/node/node_modules/yaml/dist/compose/compose-collection.js:16:37)
    at Object.composeCollection (/node/node_modules/yaml/dist/compose/compose-collection.js:47:16)
    at Object.composeNode (/node/node_modules/yaml/dist/compose/compose-node.js:31:38)
    at Object.composeDoc (/node/node_modules/yaml/dist/compose/compose-doc.js:34:23)
    at Composer.next (/node/node_modules/yaml/dist/compose/composer.js:149:40)
    at next (&lt;anonymous&gt;)
    at Composer.compose (/node/node_modules/yaml/dist/compose/composer.js:131:25)
    at compose.next (&lt;anonymous&gt;) {
  code: &#39;MULTILINE_IMPLICIT_KEY&#39;,
  pos: [ 7, 8 ],
  linePos: [ { line: 1, col: 8 }, { line: 2, col: 1 } ]
}

Node.js v20.13.1
</pre>
 </div>


  <div class="framework framework_box_invalid_correct" id="lua-lyaml-json">
<h3><a href="#lua-lyaml-json">lua-lyaml-json</a></h3>
<span class="status_box color_invalid_correct">&nbsp;</span>invalid_correct <pre>luajit: 1:3: did not find expected &#39;,&#39; or &#39;]&#39;
stack traceback:
	[C]: in function &#39;error&#39;
	/usr/local/share/lua/5.1/lyaml/init.lua:306: in function &#39;error&#39;
	/usr/local/share/lua/5.1/lyaml/init.lua:325: in function &#39;parse&#39;
	/usr/local/share/lua/5.1/lyaml/init.lua:443: in function &#39;load_node&#39;
	/usr/local/share/lua/5.1/lyaml/init.lua:393: in function &#39;load_node&#39;
	/usr/local/share/lua/5.1/lyaml/init.lua:497: in function &#39;load&#39;
	/yaml/bin/lua-lyaml-json:6: in main chunk
	[C]: at 0x559aa86f7ed0
</pre>
 </div>


  <div class="framework framework_box_invalid_correct" id="perl-pp-event">
<h3><a href="#perl-pp-event">perl-pp-event</a></h3>
<span class="status_box color_invalid_correct">&nbsp;</span>invalid_correct <pre>Line      : 2
Column    : 3
Expected  : EOL FLOWSEQ_END FLOW_COMMA WS
Got       : COLON
Where     : /perl5/lib/perl5/YAML/PP/Parser.pm line 392
YAML      : &quot;:value ]\n&quot;
  at /yaml/bin/perl-pp-event line 46.
+STR
+DOC
+SEQ []
=VAL &quot;key
</pre>
 </div>


  <div class="framework framework_box_invalid_correct" id="perl-pp-json">
<h3><a href="#perl-pp-json">perl-pp-json</a></h3>
<span class="status_box color_invalid_correct">&nbsp;</span>invalid_correct <pre>Line      : 2
Column    : 3
Expected  : EOL FLOWSEQ_END FLOW_COMMA WS
Got       : COLON
Where     : /perl5/lib/perl5/YAML/PP/Parser.pm line 392
YAML      : &quot;:value ]\n&quot;
  at /perl5/lib/perl5/YAML/PP/Loader.pm line 94.
</pre>
 </div>


  <div class="framework framework_box_invalid_correct" id="perl-pp-perl">
<h3><a href="#perl-pp-perl">perl-pp-perl</a></h3>
<span class="status_box color_invalid_correct">&nbsp;</span>invalid_correct <pre>Line      : 2
Column    : 3
Expected  : EOL FLOWSEQ_END FLOW_COMMA WS
Got       : COLON
Where     : /perl5/lib/perl5/YAML/PP/Parser.pm line 392
YAML      : &quot;:value ]\n&quot;
  at /perl5/lib/perl5/YAML/PP/Loader.pm line 94.
</pre>
 </div>


  <div class="framework framework_box_invalid_correct" id="perl-pplibyaml-json">
<h3><a href="#perl-pplibyaml-json">perl-pplibyaml-json</a></h3>
<span class="status_box color_invalid_correct">&nbsp;</span>invalid_correct <pre>YAML::PP::LibYAML Error: The problem:

    did not find expected &#39;,&#39; or &#39;]&#39;

was found at , line: 2, column: 3
while parsing a flow sequence at line: 1, column: 1
</pre>
 </div>


  <div class="framework framework_box_invalid_correct" id="perl-pplibyaml-perl">
<h3><a href="#perl-pplibyaml-perl">perl-pplibyaml-perl</a></h3>
<span class="status_box color_invalid_correct">&nbsp;</span>invalid_correct <pre>YAML::PP::LibYAML Error: The problem:

    did not find expected &#39;,&#39; or &#39;]&#39;

was found at , line: 2, column: 3
while parsing a flow sequence at line: 1, column: 1
</pre>
 </div>


  <div class="framework framework_box_invalid_correct" id="perl-refparser-event">
<h3><a href="#perl-refparser-event">perl-refparser-event</a></h3>
<span class="status_box color_invalid_correct">&nbsp;</span>invalid_correct <pre>Parser finished before end of input at /perl5/lib/perl5/YAML/Parser.pm line 4056, &lt;&gt; line 1.
</pre>
 </div>


  <div class="framework framework_box_invalid_correct" id="perl-syck-json">
<h3><a href="#perl-syck-json">perl-syck-json</a></h3>
<span class="status_box color_invalid_correct">&nbsp;</span>invalid_correct <pre>Syck parser (line 2, column 8): syntax error at /perl5/lib/perl5/x86_64-linux-thread-multi/YAML/Syck.pm line 60, &lt;&gt; line 1.
</pre>
 </div>


  <div class="framework framework_box_invalid_correct" id="perl-syck-perl">
<h3><a href="#perl-syck-perl">perl-syck-perl</a></h3>
<span class="status_box color_invalid_correct">&nbsp;</span>invalid_correct <pre>Syck parser (line 2, column 8): syntax error at /perl5/lib/perl5/x86_64-linux-thread-multi/YAML/Syck.pm line 60, &lt;&gt; line 1.
</pre>
 </div>


  <div class="framework framework_box_invalid_correct" id="perl-tiny-json">
<h3><a href="#perl-tiny-json">perl-tiny-json</a></h3>
<span class="status_box color_invalid_correct">&nbsp;</span>invalid_correct <pre>YAML::Tiny failed to classify line &#39;[ &quot;key&quot;&#39; at /yaml/bin/perl-tiny-json line 12.
</pre>
 </div>


  <div class="framework framework_box_invalid_correct" id="perl-tiny-perl">
<h3><a href="#perl-tiny-perl">perl-tiny-perl</a></h3>
<span class="status_box color_invalid_correct">&nbsp;</span>invalid_correct <pre>YAML::Tiny failed to classify line &#39;[ &quot;key&quot;&#39; at /yaml/bin/perl-tiny-perl line 15.
</pre>
 </div>


  <div class="framework framework_box_invalid_correct" id="perl-xs-json">
<h3><a href="#perl-xs-json">perl-xs-json</a></h3>
<span class="status_box color_invalid_correct">&nbsp;</span>invalid_correct <pre>YAML::XS::Load Error: The problem:

    did not find expected &#39;,&#39; or &#39;]&#39;

was found at document: 1, line: 2, column: 3
while parsing a flow sequence at line: 1, column: 1
</pre>
 </div>


  <div class="framework framework_box_invalid_correct" id="perl-xs-perl">
<h3><a href="#perl-xs-perl">perl-xs-perl</a></h3>
<span class="status_box color_invalid_correct">&nbsp;</span>invalid_correct <pre>YAML::XS::Load Error: The problem:

    did not find expected &#39;,&#39; or &#39;]&#39;

was found at document: 1, line: 2, column: 3
while parsing a flow sequence at line: 1, column: 1
</pre>
 </div>


  <div class="framework framework_box_invalid_correct" id="perl-yaml-json">
<h3><a href="#perl-yaml-json">perl-yaml-json</a></h3>
<span class="status_box color_invalid_correct">&nbsp;</span>invalid_correct <pre>YAML Error: Expected separator &#39;---&#39;
   Code: YAML_PARSE_ERR_NO_SEPARATOR
   Line: 1
   Document: 2
 at /perl5/lib/perl5/YAML/Loader.pm line 88.
</pre>
 </div>


  <div class="framework framework_box_invalid_correct" id="perl-yaml-perl">
<h3><a href="#perl-yaml-perl">perl-yaml-perl</a></h3>
<span class="status_box color_invalid_correct">&nbsp;</span>invalid_correct <pre>YAML Error: Expected separator &#39;---&#39;
   Code: YAML_PARSE_ERR_NO_SEPARATOR
   Line: 1
   Document: 2
 at /perl5/lib/perl5/YAML/Loader.pm line 88.
</pre>
 </div>


  <div class="framework framework_box_invalid_correct" id="py-pyyaml-event">
<h3><a href="#py-pyyaml-event">py-pyyaml-event</a></h3>
<span class="status_box color_invalid_correct">&nbsp;</span>invalid_correct <pre>Traceback (most recent call last):
  File &quot;/yaml/bin/py-pyyaml-event&quot;, line 7, in &lt;module&gt;
    for event in yaml.parse(sys.stdin.read()):
  File &quot;/python/lib/python3.12/site-packages/yaml/__init__.py&quot;, line 75, in parse
    while loader.check_event():
          ^^^^^^^^^^^^^^^^^^^^
  File &quot;/python/lib/python3.12/site-packages/yaml/parser.py&quot;, line 98, in check_event
    self.current_event = self.state()
                         ^^^^^^^^^^^^
  File &quot;/python/lib/python3.12/site-packages/yaml/parser.py&quot;, line 483, in parse_flow_sequence_entry
    raise ParserError(&quot;while parsing a flow sequence&quot;, self.marks[-1],
yaml.parser.ParserError: while parsing a flow sequence
  in &quot;&lt;unicode string&gt;&quot;, line 1, column 1:
    [ &quot;key&quot;
    ^
expected &#39;,&#39; or &#39;]&#39;, but got &#39;:&#39;
  in &quot;&lt;unicode string&gt;&quot;, line 2, column 3:
      :value ]
      ^
+STR
+DOC
+SEQ []
=VAL &quot;key
</pre>
 </div>


  <div class="framework framework_box_invalid_correct" id="py-pyyaml-json">
<h3><a href="#py-pyyaml-json">py-pyyaml-json</a></h3>
<span class="status_box color_invalid_correct">&nbsp;</span>invalid_correct <pre>Traceback (most recent call last):
  File &quot;/yaml/bin/py-pyyaml-json&quot;, line 19, in &lt;module&gt;
    for doc in yaml.load_all(sys.stdin.read(), Loader=yaml.FullLoader):
  File &quot;/python/lib/python3.12/site-packages/yaml/__init__.py&quot;, line 130, in load_all
    yield loader.get_data()
          ^^^^^^^^^^^^^^^^^
  File &quot;/python/lib/python3.12/site-packages/yaml/constructor.py&quot;, line 45, in get_data
    return self.construct_document(self.get_node())
                                   ^^^^^^^^^^^^^^^
  File &quot;/python/lib/python3.12/site-packages/yaml/composer.py&quot;, line 27, in get_node
    return self.compose_document()
           ^^^^^^^^^^^^^^^^^^^^^^^
  File &quot;/python/lib/python3.12/site-packages/yaml/composer.py&quot;, line 55, in compose_document
    node = self.compose_node(None, None)
           ^^^^^^^^^^^^^^^^^^^^^^^^^^^^^
  File &quot;/python/lib/python3.12/site-packages/yaml/composer.py&quot;, line 82, in compose_node
    node = self.compose_sequence_node(anchor)
           ^^^^^^^^^^^^^^^^^^^^^^^^^^^^^^^^^^
  File &quot;/python/lib/python3.12/site-packages/yaml/composer.py&quot;, line 110, in compose_sequence_node
    while not self.check_event(SequenceEndEvent):
              ^^^^^^^^^^^^^^^^^^^^^^^^^^^^^^^^^^
  File &quot;/python/lib/python3.12/site-packages/yaml/parser.py&quot;, line 98, in check_event
    self.current_event = self.state()
                         ^^^^^^^^^^^^
  File &quot;/python/lib/python3.12/site-packages/yaml/parser.py&quot;, line 483, in parse_flow_sequence_entry
    raise ParserError(&quot;while parsing a flow sequence&quot;, self.marks[-1],
yaml.parser.ParserError: while parsing a flow sequence
  in &quot;&lt;unicode string&gt;&quot;, line 1, column 1:
    [ &quot;key&quot;
    ^
expected &#39;,&#39; or &#39;]&#39;, but got &#39;:&#39;
  in &quot;&lt;unicode string&gt;&quot;, line 2, column 3:
      :value ]
      ^
</pre>
 </div>


  <div class="framework framework_box_invalid_correct" id="py-pyyaml-py">
<h3><a href="#py-pyyaml-py">py-pyyaml-py</a></h3>
<span class="status_box color_invalid_correct">&nbsp;</span>invalid_correct <pre>Traceback (most recent call last):
  File &quot;/yaml/bin/py-pyyaml-py&quot;, line 36, in &lt;module&gt;
    for doc in yaml.load_all(sys.stdin.read(), Loader=yaml.FullLoader):
  File &quot;/python/lib/python3.12/site-packages/yaml/__init__.py&quot;, line 130, in load_all
    yield loader.get_data()
          ^^^^^^^^^^^^^^^^^
  File &quot;/python/lib/python3.12/site-packages/yaml/constructor.py&quot;, line 45, in get_data
    return self.construct_document(self.get_node())
                                   ^^^^^^^^^^^^^^^
  File &quot;/python/lib/python3.12/site-packages/yaml/composer.py&quot;, line 27, in get_node
    return self.compose_document()
           ^^^^^^^^^^^^^^^^^^^^^^^
  File &quot;/python/lib/python3.12/site-packages/yaml/composer.py&quot;, line 55, in compose_document
    node = self.compose_node(None, None)
           ^^^^^^^^^^^^^^^^^^^^^^^^^^^^^
  File &quot;/python/lib/python3.12/site-packages/yaml/composer.py&quot;, line 82, in compose_node
    node = self.compose_sequence_node(anchor)
           ^^^^^^^^^^^^^^^^^^^^^^^^^^^^^^^^^^
  File &quot;/python/lib/python3.12/site-packages/yaml/composer.py&quot;, line 110, in compose_sequence_node
    while not self.check_event(SequenceEndEvent):
              ^^^^^^^^^^^^^^^^^^^^^^^^^^^^^^^^^^
  File &quot;/python/lib/python3.12/site-packages/yaml/parser.py&quot;, line 98, in check_event
    self.current_event = self.state()
                         ^^^^^^^^^^^^
  File &quot;/python/lib/python3.12/site-packages/yaml/parser.py&quot;, line 483, in parse_flow_sequence_entry
    raise ParserError(&quot;while parsing a flow sequence&quot;, self.marks[-1],
yaml.parser.ParserError: while parsing a flow sequence
  in &quot;&lt;unicode string&gt;&quot;, line 1, column 1:
    [ &quot;key&quot;
    ^
expected &#39;,&#39; or &#39;]&#39;, but got &#39;:&#39;
  in &quot;&lt;unicode string&gt;&quot;, line 2, column 3:
      :value ]
      ^
</pre>
 </div>


  <div class="framework framework_box_invalid_correct" id="py-ruamel-event">
<h3><a href="#py-ruamel-event">py-ruamel-event</a></h3>
<span class="status_box color_invalid_correct">&nbsp;</span>invalid_correct <pre>Traceback (most recent call last):
  File &quot;/yaml/bin/py-ruamel-event&quot;, line 9, in &lt;module&gt;
    for event in yaml.parse(sys.stdin.read()):
  File &quot;/python/lib/python3.12/site-packages/ruamel/yaml/main.py&quot;, line 371, in parse
    while parser.check_event():
          ^^^^^^^^^^^^^^^^^^^^
  File &quot;/python/lib/python3.12/site-packages/ruamel/yaml/parser.py&quot;, line 141, in check_event
    self.current_event = self.state()
                         ^^^^^^^^^^^^
  File &quot;/python/lib/python3.12/site-packages/ruamel/yaml/parser.py&quot;, line 678, in parse_flow_sequence_entry
    raise ParserError(
ruamel.yaml.parser.ParserError: while parsing a flow sequence
  in &quot;&lt;unicode string&gt;&quot;, line 1, column 1:
    [ &quot;key&quot;
    ^ (line: 1)
expected &#39;,&#39; or &#39;]&#39;, but got &#39;&lt;scalar&gt;&#39;
  in &quot;&lt;unicode string&gt;&quot;, line 2, column 3:
      :value ]
      ^ (line: 2)
+STR
+DOC
+SEQ []
=VAL &quot;key
</pre>
 </div>


  <div class="framework framework_box_invalid_correct" id="py-ruamel-json">
<h3><a href="#py-ruamel-json">py-ruamel-json</a></h3>
<span class="status_box color_invalid_correct">&nbsp;</span>invalid_correct <pre>Traceback (most recent call last):
  File &quot;/yaml/bin/py-ruamel-json&quot;, line 21, in &lt;module&gt;
    for doc in yaml.load_all(sys.stdin.read()):
  File &quot;/python/lib/python3.12/site-packages/ruamel/yaml/main.py&quot;, line 476, in load_all
    yield constructor.get_data()
          ^^^^^^^^^^^^^^^^^^^^^^
  File &quot;/python/lib/python3.12/site-packages/ruamel/yaml/constructor.py&quot;, line 110, in get_data
    return self.construct_document(self.composer.get_node())
                                   ^^^^^^^^^^^^^^^^^^^^^^^^
  File &quot;/python/lib/python3.12/site-packages/ruamel/yaml/composer.py&quot;, line 63, in get_node
    return self.compose_document()
           ^^^^^^^^^^^^^^^^^^^^^^^
  File &quot;/python/lib/python3.12/site-packages/ruamel/yaml/composer.py&quot;, line 94, in compose_document
    node = self.compose_node(None, None)
           ^^^^^^^^^^^^^^^^^^^^^^^^^^^^^
  File &quot;/python/lib/python3.12/site-packages/ruamel/yaml/composer.py&quot;, line 128, in compose_node
    node = self.compose_sequence_node(anchor)
           ^^^^^^^^^^^^^^^^^^^^^^^^^^^^^^^^^^
  File &quot;/python/lib/python3.12/site-packages/ruamel/yaml/composer.py&quot;, line 172, in compose_sequence_node
    while not self.parser.check_event(SequenceEndEvent):
              ^^^^^^^^^^^^^^^^^^^^^^^^^^^^^^^^^^^^^^^^^
  File &quot;/python/lib/python3.12/site-packages/ruamel/yaml/parser.py&quot;, line 141, in check_event
    self.current_event = self.state()
                         ^^^^^^^^^^^^
  File &quot;/python/lib/python3.12/site-packages/ruamel/yaml/parser.py&quot;, line 678, in parse_flow_sequence_entry
    raise ParserError(
ruamel.yaml.parser.ParserError: while parsing a flow sequence
  in &quot;&lt;unicode string&gt;&quot;, line 1, column 1:
    [ &quot;key&quot;
    ^ (line: 1)
expected &#39;,&#39; or &#39;]&#39;, but got &#39;&lt;scalar&gt;&#39;
  in &quot;&lt;unicode string&gt;&quot;, line 2, column 3:
      :value ]
      ^ (line: 2)
</pre>
 </div>


  <div class="framework framework_box_invalid_correct" id="py-ruamel-py">
<h3><a href="#py-ruamel-py">py-ruamel-py</a></h3>
<span class="status_box color_invalid_correct">&nbsp;</span>invalid_correct <pre>Traceback (most recent call last):
  File &quot;/yaml/bin/py-ruamel-py&quot;, line 38, in &lt;module&gt;
    for doc in yaml.load_all(sys.stdin.read()):
  File &quot;/python/lib/python3.12/site-packages/ruamel/yaml/main.py&quot;, line 476, in load_all
    yield constructor.get_data()
          ^^^^^^^^^^^^^^^^^^^^^^
  File &quot;/python/lib/python3.12/site-packages/ruamel/yaml/constructor.py&quot;, line 110, in get_data
    return self.construct_document(self.composer.get_node())
                                   ^^^^^^^^^^^^^^^^^^^^^^^^
  File &quot;/python/lib/python3.12/site-packages/ruamel/yaml/composer.py&quot;, line 63, in get_node
    return self.compose_document()
           ^^^^^^^^^^^^^^^^^^^^^^^
  File &quot;/python/lib/python3.12/site-packages/ruamel/yaml/composer.py&quot;, line 94, in compose_document
    node = self.compose_node(None, None)
           ^^^^^^^^^^^^^^^^^^^^^^^^^^^^^
  File &quot;/python/lib/python3.12/site-packages/ruamel/yaml/composer.py&quot;, line 128, in compose_node
    node = self.compose_sequence_node(anchor)
           ^^^^^^^^^^^^^^^^^^^^^^^^^^^^^^^^^^
  File &quot;/python/lib/python3.12/site-packages/ruamel/yaml/composer.py&quot;, line 172, in compose_sequence_node
    while not self.parser.check_event(SequenceEndEvent):
              ^^^^^^^^^^^^^^^^^^^^^^^^^^^^^^^^^^^^^^^^^
  File &quot;/python/lib/python3.12/site-packages/ruamel/yaml/parser.py&quot;, line 141, in check_event
    self.current_event = self.state()
                         ^^^^^^^^^^^^
  File &quot;/python/lib/python3.12/site-packages/ruamel/yaml/parser.py&quot;, line 678, in parse_flow_sequence_entry
    raise ParserError(
ruamel.yaml.parser.ParserError: while parsing a flow sequence
  in &quot;&lt;unicode string&gt;&quot;, line 1, column 1:
    [ &quot;key&quot;
    ^ (line: 1)
expected &#39;,&#39; or &#39;]&#39;, but got &#39;&lt;scalar&gt;&#39;
  in &quot;&lt;unicode string&gt;&quot;, line 2, column 3:
      :value ]
      ^ (line: 2)
</pre>
 </div>


  <div class="framework framework_box_invalid_correct" id="ruby-psych-json">
<h3><a href="#ruby-psych-json">ruby-psych-json</a></h3>
<span class="status_box color_invalid_correct">&nbsp;</span>invalid_correct <pre>/ruby/gems/psych/lib/psych.rb:458:in `parse&#39;: (&lt;unknown&gt;): did not find expected &#39;,&#39; or &#39;]&#39; while parsing a flow sequence at line 1 column 1 (Psych::SyntaxError)
	from /ruby/gems/psych/lib/psych.rb:458:in `parse_stream&#39;
	from /ruby/gems/psych/lib/psych.rb:632:in `load_stream&#39;
	from /yaml/bin/ruby-psych-json:6:in `&lt;main&gt;&#39;
</pre>
 </div>


  <div class="framework framework_box_invalid_correct" id="rust-yamlrust-event">
<h3><a href="#rust-yamlrust-event">rust-yamlrust-event</a></h3>
<span class="status_box color_invalid_correct">&nbsp;</span>invalid_correct <pre>Error: ScanError { mark: Marker { index: 10, line: 2, col: 2 }, info: &quot;while parsing a flow sequence, expected &#39;,&#39; or &#39;]&#39;&quot; }
+STR
+DOC
+SEQ
=VAL &quot;key
</pre>
 </div>


 <hr style="clear: both;">  </body>
</html>

