<!DOCTYPE html>
<html lang="en">
<head>
<title>#Y79Y:04 - Tabs in various contexts - YAML Test Matrix</title>
<meta charset='utf-8'>
<link rel="stylesheet" type="text/css" href="../css/yaml.css">
<link rel="stylesheet" type="text/css" href="../css/matrix.css">
<link rel="icon" type="image/x-icon" href="http://www.yaml.io/favicon.ico">
</head>
<body>

<h1><a href="../index.html"><tt># YAML Test Matrix</tt></a></h1>
<h2><tt>--- <a
href="https://github.com/yaml/yaml-test-suite/blob/master/src/Y79Y.yaml">&test-Y79Y:04</a><br>
&nbsp;&nbsp;Title: Tabs in various contexts</br>
&nbsp;&nbsp;Tags: [ whitespace ]</tt></h2>

<div class="framework" id="yaml"><h3><a href="#yaml">YAML</a></h3><pre>-	-
</pre></div>
<div class="framework" id="events"><h3><a href="#events">Expected Events</a></h3><pre>+STR
+DOC
=VAL :-\t-
-DOC
-STR
</pre></div>
<div class="framework" id="json"><h3><a href="#json">Expected JSON</a></h3>
<pre>[<br>  [<br>    &quot;foo&quot;<br>  ]<br>]<br></pre>
</div>
<hr style="clear: both;">
   <div class="framework framework_box_invalid_incorrect" id="c-libfyaml-event">
<h3><a href="#c-libfyaml-event">c-libfyaml-event</a></h3>
<span class="status_box color_invalid_incorrect">&nbsp;</span>invalid_incorrect <pre>+STR
+DOC
+SEQ
+SEQ
=VAL :
-SEQ
-SEQ
-DOC
-STR
</pre>
 </div>


  <div class="framework framework_box_invalid_incorrect" id="c-libfyaml-json">
<h3><a href="#c-libfyaml-json">c-libfyaml-json</a></h3>
<span class="status_box color_invalid_incorrect">&nbsp;</span>invalid_incorrect <pre>[
  [
    null
  ]
]
</pre>
 </div>


  <div class="framework framework_box_invalid_incorrect" id="dotnet-yamldotnet-event">
<h3><a href="#dotnet-yamldotnet-event">dotnet-yamldotnet-event</a></h3>
<span class="status_box color_invalid_incorrect">&nbsp;</span>invalid_incorrect <pre>+STR
+DOC
+SEQ
+SEQ
=VAL :
-SEQ
-SEQ
-DOC
-STR
</pre>
 </div>


  <div class="framework framework_box_invalid_incorrect" id="dotnet-yamldotnet-json">
<h3><a href="#dotnet-yamldotnet-json">dotnet-yamldotnet-json</a></h3>
<span class="status_box color_invalid_incorrect">&nbsp;</span>invalid_incorrect <pre>[[null]]
</pre>
 </div>


  <div class="framework framework_box_invalid_incorrect" id="hs-reference-yeast">
<h3><a href="#hs-reference-yeast">hs-reference-yeast</a></h3>
<span class="status_box color_invalid_incorrect">&nbsp;</span>invalid_incorrect <pre>Line  Col Char Byte Token|Content
   1    0    0    0 +DOC |
   1    0    0    0 +NODE|
   1    0    0    0 +SEQ |
   1    0    0    0 =SYNX|-
   1    1    1    1 +NODE|
   1    1    1    1 +VAL |
   1    1    1    1 -VAL |
   1    1    1    1 -NODE|
   1    1    1    1 =REST|\x09-
   1    3    3    3 =REST|\x0a
   2    0    4    4 -SEQ |
   2    0    4    4 -NODE|
   2    0    4    4 -DOC |
</pre>
 </div>


  <div class="framework framework_box_invalid_incorrect" id="js-yaml-event">
<h3><a href="#js-yaml-event">js-yaml-event</a></h3>
<span class="status_box color_invalid_incorrect">&nbsp;</span>invalid_incorrect <pre>+STR
+DOC
+SEQ
+SEQ
=VAL :
-SEQ
-SEQ
-DOC
-STR
</pre>
 </div>


  <div class="framework framework_box_invalid_incorrect" id="js-yaml-json">
<h3><a href="#js-yaml-json">js-yaml-json</a></h3>
<span class="status_box color_invalid_incorrect">&nbsp;</span>invalid_incorrect <pre>[
  [
    null
  ]
]
</pre>
 </div>


  <div class="framework framework_box_invalid_incorrect" id="nim-nimyaml-event">
<h3><a href="#nim-nimyaml-event">nim-nimyaml-event</a></h3>
<span class="status_box color_invalid_incorrect">&nbsp;</span>invalid_incorrect <pre>+STR
+DOC
+SEQ
+SEQ
=VAL :
-SEQ
-SEQ
-DOC
-STR
</pre>
 </div>


  <div class="framework framework_box_invalid_incorrect" id="perl-syck-json">
<h3><a href="#perl-syck-json">perl-syck-json</a></h3>
<span class="status_box color_invalid_incorrect">&nbsp;</span>invalid_incorrect <pre>&quot;-\t-&quot;
</pre>
 </div>


  <div class="framework framework_box_invalid_incorrect" id="perl-syck-perl">
<h3><a href="#perl-syck-perl">perl-syck-perl</a></h3>
<span class="status_box color_invalid_incorrect">&nbsp;</span>invalid_incorrect <pre>&#39;-	-&#39;
</pre>
 </div>


 <hr style="clear: both;">    <div class="framework framework_box_invalid_correct" id="c-libyaml-event">
<h3><a href="#c-libyaml-event">c-libyaml-event</a></h3>
<span class="status_box color_invalid_correct">&nbsp;</span>invalid_correct <pre>Parse error: found character that cannot start any token
+STR
+DOC
+SEQ
</pre>
 </div>


  <div class="framework framework_box_invalid_correct" id="cpp-yamlcpp-event">
<h3><a href="#cpp-yamlcpp-event">cpp-yamlcpp-event</a></h3>
<span class="status_box color_invalid_correct">&nbsp;</span>invalid_correct <pre>Exception:
yaml-cpp: error at line 1, column 3: illegal block entry
+STR
+DOC
+SEQ
</pre>
 </div>


  <div class="framework framework_box_invalid_correct" id="go-yaml-json">
<h3><a href="#go-yaml-json">go-yaml-json</a></h3>
<span class="status_box color_invalid_correct">&nbsp;</span>invalid_correct <pre>yaml: found character that cannot start any token
</pre>
 </div>


  <div class="framework framework_box_invalid_correct" id="hs-hsyaml-event">
<h3><a href="#hs-hsyaml-event">hs-hsyaml-event</a></h3>
<span class="status_box color_invalid_correct">&nbsp;</span>invalid_correct <pre>Parsing error near byte offset Pos {posByteOffset = 1, posCharOffset = 1, posLine = 1, posColumn = 1} (Lexical error near &quot;\t-&quot;)
+STR
+DOC
+SEQ
=VAL :
</pre>
 </div>


  <div class="framework framework_box_invalid_correct" id="hs-hsyaml-json">
<h3><a href="#hs-hsyaml-json">hs-hsyaml-json</a></h3>
<span class="status_box color_invalid_correct">&nbsp;</span>invalid_correct <pre>hsyaml-parser: user error (Lexical error near &quot;\t-&quot;)
</pre>
 </div>


  <div class="framework framework_box_invalid_correct" id="java-snakeyaml-event">
<h3><a href="#java-snakeyaml-event">java-snakeyaml-event</a></h3>
<span class="status_box color_invalid_correct">&nbsp;</span>invalid_correct <pre>Exception in thread &quot;main&quot; while scanning for the next token
found character &#39;\t(TAB)&#39; that cannot start any token. (Do not use \t(TAB) for indentation)
 in &#39;reader&#39;, line 1, column 2:
    -	-
     ^

	at org.yaml.snakeyaml.scanner.ScannerImpl.fetchMoreTokens(ScannerImpl.java:439)
	at org.yaml.snakeyaml.scanner.ScannerImpl.checkToken(ScannerImpl.java:248)
	at org.yaml.snakeyaml.parser.ParserImpl$ParseBlockSequenceEntryValue.produce(ParserImpl.java:569)
	at org.yaml.snakeyaml.parser.ParserImpl$ParseBlockSequenceEntryKey.produce(ParserImpl.java:545)
	at org.yaml.snakeyaml.parser.ParserImpl$ParseBlockSequenceFirstEntry.produce(ParserImpl.java:534)
	at org.yaml.snakeyaml.parser.ParserImpl.peekEvent(ParserImpl.java:165)
	at org.yaml.snakeyaml.Yaml$3.hasNext(Yaml.java:677)
	at org.yaml.editor.Snake2Events.yamlToEvents(Snake2Events.java:111)
	at org.yaml.editor.Snake2Events.main(Snake2Events.java:119)
</pre>
 </div>


  <div class="framework framework_box_invalid_correct" id="java-snakeyaml-json">
<h3><a href="#java-snakeyaml-json">java-snakeyaml-json</a></h3>
<span class="status_box color_invalid_correct">&nbsp;</span>invalid_correct <pre>Exception in thread &quot;main&quot; while scanning for the next token
found character &#39;\t(TAB)&#39; that cannot start any token. (Do not use \t(TAB) for indentation)
 in &#39;reader&#39;, line 1, column 2:
    -	-
     ^

	at org.yaml.snakeyaml.scanner.ScannerImpl.fetchMoreTokens(ScannerImpl.java:439)
	at org.yaml.snakeyaml.scanner.ScannerImpl.checkToken(ScannerImpl.java:248)
	at org.yaml.snakeyaml.parser.ParserImpl$ParseBlockSequenceEntryValue.produce(ParserImpl.java:569)
	at org.yaml.snakeyaml.parser.ParserImpl$ParseBlockSequenceEntryKey.produce(ParserImpl.java:545)
	at org.yaml.snakeyaml.parser.ParserImpl$ParseBlockSequenceFirstEntry.produce(ParserImpl.java:534)
	at org.yaml.snakeyaml.parser.ParserImpl.peekEvent(ParserImpl.java:165)
	at org.yaml.snakeyaml.parser.ParserImpl.checkEvent(ParserImpl.java:155)
	at org.yaml.snakeyaml.composer.Composer.composeSequenceNode(Composer.java:240)
	at org.yaml.snakeyaml.composer.Composer.composeNode(Composer.java:186)
	at org.yaml.snakeyaml.composer.Composer.getNode(Composer.java:115)
	at org.yaml.snakeyaml.constructor.BaseConstructor.getData(BaseConstructor.java:135)
	at org.yaml.snakeyaml.Yaml$1.next(Yaml.java:514)
	at org.yaml.editor.Snake2Json.yamlToJson(Snake2Json.java:18)
	at org.yaml.editor.Snake2Json.main(Snake2Json.java:25)
</pre>
 </div>


  <div class="framework framework_box_invalid_correct" id="js-jsyaml-json">
<h3><a href="#js-jsyaml-json">js-jsyaml-json</a></h3>
<span class="status_box color_invalid_correct">&nbsp;</span>invalid_correct <pre>
/node/node_modules/js-yaml/lib/loader.js:187
  throw generateError(state, message);
  ^
YAMLException: bad indentation of a sequence entry (1:3)

 1 | -â†’-
-------^
    at generateError (/node/node_modules/js-yaml/lib/loader.js:183:10)
    at throwError (/node/node_modules/js-yaml/lib/loader.js:187:9)
    at readBlockSequence (/node/node_modules/js-yaml/lib/loader.js:1015:7)
    at composeNode (/node/node_modules/js-yaml/lib/loader.js:1440:12)
    at readDocument (/node/node_modules/js-yaml/lib/loader.js:1625:3)
    at loadDocuments (/node/node_modules/js-yaml/lib/loader.js:1688:5)
    at Object.loadAll (/node/node_modules/js-yaml/lib/loader.js:1701:19)
    at Object.&lt;anonymous&gt; (/yaml/bin/js-jsyaml-json:7:13)
    at Module._compile (internal/modules/cjs/loader.js:778:30)
    at Object.Module._extensions..js (internal/modules/cjs/loader.js:789:10)
</pre>
 </div>


  <div class="framework framework_box_invalid_correct" id="lua-lyaml-json">
<h3><a href="#lua-lyaml-json">lua-lyaml-json</a></h3>
<span class="status_box color_invalid_correct">&nbsp;</span>invalid_correct <pre>luajit: 1:1: found character that cannot start any token
stack traceback:
	[C]: in function &#39;error&#39;
	/usr/local/share/lua/5.1/lyaml/init.lua:306: in function &#39;error&#39;
	/usr/local/share/lua/5.1/lyaml/init.lua:325: in function &#39;parse&#39;
	/usr/local/share/lua/5.1/lyaml/init.lua:443: in function &#39;load_node&#39;
	/usr/local/share/lua/5.1/lyaml/init.lua:393: in function &#39;load_node&#39;
	/usr/local/share/lua/5.1/lyaml/init.lua:497: in function &#39;load&#39;
	/yaml/bin/lua-lyaml-json:6: in main chunk
	[C]: at 0x560e804dcf97
</pre>
 </div>


  <div class="framework framework_box_invalid_correct" id="perl-pp-event">
<h3><a href="#perl-pp-event">perl-pp-event</a></h3>
<span class="status_box color_invalid_correct">&nbsp;</span>invalid_correct <pre>Line      : 1
Column    : 3
Message   : Tabs can not be used for indentation
Where     : /perl5/lib/perl5/YAML/PP/Lexer.pm line 287
YAML      : &quot;&quot;
  at /yaml/bin/perl-pp-event line 25.
+STR
</pre>
 </div>


  <div class="framework framework_box_invalid_correct" id="perl-pp-json">
<h3><a href="#perl-pp-json">perl-pp-json</a></h3>
<span class="status_box color_invalid_correct">&nbsp;</span>invalid_correct <pre>Line      : 1
Column    : 3
Message   : Tabs can not be used for indentation
Where     : /perl5/lib/perl5/YAML/PP/Lexer.pm line 287
YAML      : &quot;&quot;
  at /perl5/lib/perl5/YAML/PP/Loader.pm line 94.
</pre>
 </div>


  <div class="framework framework_box_invalid_correct" id="perl-pp-perl">
<h3><a href="#perl-pp-perl">perl-pp-perl</a></h3>
<span class="status_box color_invalid_correct">&nbsp;</span>invalid_correct <pre>Line      : 1
Column    : 3
Message   : Tabs can not be used for indentation
Where     : /perl5/lib/perl5/YAML/PP/Lexer.pm line 287
YAML      : &quot;&quot;
  at /perl5/lib/perl5/YAML/PP/Loader.pm line 94.
</pre>
 </div>


  <div class="framework framework_box_invalid_correct" id="perl-pplibyaml-json">
<h3><a href="#perl-pplibyaml-json">perl-pplibyaml-json</a></h3>
<span class="status_box color_invalid_correct">&nbsp;</span>invalid_correct <pre>YAML::PP::LibYAML Error: The problem:

    found character that cannot start any token

was found at , line: 1, column: 2
while scanning for the next token at line: 1, column: 2
</pre>
 </div>


  <div class="framework framework_box_invalid_correct" id="perl-pplibyaml-perl">
<h3><a href="#perl-pplibyaml-perl">perl-pplibyaml-perl</a></h3>
<span class="status_box color_invalid_correct">&nbsp;</span>invalid_correct <pre>YAML::PP::LibYAML Error: The problem:

    found character that cannot start any token

was found at , line: 1, column: 2
while scanning for the next token at line: 1, column: 2
</pre>
 </div>


  <div class="framework framework_box_invalid_correct" id="perl-refparser-event">
<h3><a href="#perl-refparser-event">perl-refparser-event</a></h3>
<span class="status_box color_invalid_correct">&nbsp;</span>invalid_correct <pre>Parser finished before end of input at /perl5/lib/perl5/YAML/Parser.pm line 4056, &lt;&gt; line 1.
</pre>
 </div>


  <div class="framework framework_box_invalid_correct" id="perl-tiny-json">
<h3><a href="#perl-tiny-json">perl-tiny-json</a></h3>
<span class="status_box color_invalid_correct">&nbsp;</span>invalid_correct <pre>YAML::Tiny found illegal characters in plain scalar: &#39;-&#39; at /yaml/bin/perl-tiny-json line 12.
</pre>
 </div>


  <div class="framework framework_box_invalid_correct" id="perl-tiny-perl">
<h3><a href="#perl-tiny-perl">perl-tiny-perl</a></h3>
<span class="status_box color_invalid_correct">&nbsp;</span>invalid_correct <pre>YAML::Tiny found illegal characters in plain scalar: &#39;-&#39; at /yaml/bin/perl-tiny-perl line 15.
</pre>
 </div>


  <div class="framework framework_box_invalid_correct" id="perl-xs-json">
<h3><a href="#perl-xs-json">perl-xs-json</a></h3>
<span class="status_box color_invalid_correct">&nbsp;</span>invalid_correct <pre>YAML::XS::Load Error: The problem:

    found character that cannot start any token

was found at document: 1, line: 1, column: 2
while scanning for the next token at line: 1, column: 2
</pre>
 </div>


  <div class="framework framework_box_invalid_correct" id="perl-xs-perl">
<h3><a href="#perl-xs-perl">perl-xs-perl</a></h3>
<span class="status_box color_invalid_correct">&nbsp;</span>invalid_correct <pre>YAML::XS::Load Error: The problem:

    found character that cannot start any token

was found at document: 1, line: 1, column: 2
while scanning for the next token at line: 1, column: 2
</pre>
 </div>


  <div class="framework framework_box_invalid_correct" id="perl-yaml-json">
<h3><a href="#perl-yaml-json">perl-yaml-json</a></h3>
<span class="status_box color_invalid_correct">&nbsp;</span>invalid_correct <pre>YAML Error: Expected separator &#39;---&#39;
   Code: YAML_PARSE_ERR_NO_SEPARATOR
   Line: 1
   Document: 2
 at /perl5/lib/perl5/YAML/Loader.pm line 88.
</pre>
 </div>


  <div class="framework framework_box_invalid_correct" id="perl-yaml-perl">
<h3><a href="#perl-yaml-perl">perl-yaml-perl</a></h3>
<span class="status_box color_invalid_correct">&nbsp;</span>invalid_correct <pre>YAML Error: Expected separator &#39;---&#39;
   Code: YAML_PARSE_ERR_NO_SEPARATOR
   Line: 1
   Document: 2
 at /perl5/lib/perl5/YAML/Loader.pm line 88.
</pre>
 </div>


  <div class="framework framework_box_invalid_correct" id="py-pyyaml-event">
<h3><a href="#py-pyyaml-event">py-pyyaml-event</a></h3>
<span class="status_box color_invalid_correct">&nbsp;</span>invalid_correct <pre>Traceback (most recent call last):
  File &quot;/yaml/bin/py-pyyaml-event&quot;, line 7, in &lt;module&gt;
    for event in yaml.parse(sys.stdin.read()):
  File &quot;/python/lib/python3.7/site-packages/yaml/__init__.py&quot;, line 75, in parse
    while loader.check_event():
  File &quot;/python/lib/python3.7/site-packages/yaml/parser.py&quot;, line 98, in check_event
    self.current_event = self.state()
  File &quot;/python/lib/python3.7/site-packages/yaml/parser.py&quot;, line 379, in parse_block_sequence_first_entry
    return self.parse_block_sequence_entry()
  File &quot;/python/lib/python3.7/site-packages/yaml/parser.py&quot;, line 384, in parse_block_sequence_entry
    if not self.check_token(BlockEntryToken, BlockEndToken):
  File &quot;/python/lib/python3.7/site-packages/yaml/scanner.py&quot;, line 116, in check_token
    self.fetch_more_tokens()
  File &quot;/python/lib/python3.7/site-packages/yaml/scanner.py&quot;, line 260, in fetch_more_tokens
    self.get_mark())
yaml.scanner.ScannerError: while scanning for the next token
found character &#39;\t&#39; that cannot start any token
  in &quot;&lt;unicode string&gt;&quot;, line 1, column 2:
    -	-
     ^
+STR
+DOC
+SEQ
</pre>
 </div>


  <div class="framework framework_box_invalid_correct" id="py-pyyaml-json">
<h3><a href="#py-pyyaml-json">py-pyyaml-json</a></h3>
<span class="status_box color_invalid_correct">&nbsp;</span>invalid_correct <pre>Traceback (most recent call last):
  File &quot;/yaml/bin/py-pyyaml-json&quot;, line 19, in &lt;module&gt;
    for doc in yaml.load_all(sys.stdin.read(), Loader=yaml.FullLoader):
  File &quot;/python/lib/python3.7/site-packages/yaml/__init__.py&quot;, line 130, in load_all
    yield loader.get_data()
  File &quot;/python/lib/python3.7/site-packages/yaml/constructor.py&quot;, line 45, in get_data
    return self.construct_document(self.get_node())
  File &quot;/python/lib/python3.7/site-packages/yaml/composer.py&quot;, line 27, in get_node
    return self.compose_document()
  File &quot;/python/lib/python3.7/site-packages/yaml/composer.py&quot;, line 55, in compose_document
    node = self.compose_node(None, None)
  File &quot;/python/lib/python3.7/site-packages/yaml/composer.py&quot;, line 82, in compose_node
    node = self.compose_sequence_node(anchor)
  File &quot;/python/lib/python3.7/site-packages/yaml/composer.py&quot;, line 110, in compose_sequence_node
    while not self.check_event(SequenceEndEvent):
  File &quot;/python/lib/python3.7/site-packages/yaml/parser.py&quot;, line 98, in check_event
    self.current_event = self.state()
  File &quot;/python/lib/python3.7/site-packages/yaml/parser.py&quot;, line 379, in parse_block_sequence_first_entry
    return self.parse_block_sequence_entry()
  File &quot;/python/lib/python3.7/site-packages/yaml/parser.py&quot;, line 384, in parse_block_sequence_entry
    if not self.check_token(BlockEntryToken, BlockEndToken):
  File &quot;/python/lib/python3.7/site-packages/yaml/scanner.py&quot;, line 116, in check_token
    self.fetch_more_tokens()
  File &quot;/python/lib/python3.7/site-packages/yaml/scanner.py&quot;, line 260, in fetch_more_tokens
    self.get_mark())
yaml.scanner.ScannerError: while scanning for the next token
found character &#39;\t&#39; that cannot start any token
  in &quot;&lt;unicode string&gt;&quot;, line 1, column 2:
    -	-
     ^
</pre>
 </div>


  <div class="framework framework_box_invalid_correct" id="py-pyyaml-py">
<h3><a href="#py-pyyaml-py">py-pyyaml-py</a></h3>
<span class="status_box color_invalid_correct">&nbsp;</span>invalid_correct <pre>Traceback (most recent call last):
  File &quot;/yaml/bin/py-pyyaml-py&quot;, line 36, in &lt;module&gt;
    for doc in yaml.load_all(sys.stdin.read(), Loader=yaml.FullLoader):
  File &quot;/python/lib/python3.7/site-packages/yaml/__init__.py&quot;, line 130, in load_all
    yield loader.get_data()
  File &quot;/python/lib/python3.7/site-packages/yaml/constructor.py&quot;, line 45, in get_data
    return self.construct_document(self.get_node())
  File &quot;/python/lib/python3.7/site-packages/yaml/composer.py&quot;, line 27, in get_node
    return self.compose_document()
  File &quot;/python/lib/python3.7/site-packages/yaml/composer.py&quot;, line 55, in compose_document
    node = self.compose_node(None, None)
  File &quot;/python/lib/python3.7/site-packages/yaml/composer.py&quot;, line 82, in compose_node
    node = self.compose_sequence_node(anchor)
  File &quot;/python/lib/python3.7/site-packages/yaml/composer.py&quot;, line 110, in compose_sequence_node
    while not self.check_event(SequenceEndEvent):
  File &quot;/python/lib/python3.7/site-packages/yaml/parser.py&quot;, line 98, in check_event
    self.current_event = self.state()
  File &quot;/python/lib/python3.7/site-packages/yaml/parser.py&quot;, line 379, in parse_block_sequence_first_entry
    return self.parse_block_sequence_entry()
  File &quot;/python/lib/python3.7/site-packages/yaml/parser.py&quot;, line 384, in parse_block_sequence_entry
    if not self.check_token(BlockEntryToken, BlockEndToken):
  File &quot;/python/lib/python3.7/site-packages/yaml/scanner.py&quot;, line 116, in check_token
    self.fetch_more_tokens()
  File &quot;/python/lib/python3.7/site-packages/yaml/scanner.py&quot;, line 260, in fetch_more_tokens
    self.get_mark())
yaml.scanner.ScannerError: while scanning for the next token
found character &#39;\t&#39; that cannot start any token
  in &quot;&lt;unicode string&gt;&quot;, line 1, column 2:
    -	-
     ^
</pre>
 </div>


  <div class="framework framework_box_invalid_correct" id="py-ruamel-event">
<h3><a href="#py-ruamel-event">py-ruamel-event</a></h3>
<span class="status_box color_invalid_correct">&nbsp;</span>invalid_correct <pre>Traceback (most recent call last):
  File &quot;/yaml/bin/py-ruamel-event&quot;, line 7, in &lt;module&gt;
    for event in ruamel.yaml.parse(sys.stdin.read()):
  File &quot;/python/lib/python3.7/site-packages/ruamel/yaml/main.py&quot;, line 907, in parse
    while loader._parser.check_event():
  File &quot;/python/lib/python3.7/site-packages/ruamel/yaml/parser.py&quot;, line 140, in check_event
    self.current_event = self.state()
  File &quot;/python/lib/python3.7/site-packages/ruamel/yaml/parser.py&quot;, line 506, in parse_block_sequence_first_entry
    return self.parse_block_sequence_entry()
  File &quot;/python/lib/python3.7/site-packages/ruamel/yaml/parser.py&quot;, line 512, in parse_block_sequence_entry
    token.move_comment(self.scanner.peek_token())
  File &quot;/python/lib/python3.7/site-packages/ruamel/yaml/scanner.py&quot;, line 183, in peek_token
    self.fetch_more_tokens()
  File &quot;/python/lib/python3.7/site-packages/ruamel/yaml/scanner.py&quot;, line 322, in fetch_more_tokens
    self.reader.get_mark(),
ruamel.yaml.scanner.ScannerError: while scanning for the next token
found character &#39;\t&#39; that cannot start any token
  in &quot;&lt;unicode string&gt;&quot;, line 1, column 2:
    -	-
     ^ (line: 1)
+STR
+DOC
+SEQ
</pre>
 </div>


  <div class="framework framework_box_invalid_correct" id="py-ruamel-json">
<h3><a href="#py-ruamel-json">py-ruamel-json</a></h3>
<span class="status_box color_invalid_correct">&nbsp;</span>invalid_correct <pre>Traceback (most recent call last):
  File &quot;/yaml/bin/py-ruamel-json&quot;, line 19, in &lt;module&gt;
    for doc in ruamel.yaml.load_all(sys.stdin.read(), Loader=ruamel.yaml.Loader):
  File &quot;/python/lib/python3.7/site-packages/ruamel/yaml/main.py&quot;, line 976, in load_all
    yield loader._constructor.get_data()
  File &quot;/python/lib/python3.7/site-packages/ruamel/yaml/constructor.py&quot;, line 106, in get_data
    return self.construct_document(self.composer.get_node())
  File &quot;/python/lib/python3.7/site-packages/ruamel/yaml/composer.py&quot;, line 68, in get_node
    return self.compose_document()
  File &quot;/python/lib/python3.7/site-packages/ruamel/yaml/composer.py&quot;, line 101, in compose_document
    node = self.compose_node(None, None)
  File &quot;/python/lib/python3.7/site-packages/ruamel/yaml/composer.py&quot;, line 136, in compose_node
    node = self.compose_sequence_node(anchor)
  File &quot;/python/lib/python3.7/site-packages/ruamel/yaml/composer.py&quot;, line 179, in compose_sequence_node
    while not self.parser.check_event(SequenceEndEvent):
  File &quot;/python/lib/python3.7/site-packages/ruamel/yaml/parser.py&quot;, line 140, in check_event
    self.current_event = self.state()
  File &quot;/python/lib/python3.7/site-packages/ruamel/yaml/parser.py&quot;, line 506, in parse_block_sequence_first_entry
    return self.parse_block_sequence_entry()
  File &quot;/python/lib/python3.7/site-packages/ruamel/yaml/parser.py&quot;, line 512, in parse_block_sequence_entry
    token.move_comment(self.scanner.peek_token())
  File &quot;/python/lib/python3.7/site-packages/ruamel/yaml/scanner.py&quot;, line 183, in peek_token
    self.fetch_more_tokens()
  File &quot;/python/lib/python3.7/site-packages/ruamel/yaml/scanner.py&quot;, line 322, in fetch_more_tokens
    self.reader.get_mark(),
ruamel.yaml.scanner.ScannerError: while scanning for the next token
found character &#39;\t&#39; that cannot start any token
  in &quot;&lt;unicode string&gt;&quot;, line 1, column 2:
    -	-
     ^ (line: 1)
</pre>
 </div>


  <div class="framework framework_box_invalid_correct" id="py-ruamel-py">
<h3><a href="#py-ruamel-py">py-ruamel-py</a></h3>
<span class="status_box color_invalid_correct">&nbsp;</span>invalid_correct <pre>Traceback (most recent call last):
  File &quot;/yaml/bin/py-ruamel-py&quot;, line 36, in &lt;module&gt;
    for doc in ruamel.yaml.load_all(sys.stdin.read(), Loader=ruamel.yaml.Loader):
  File &quot;/python/lib/python3.7/site-packages/ruamel/yaml/main.py&quot;, line 976, in load_all
    yield loader._constructor.get_data()
  File &quot;/python/lib/python3.7/site-packages/ruamel/yaml/constructor.py&quot;, line 106, in get_data
    return self.construct_document(self.composer.get_node())
  File &quot;/python/lib/python3.7/site-packages/ruamel/yaml/composer.py&quot;, line 68, in get_node
    return self.compose_document()
  File &quot;/python/lib/python3.7/site-packages/ruamel/yaml/composer.py&quot;, line 101, in compose_document
    node = self.compose_node(None, None)
  File &quot;/python/lib/python3.7/site-packages/ruamel/yaml/composer.py&quot;, line 136, in compose_node
    node = self.compose_sequence_node(anchor)
  File &quot;/python/lib/python3.7/site-packages/ruamel/yaml/composer.py&quot;, line 179, in compose_sequence_node
    while not self.parser.check_event(SequenceEndEvent):
  File &quot;/python/lib/python3.7/site-packages/ruamel/yaml/parser.py&quot;, line 140, in check_event
    self.current_event = self.state()
  File &quot;/python/lib/python3.7/site-packages/ruamel/yaml/parser.py&quot;, line 506, in parse_block_sequence_first_entry
    return self.parse_block_sequence_entry()
  File &quot;/python/lib/python3.7/site-packages/ruamel/yaml/parser.py&quot;, line 512, in parse_block_sequence_entry
    token.move_comment(self.scanner.peek_token())
  File &quot;/python/lib/python3.7/site-packages/ruamel/yaml/scanner.py&quot;, line 183, in peek_token
    self.fetch_more_tokens()
  File &quot;/python/lib/python3.7/site-packages/ruamel/yaml/scanner.py&quot;, line 322, in fetch_more_tokens
    self.reader.get_mark(),
ruamel.yaml.scanner.ScannerError: while scanning for the next token
found character &#39;\t&#39; that cannot start any token
  in &quot;&lt;unicode string&gt;&quot;, line 1, column 2:
    -	-
     ^ (line: 1)
</pre>
 </div>


  <div class="framework framework_box_invalid_correct" id="raku-yamlish-json">
<h3><a href="#raku-yamlish-json">raku-yamlish-json</a></h3>
<span class="status_box color_invalid_correct">&nbsp;</span>invalid_correct <pre>Couldn&#39;t parse YAML
  in sub load-yamls at /raku/sources/44795C7AB0F35700F4CA9C3E2CC5C924EE4C608F (YAMLish) line 959
  in block &lt;unit&gt; at /yaml/bin/raku-yamlish-json line 6
</pre>
 </div>


  <div class="framework framework_box_invalid_correct" id="raku-yamlish-raku">
<h3><a href="#raku-yamlish-raku">raku-yamlish-raku</a></h3>
<span class="status_box color_invalid_correct">&nbsp;</span>invalid_correct <pre>Couldn&#39;t parse YAML
  in sub load-yamls at /raku/sources/44795C7AB0F35700F4CA9C3E2CC5C924EE4C608F (YAMLish) line 959
  in block &lt;unit&gt; at /yaml/bin/raku-yamlish-raku line 6
</pre>
 </div>


  <div class="framework framework_box_invalid_correct" id="ruby-psych-json">
<h3><a href="#ruby-psych-json">ruby-psych-json</a></h3>
<span class="status_box color_invalid_correct">&nbsp;</span>invalid_correct <pre>/ruby/gems/psych/lib/psych.rb:459:in `parse&#39;: (&lt;unknown&gt;): found character that cannot start any token while scanning for the next token at line 1 column 2 (Psych::SyntaxError)
	from /ruby/gems/psych/lib/psych.rb:459:in `parse_stream&#39;
	from /ruby/gems/psych/lib/psych.rb:565:in `load_stream&#39;
	from /yaml/bin/ruby-psych-json:6:in `&lt;main&gt;&#39;
</pre>
 </div>


 <hr style="clear: both;">  </body>
</html>

